{"C:\\projects\\latsar\\semakin-6502\\web\\test-file-stub.js": {"path":"C:\\projects\\latsar\\semakin-6502\\web\\test-file-stub.js","statementMap":{},"fnMap":{},"branchMap":{},"s":{},"f":{},"b":{},"_coverageSchema":"1a1c01bbd47fc00a2c39e90264f33305004495a9","hash":"7b33194427c2863ddc525a446a8b5c5c6cca6bd8"}
,"C:\\projects\\latsar\\semakin-6502\\web\\src\\components\\ErrorBoundary.jsx": {"path":"C:\\projects\\latsar\\semakin-6502\\web\\src\\components\\ErrorBoundary.jsx","statementMap":{"0":{"start":{"line":6,"column":4},"end":{"line":6,"column":17}},"1":{"start":{"line":7,"column":4},"end":{"line":7,"column":37}},"2":{"start":{"line":11,"column":4},"end":{"line":11,"column":30}},"3":{"start":{"line":15,"column":4},"end":{"line":15,"column":50}},"4":{"start":{"line":18,"column":17},"end":{"line":20,"column":3}},"5":{"start":{"line":19,"column":4},"end":{"line":19,"column":29}},"6":{"start":{"line":23,"column":4},"end":{"line":50,"column":5}},"7":{"start":{"line":24,"column":6},"end":{"line":49,"column":8}},"8":{"start":{"line":52,"column":4},"end":{"line":52,"column":31}}},"fnMap":{"0":{"name":"(anonymous_0)","decl":{"start":{"line":5,"column":2},"end":{"line":5,"column":3}},"loc":{"start":{"line":5,"column":21},"end":{"line":8,"column":3}},"line":5},"1":{"name":"(anonymous_1)","decl":{"start":{"line":10,"column":2},"end":{"line":10,"column":3}},"loc":{"start":{"line":10,"column":36},"end":{"line":12,"column":3}},"line":10},"2":{"name":"(anonymous_2)","decl":{"start":{"line":14,"column":2},"end":{"line":14,"column":3}},"loc":{"start":{"line":14,"column":33},"end":{"line":16,"column":3}},"line":14},"3":{"name":"(anonymous_3)","decl":{"start":{"line":18,"column":17},"end":{"line":18,"column":18}},"loc":{"start":{"line":18,"column":23},"end":{"line":20,"column":3}},"line":18},"4":{"name":"(anonymous_4)","decl":{"start":{"line":22,"column":2},"end":{"line":22,"column":3}},"loc":{"start":{"line":22,"column":11},"end":{"line":53,"column":3}},"line":22}},"branchMap":{"0":{"loc":{"start":{"line":23,"column":4},"end":{"line":50,"column":5}},"type":"if","locations":[{"start":{"line":23,"column":4},"end":{"line":50,"column":5}},{"start":{},"end":{}}],"line":23}},"s":{"0":3,"1":3,"2":0,"3":0,"4":3,"5":0,"6":3,"7":0,"8":3},"f":{"0":3,"1":0,"2":0,"3":0,"4":3},"b":{"0":[0,3]},"_coverageSchema":"1a1c01bbd47fc00a2c39e90264f33305004495a9","hash":"a734f6763e0783a462e1b00e736d81a680026dac"}
,"C:\\projects\\latsar\\semakin-6502\\web\\src\\components\\ErrorBoundaryWrapper.jsx": {"path":"C:\\projects\\latsar\\semakin-6502\\web\\src\\components\\ErrorBoundaryWrapper.jsx","statementMap":{"0":{"start":{"line":6,"column":19},"end":{"line":6,"column":32}},"1":{"start":{"line":7,"column":34},"end":{"line":7,"column":45}},"2":{"start":{"line":10,"column":2},"end":{"line":12,"column":26}},"3":{"start":{"line":11,"column":4},"end":{"line":11,"column":36}},"4":{"start":{"line":11,"column":26},"end":{"line":11,"column":34}},"5":{"start":{"line":14,"column":2},"end":{"line":14,"column":66}}},"fnMap":{"0":{"name":"ErrorBoundaryWrapper","decl":{"start":{"line":5,"column":24},"end":{"line":5,"column":44}},"loc":{"start":{"line":5,"column":59},"end":{"line":15,"column":1}},"line":5},"1":{"name":"(anonymous_1)","decl":{"start":{"line":10,"column":12},"end":{"line":10,"column":13}},"loc":{"start":{"line":10,"column":18},"end":{"line":12,"column":3}},"line":10},"2":{"name":"(anonymous_2)","decl":{"start":{"line":11,"column":16},"end":{"line":11,"column":17}},"loc":{"start":{"line":11,"column":26},"end":{"line":11,"column":34}},"line":11}},"branchMap":{},"s":{"0":3,"1":3,"2":3,"3":1,"4":1,"5":3},"f":{"0":3,"1":1,"2":1},"b":{},"_coverageSchema":"1a1c01bbd47fc00a2c39e90264f33305004495a9","hash":"1ff3ab3db306dd9a07939bc36f6e7da410c0e19b"}
,"C:\\projects\\latsar\\semakin-6502\\web\\src\\components\\Loading.jsx": {"path":"C:\\projects\\latsar\\semakin-6502\\web\\src\\components\\Loading.jsx","statementMap":{"0":{"start":{"line":9,"column":4},"end":{"line":16,"column":10}},"1":{"start":{"line":19,"column":2},"end":{"line":25,"column":3}},"2":{"start":{"line":20,"column":4},"end":{"line":24,"column":6}},"3":{"start":{"line":27,"column":2},"end":{"line":27,"column":48}}},"fnMap":{"0":{"name":"Loading","decl":{"start":{"line":3,"column":24},"end":{"line":3,"column":31}},"loc":{"start":{"line":7,"column":3},"end":{"line":28,"column":1}},"line":7}},"branchMap":{"0":{"loc":{"start":{"line":4,"column":2},"end":{"line":4,"column":20}},"type":"default-arg","locations":[{"start":{"line":4,"column":15},"end":{"line":4,"column":20}}],"line":4},"1":{"loc":{"start":{"line":5,"column":2},"end":{"line":5,"column":40}},"type":"default-arg","locations":[{"start":{"line":5,"column":12},"end":{"line":5,"column":40}}],"line":5},"2":{"loc":{"start":{"line":6,"column":2},"end":{"line":6,"column":20}},"type":"default-arg","locations":[{"start":{"line":6,"column":9},"end":{"line":6,"column":20}}],"line":6},"3":{"loc":{"start":{"line":19,"column":2},"end":{"line":25,"column":3}},"type":"if","locations":[{"start":{"line":19,"column":2},"end":{"line":25,"column":3}},{"start":{},"end":{}}],"line":19}},"s":{"0":6,"1":6,"2":4,"3":2},"f":{"0":6},"b":{"0":[2],"1":[5],"2":[5],"3":[4,2]},"_coverageSchema":"1a1c01bbd47fc00a2c39e90264f33305004495a9","hash":"c508987ed50a623d81d407e2051a240eb89cce44"}
,"C:\\projects\\latsar\\semakin-6502\\web\\src\\components\\Pagination.jsx": {"path":"C:\\projects\\latsar\\semakin-6502\\web\\src\\components\\Pagination.jsx","statementMap":{"0":{"start":{"line":2,"column":19},"end":{"line":14,"column":3}},"1":{"start":{"line":3,"column":4},"end":{"line":5,"column":5}},"2":{"start":{"line":4,"column":6},"end":{"line":4,"column":65}},"3":{"start":{"line":4,"column":58},"end":{"line":4,"column":63}},"4":{"start":{"line":6,"column":18},"end":{"line":6,"column":21}},"5":{"start":{"line":7,"column":16},"end":{"line":7,"column":44}},"6":{"start":{"line":8,"column":14},"end":{"line":8,"column":55}},"7":{"start":{"line":9,"column":4},"end":{"line":9,"column":37}},"8":{"start":{"line":9,"column":19},"end":{"line":9,"column":37}},"9":{"start":{"line":10,"column":4},"end":{"line":10,"column":53}},"10":{"start":{"line":10,"column":17},"end":{"line":10,"column":22}},"11":{"start":{"line":10,"column":39},"end":{"line":10,"column":53}},"12":{"start":{"line":11,"column":4},"end":{"line":11,"column":48}},"13":{"start":{"line":11,"column":30},"end":{"line":11,"column":48}},"14":{"start":{"line":12,"column":4},"end":{"line":12,"column":27}},"15":{"start":{"line":13,"column":4},"end":{"line":13,"column":17}},"16":{"start":{"line":16,"column":16},"end":{"line":16,"column":26}},"17":{"start":{"line":18,"column":2},"end":{"line":68,"column":4}},"18":{"start":{"line":21,"column":23},"end":{"line":21,"column":65}},"19":{"start":{"line":33,"column":8},"end":{"line":53,"column":9}},"20":{"start":{"line":36,"column":27},"end":{"line":36,"column":42}},"21":{"start":{"line":57,"column":23},"end":{"line":57,"column":74}}},"fnMap":{"0":{"name":"Pagination","decl":{"start":{"line":1,"column":24},"end":{"line":1,"column":34}},"loc":{"start":{"line":1,"column":78},"end":{"line":69,"column":1}},"line":1},"1":{"name":"(anonymous_1)","decl":{"start":{"line":2,"column":19},"end":{"line":2,"column":20}},"loc":{"start":{"line":2,"column":25},"end":{"line":14,"column":3}},"line":2},"2":{"name":"(anonymous_2)","decl":{"start":{"line":4,"column":48},"end":{"line":4,"column":49}},"loc":{"start":{"line":4,"column":58},"end":{"line":4,"column":63}},"line":4},"3":{"name":"(anonymous_3)","decl":{"start":{"line":21,"column":17},"end":{"line":21,"column":18}},"loc":{"start":{"line":21,"column":23},"end":{"line":21,"column":65}},"line":21},"4":{"name":"(anonymous_4)","decl":{"start":{"line":32,"column":17},"end":{"line":32,"column":18}},"loc":{"start":{"line":33,"column":8},"end":{"line":53,"column":9}},"line":33},"5":{"name":"(anonymous_5)","decl":{"start":{"line":36,"column":21},"end":{"line":36,"column":22}},"loc":{"start":{"line":36,"column":27},"end":{"line":36,"column":42}},"line":36},"6":{"name":"(anonymous_6)","decl":{"start":{"line":57,"column":17},"end":{"line":57,"column":18}},"loc":{"start":{"line":57,"column":23},"end":{"line":57,"column":74}},"line":57}},"branchMap":{"0":{"loc":{"start":{"line":3,"column":4},"end":{"line":5,"column":5}},"type":"if","locations":[{"start":{"line":3,"column":4},"end":{"line":5,"column":5}},{"start":{},"end":{}}],"line":3},"1":{"loc":{"start":{"line":9,"column":4},"end":{"line":9,"column":37}},"type":"if","locations":[{"start":{"line":9,"column":4},"end":{"line":9,"column":37}},{"start":{},"end":{}}],"line":9},"2":{"loc":{"start":{"line":11,"column":4},"end":{"line":11,"column":48}},"type":"if","locations":[{"start":{"line":11,"column":4},"end":{"line":11,"column":48}},{"start":{},"end":{}}],"line":11},"3":{"loc":{"start":{"line":33,"column":8},"end":{"line":53,"column":9}},"type":"cond-expr","locations":[{"start":{"line":34,"column":10},"end":{"line":48,"column":19}},{"start":{"line":50,"column":10},"end":{"line":52,"column":17}}],"line":33},"4":{"loc":{"start":{"line":39,"column":16},"end":{"line":41,"column":168}},"type":"cond-expr","locations":[{"start":{"line":40,"column":20},"end":{"line":40,"column":61}},{"start":{"line":41,"column":20},"end":{"line":41,"column":168}}],"line":39},"5":{"loc":{"start":{"line":45,"column":26},"end":{"line":45,"column":64}},"type":"cond-expr","locations":[{"start":{"line":45,"column":46},"end":{"line":45,"column":52}},{"start":{"line":45,"column":55},"end":{"line":45,"column":64}}],"line":45}},"s":{"0":0,"1":0,"2":0,"3":0,"4":0,"5":0,"6":0,"7":0,"8":0,"9":0,"10":0,"11":0,"12":0,"13":0,"14":0,"15":0,"16":0,"17":0,"18":0,"19":0,"20":0,"21":0},"f":{"0":0,"1":0,"2":0,"3":0,"4":0,"5":0,"6":0},"b":{"0":[0,0],"1":[0,0],"2":[0,0],"3":[0,0],"4":[0,0],"5":[0,0]},"_coverageSchema":"1a1c01bbd47fc00a2c39e90264f33305004495a9","hash":"17461f8be9b7e894918544fa55aa6757200074c6"}
,"C:\\projects\\latsar\\semakin-6502\\web\\src\\components\\SearchInput.jsx": {"path":"C:\\projects\\latsar\\semakin-6502\\web\\src\\components\\SearchInput.jsx","statementMap":{"0":{"start":{"line":9,"column":2},"end":{"line":28,"column":4}}},"fnMap":{"0":{"name":"SearchInput","decl":{"start":{"line":3,"column":24},"end":{"line":3,"column":35}},"loc":{"start":{"line":8,"column":3},"end":{"line":29,"column":1}},"line":8}},"branchMap":{},"s":{"0":8},"f":{"0":8},"b":{},"_coverageSchema":"1a1c01bbd47fc00a2c39e90264f33305004495a9","hash":"4df645b2c6f752334aced07981c6f65162c0d360"}
,"C:\\projects\\latsar\\semakin-6502\\web\\src\\components\\Spinner.jsx": {"path":"C:\\projects\\latsar\\semakin-6502\\web\\src\\components\\Spinner.jsx","statementMap":{"0":{"start":{"line":4,"column":2},"end":{"line":4,"column":61}}},"fnMap":{"0":{"name":"Spinner","decl":{"start":{"line":3,"column":24},"end":{"line":3,"column":31}},"loc":{"start":{"line":3,"column":59},"end":{"line":5,"column":1}},"line":3}},"branchMap":{"0":{"loc":{"start":{"line":3,"column":34},"end":{"line":3,"column":55}},"type":"default-arg","locations":[{"start":{"line":3,"column":46},"end":{"line":3,"column":55}}],"line":3}},"s":{"0":11},"f":{"0":11},"b":{"0":[0]},"_coverageSchema":"1a1c01bbd47fc00a2c39e90264f33305004495a9","hash":"9b38f4ab67422c23ad681aa92e2b63cc4b788211"}
,"C:\\projects\\latsar\\semakin-6502\\web\\src\\components\\ui\\Button.jsx": {"path":"C:\\projects\\latsar\\semakin-6502\\web\\src\\components\\ui\\Button.jsx","statementMap":{"0":{"start":{"line":13,"column":4},"end":{"line":13,"column":137}},"1":{"start":{"line":15,"column":15},"end":{"line":17,"column":93}},"2":{"start":{"line":19,"column":19},"end":{"line":26,"column":3}},"3":{"start":{"line":28,"column":21},"end":{"line":28,"column":40}},"4":{"start":{"line":30,"column":2},"end":{"line":48,"column":4}}},"fnMap":{"0":{"name":"Button","decl":{"start":{"line":3,"column":24},"end":{"line":3,"column":30}},"loc":{"start":{"line":11,"column":3},"end":{"line":49,"column":1}},"line":11}},"branchMap":{"0":{"loc":{"start":{"line":5,"column":2},"end":{"line":5,"column":21}},"type":"default-arg","locations":[{"start":{"line":5,"column":12},"end":{"line":5,"column":21}}],"line":5},"1":{"loc":{"start":{"line":6,"column":2},"end":{"line":6,"column":14}},"type":"default-arg","locations":[{"start":{"line":6,"column":9},"end":{"line":6,"column":14}}],"line":6},"2":{"loc":{"start":{"line":7,"column":2},"end":{"line":7,"column":16}},"type":"default-arg","locations":[{"start":{"line":7,"column":14},"end":{"line":7,"column":16}}],"line":7},"3":{"loc":{"start":{"line":8,"column":2},"end":{"line":8,"column":17}},"type":"default-arg","locations":[{"start":{"line":8,"column":12},"end":{"line":8,"column":17}}],"line":8},"4":{"loc":{"start":{"line":15,"column":15},"end":{"line":17,"column":93}},"type":"cond-expr","locations":[{"start":{"line":16,"column":6},"end":{"line":16,"column":79}},{"start":{"line":17,"column":6},"end":{"line":17,"column":93}}],"line":15},"5":{"loc":{"start":{"line":28,"column":21},"end":{"line":28,"column":40}},"type":"binary-expr","locations":[{"start":{"line":28,"column":21},"end":{"line":28,"column":29}},{"start":{"line":28,"column":33},"end":{"line":28,"column":40}}],"line":28},"6":{"loc":{"start":{"line":32,"column":12},"end":{"line":32,"column":34}},"type":"binary-expr","locations":[{"start":{"line":32,"column":12},"end":{"line":32,"column":22}},{"start":{"line":32,"column":26},"end":{"line":32,"column":34}}],"line":32},"7":{"loc":{"start":{"line":33,"column":28},"end":{"line":33,"column":51}},"type":"binary-expr","locations":[{"start":{"line":33,"column":28},"end":{"line":33,"column":45}},{"start":{"line":33,"column":49},"end":{"line":33,"column":51}}],"line":33},"8":{"loc":{"start":{"line":34,"column":8},"end":{"line":34,"column":57}},"type":"cond-expr","locations":[{"start":{"line":34,"column":21},"end":{"line":34,"column":52}},{"start":{"line":34,"column":55},"end":{"line":34,"column":57}}],"line":34},"9":{"loc":{"start":{"line":39,"column":7},"end":{"line":46,"column":7}},"type":"cond-expr","locations":[{"start":{"line":40,"column":8},"end":{"line":43,"column":15}},{"start":{"line":45,"column":8},"end":{"line":45,"column":16}}],"line":39}},"s":{"0":37,"1":37,"2":37,"3":37,"4":37},"f":{"0":37},"b":{"0":[26],"1":[27],"2":[10],"3":[33],"4":[10,27],"5":[37,37],"6":[37,33],"7":[37,0],"8":[0,37],"9":[0,37]},"_coverageSchema":"1a1c01bbd47fc00a2c39e90264f33305004495a9","hash":"763ad659483ab1efae5eb2c4fa154825c8a12965"}
,"C:\\projects\\latsar\\semakin-6502\\web\\src\\components\\ui\\DataTable.jsx": {"path":"C:\\projects\\latsar\\semakin-6502\\web\\src\\components\\ui\\DataTable.jsx","statementMap":{"0":{"start":{"line":19,"column":2},"end":{"line":26,"column":4}},"1":{"start":{"line":22,"column":23},"end":{"line":22,"column":73}},"2":{"start":{"line":30,"column":15},"end":{"line":37,"column":23}},"3":{"start":{"line":31,"column":4},"end":{"line":31,"column":32}},"4":{"start":{"line":31,"column":17},"end":{"line":31,"column":32}},"5":{"start":{"line":32,"column":19},"end":{"line":32,"column":28}},"6":{"start":{"line":33,"column":4},"end":{"line":35,"column":7}},"7":{"start":{"line":34,"column":6},"end":{"line":34,"column":42}},"8":{"start":{"line":36,"column":4},"end":{"line":36,"column":30}},"9":{"start":{"line":39,"column":2},"end":{"line":53,"column":4}},"10":{"start":{"line":42,"column":23},"end":{"line":42,"column":73}},"11":{"start":{"line":48,"column":8},"end":{"line":50,"column":17}},"12":{"start":{"line":67,"column":23},"end":{"line":113,"column":27}},"13":{"start":{"line":68,"column":17},"end":{"line":87,"column":7}},"14":{"start":{"line":68,"column":39},"end":{"line":87,"column":5}},"15":{"start":{"line":75,"column":12},"end":{"line":77,"column":14}},"16":{"start":{"line":89,"column":25},"end":{"line":110,"column":5}},"17":{"start":{"line":92,"column":8},"end":{"line":97,"column":10}},"18":{"start":{"line":100,"column":8},"end":{"line":106,"column":10}},"19":{"start":{"line":112,"column":4},"end":{"line":112,"column":55}},"20":{"start":{"line":115,"column":42},"end":{"line":115,"column":60}},"21":{"start":{"line":116,"column":44},"end":{"line":116,"column":62}},"22":{"start":{"line":117,"column":38},"end":{"line":120,"column":4}},"23":{"start":{"line":121,"column":32},"end":{"line":121,"column":62}},"24":{"start":{"line":122,"column":42},"end":{"line":122,"column":60}},"25":{"start":{"line":124,"column":16},"end":{"line":141,"column":4}},"26":{"start":{"line":133,"column":6},"end":{"line":133,"column":31}},"27":{"start":{"line":134,"column":6},"end":{"line":134,"column":62}},"28":{"start":{"line":134,"column":32},"end":{"line":134,"column":62}},"29":{"start":{"line":143,"column":2},"end":{"line":258,"column":4}},"30":{"start":{"line":149,"column":12},"end":{"line":173,"column":17}},"31":{"start":{"line":151,"column":16},"end":{"line":171,"column":21}},"32":{"start":{"line":189,"column":14},"end":{"line":236,"column":19}},"33":{"start":{"line":194,"column":30},"end":{"line":194,"column":71}},"34":{"start":{"line":195,"column":18},"end":{"line":197,"column":19}},"35":{"start":{"line":196,"column":20},"end":{"line":196,"column":40}},"36":{"start":{"line":198,"column":18},"end":{"line":198,"column":50}},"37":{"start":{"line":198,"column":30},"end":{"line":198,"column":50}},"38":{"start":{"line":199,"column":33},"end":{"line":201,"column":19}},"39":{"start":{"line":202,"column":37},"end":{"line":205,"column":19}},"40":{"start":{"line":207,"column":20},"end":{"line":225,"column":21}},"41":{"start":{"line":226,"column":18},"end":{"line":234,"column":20}},"42":{"start":{"line":245,"column":35},"end":{"line":245,"column":58}},"43":{"start":{"line":246,"column":35},"end":{"line":246,"column":60}},"44":{"start":{"line":253,"column":33},"end":{"line":253,"column":58}}},"fnMap":{"0":{"name":"GlobalFilter","decl":{"start":{"line":18,"column":9},"end":{"line":18,"column":21}},"loc":{"start":{"line":18,"column":33},"end":{"line":27,"column":1}},"line":18},"1":{"name":"(anonymous_1)","decl":{"start":{"line":22,"column":16},"end":{"line":22,"column":17}},"loc":{"start":{"line":22,"column":23},"end":{"line":22,"column":73}},"line":22},"2":{"name":"SelectColumnFilter","decl":{"start":{"line":29,"column":16},"end":{"line":29,"column":34}},"loc":{"start":{"line":29,"column":56},"end":{"line":54,"column":1}},"line":29},"3":{"name":"(anonymous_3)","decl":{"start":{"line":30,"column":29},"end":{"line":30,"column":30}},"loc":{"start":{"line":30,"column":35},"end":{"line":37,"column":3}},"line":30},"4":{"name":"(anonymous_4)","decl":{"start":{"line":33,"column":45},"end":{"line":33,"column":46}},"loc":{"start":{"line":33,"column":54},"end":{"line":35,"column":5}},"line":33},"5":{"name":"(anonymous_5)","decl":{"start":{"line":42,"column":16},"end":{"line":42,"column":17}},"loc":{"start":{"line":42,"column":23},"end":{"line":42,"column":73}},"line":42},"6":{"name":"(anonymous_6)","decl":{"start":{"line":47,"column":16},"end":{"line":47,"column":17}},"loc":{"start":{"line":48,"column":8},"end":{"line":50,"column":17}},"line":48},"7":{"name":"DataTable","decl":{"start":{"line":56,"column":24},"end":{"line":56,"column":33}},"loc":{"start":{"line":66,"column":3},"end":{"line":259,"column":1}},"line":66},"8":{"name":"(anonymous_8)","decl":{"start":{"line":67,"column":37},"end":{"line":67,"column":38}},"loc":{"start":{"line":67,"column":43},"end":{"line":113,"column":3}},"line":67},"9":{"name":"(anonymous_9)","decl":{"start":{"line":68,"column":29},"end":{"line":68,"column":30}},"loc":{"start":{"line":68,"column":39},"end":{"line":87,"column":5}},"line":68},"10":{"name":"(anonymous_10)","decl":{"start":{"line":74,"column":10},"end":{"line":74,"column":11}},"loc":{"start":{"line":75,"column":12},"end":{"line":77,"column":14}},"line":75},"11":{"name":"(anonymous_11)","decl":{"start":{"line":91,"column":14},"end":{"line":91,"column":15}},"loc":{"start":{"line":92,"column":8},"end":{"line":97,"column":10}},"line":92},"12":{"name":"(anonymous_12)","decl":{"start":{"line":99,"column":12},"end":{"line":99,"column":13}},"loc":{"start":{"line":100,"column":8},"end":{"line":106,"column":10}},"line":100},"13":{"name":"(anonymous_13)","decl":{"start":{"line":132,"column":26},"end":{"line":132,"column":27}},"loc":{"start":{"line":132,"column":39},"end":{"line":135,"column":5}},"line":132},"14":{"name":"(anonymous_14)","decl":{"start":{"line":148,"column":39},"end":{"line":148,"column":40}},"loc":{"start":{"line":149,"column":12},"end":{"line":173,"column":17}},"line":149},"15":{"name":"(anonymous_15)","decl":{"start":{"line":150,"column":39},"end":{"line":150,"column":40}},"loc":{"start":{"line":151,"column":16},"end":{"line":171,"column":21}},"line":151},"16":{"name":"(anonymous_16)","decl":{"start":{"line":188,"column":41},"end":{"line":188,"column":42}},"loc":{"start":{"line":189,"column":14},"end":{"line":236,"column":19}},"line":189},"17":{"name":"(anonymous_17)","decl":{"start":{"line":193,"column":43},"end":{"line":193,"column":44}},"loc":{"start":{"line":193,"column":60},"end":{"line":235,"column":17}},"line":193},"18":{"name":"(anonymous_18)","decl":{"start":{"line":245,"column":25},"end":{"line":245,"column":26}},"loc":{"start":{"line":245,"column":35},"end":{"line":245,"column":58}},"line":245},"19":{"name":"(anonymous_19)","decl":{"start":{"line":246,"column":28},"end":{"line":246,"column":29}},"loc":{"start":{"line":246,"column":35},"end":{"line":246,"column":60}},"line":246},"20":{"name":"(anonymous_20)","decl":{"start":{"line":253,"column":26},"end":{"line":253,"column":27}},"loc":{"start":{"line":253,"column":33},"end":{"line":253,"column":58}},"line":253}},"branchMap":{"0":{"loc":{"start":{"line":21,"column":13},"end":{"line":21,"column":48}},"type":"binary-expr","locations":[{"start":{"line":21,"column":13},"end":{"line":21,"column":42}},{"start":{"line":21,"column":46},"end":{"line":21,"column":48}}],"line":21},"1":{"loc":{"start":{"line":22,"column":45},"end":{"line":22,"column":72}},"type":"binary-expr","locations":[{"start":{"line":22,"column":45},"end":{"line":22,"column":59}},{"start":{"line":22,"column":63},"end":{"line":22,"column":72}}],"line":22},"2":{"loc":{"start":{"line":31,"column":4},"end":{"line":31,"column":32}},"type":"if","locations":[{"start":{"line":31,"column":4},"end":{"line":31,"column":32}},{"start":{},"end":{}}],"line":31},"3":{"loc":{"start":{"line":41,"column":13},"end":{"line":41,"column":42}},"type":"binary-expr","locations":[{"start":{"line":41,"column":13},"end":{"line":41,"column":36}},{"start":{"line":41,"column":40},"end":{"line":41,"column":42}}],"line":41},"4":{"loc":{"start":{"line":42,"column":45},"end":{"line":42,"column":72}},"type":"binary-expr","locations":[{"start":{"line":42,"column":45},"end":{"line":42,"column":59}},{"start":{"line":42,"column":63},"end":{"line":42,"column":72}}],"line":42},"5":{"loc":{"start":{"line":59,"column":2},"end":{"line":59,"column":22}},"type":"default-arg","locations":[{"start":{"line":59,"column":20},"end":{"line":59,"column":22}}],"line":59},"6":{"loc":{"start":{"line":60,"column":2},"end":{"line":60,"column":25}},"type":"default-arg","locations":[{"start":{"line":60,"column":21},"end":{"line":60,"column":25}}],"line":60},"7":{"loc":{"start":{"line":61,"column":2},"end":{"line":61,"column":21}},"type":"default-arg","locations":[{"start":{"line":61,"column":19},"end":{"line":61,"column":21}}],"line":61},"8":{"loc":{"start":{"line":63,"column":2},"end":{"line":63,"column":23}},"type":"default-arg","locations":[{"start":{"line":63,"column":19},"end":{"line":63,"column":23}}],"line":63},"9":{"loc":{"start":{"line":64,"column":2},"end":{"line":64,"column":19}},"type":"default-arg","locations":[{"start":{"line":64,"column":15},"end":{"line":64,"column":19}}],"line":64},"10":{"loc":{"start":{"line":65,"column":2},"end":{"line":65,"column":17}},"type":"default-arg","locations":[{"start":{"line":65,"column":13},"end":{"line":65,"column":17}}],"line":65},"11":{"loc":{"start":{"line":70,"column":19},"end":{"line":70,"column":78}},"type":"cond-expr","locations":[{"start":{"line":70,"column":54},"end":{"line":70,"column":66}},{"start":{"line":70,"column":69},"end":{"line":70,"column":78}}],"line":70},"12":{"loc":{"start":{"line":71,"column":18},"end":{"line":71,"column":79}},"type":"cond-expr","locations":[{"start":{"line":71,"column":55},"end":{"line":71,"column":67}},{"start":{"line":71,"column":70},"end":{"line":71,"column":79}}],"line":71},"13":{"loc":{"start":{"line":73,"column":12},"end":{"line":78,"column":19}},"type":"cond-expr","locations":[{"start":{"line":74,"column":10},"end":{"line":77,"column":14}},{"start":{"line":78,"column":10},"end":{"line":78,"column":19}}],"line":73},"14":{"loc":{"start":{"line":112,"column":11},"end":{"line":112,"column":54}},"type":"cond-expr","locations":[{"start":{"line":112,"column":24},"end":{"line":112,"column":47}},{"start":{"line":112,"column":50},"end":{"line":112,"column":54}}],"line":112},"15":{"loc":{"start":{"line":134,"column":6},"end":{"line":134,"column":62}},"type":"if","locations":[{"start":{"line":134,"column":6},"end":{"line":134,"column":62}},{"start":{},"end":{}}],"line":134},"16":{"loc":{"start":{"line":138,"column":27},"end":{"line":138,"column":79}},"type":"cond-expr","locations":[{"start":{"line":138,"column":44},"end":{"line":138,"column":67}},{"start":{"line":138,"column":70},"end":{"line":138,"column":79}}],"line":138},"17":{"loc":{"start":{"line":145,"column":7},"end":{"line":145,"column":57}},"type":"binary-expr","locations":[{"start":{"line":145,"column":7},"end":{"line":145,"column":23}},{"start":{"line":145,"column":27},"end":{"line":145,"column":57}}],"line":145},"18":{"loc":{"start":{"line":162,"column":21},"end":{"line":169,"column":24}},"type":"binary-expr","locations":[{"start":{"line":162,"column":21},"end":{"line":162,"column":47}},{"start":{"line":163,"column":23},"end":{"line":169,"column":23}}],"line":162},"19":{"loc":{"start":{"line":163,"column":23},"end":{"line":169,"column":23}},"type":"cond-expr","locations":[{"start":{"line":164,"column":24},"end":{"line":164,"column":45}},{"start":{"line":165,"column":26},"end":{"line":169,"column":23}}],"line":163},"20":{"loc":{"start":{"line":165,"column":26},"end":{"line":169,"column":23}},"type":"cond-expr","locations":[{"start":{"line":166,"column":24},"end":{"line":166,"column":47}},{"start":{"line":168,"column":24},"end":{"line":168,"column":75}}],"line":165},"21":{"loc":{"start":{"line":177,"column":11},"end":{"line":238,"column":11}},"type":"cond-expr","locations":[{"start":{"line":178,"column":12},"end":{"line":186,"column":17}},{"start":{"line":188,"column":12},"end":{"line":237,"column":14}}],"line":177},"22":{"loc":{"start":{"line":195,"column":18},"end":{"line":197,"column":19}},"type":"if","locations":[{"start":{"line":195,"column":18},"end":{"line":197,"column":19}},{"start":{},"end":{}}],"line":195},"23":{"loc":{"start":{"line":198,"column":18},"end":{"line":198,"column":50}},"type":"if","locations":[{"start":{"line":198,"column":18},"end":{"line":198,"column":50}},{"start":{},"end":{}}],"line":198},"24":{"loc":{"start":{"line":203,"column":20},"end":{"line":203,"column":65}},"type":"binary-expr","locations":[{"start":{"line":203,"column":20},"end":{"line":203,"column":46}},{"start":{"line":203,"column":50},"end":{"line":203,"column":65}}],"line":203},"25":{"loc":{"start":{"line":207,"column":20},"end":{"line":225,"column":21}},"type":"cond-expr","locations":[{"start":{"line":208,"column":22},"end":{"line":222,"column":29}},{"start":{"line":224,"column":22},"end":{"line":224,"column":32}}],"line":207},"26":{"loc":{"start":{"line":207,"column":20},"end":{"line":207,"column":79}},"type":"binary-expr","locations":[{"start":{"line":207,"column":20},"end":{"line":207,"column":28}},{"start":{"line":207,"column":32},"end":{"line":207,"column":79}}],"line":207},"27":{"loc":{"start":{"line":211,"column":26},"end":{"line":213,"column":39}},"type":"cond-expr","locations":[{"start":{"line":212,"column":30},"end":{"line":212,"column":87}},{"start":{"line":213,"column":30},"end":{"line":213,"column":39}}],"line":211},"28":{"loc":{"start":{"line":216,"column":26},"end":{"line":218,"column":39}},"type":"cond-expr","locations":[{"start":{"line":217,"column":30},"end":{"line":217,"column":48}},{"start":{"line":218,"column":30},"end":{"line":218,"column":39}}],"line":216},"29":{"loc":{"start":{"line":216,"column":26},"end":{"line":216,"column":90}},"type":"binary-expr","locations":[{"start":{"line":216,"column":26},"end":{"line":216,"column":56}},{"start":{"line":216,"column":60},"end":{"line":216,"column":90}}],"line":216},"30":{"loc":{"start":{"line":226,"column":25},"end":{"line":234,"column":19}},"type":"cond-expr","locations":[{"start":{"line":227,"column":20},"end":{"line":229,"column":25}},{"start":{"line":231,"column":20},"end":{"line":233,"column":25}}],"line":226},"31":{"loc":{"start":{"line":241,"column":7},"end":{"line":256,"column":7}},"type":"binary-expr","locations":[{"start":{"line":241,"column":7},"end":{"line":241,"column":21}},{"start":{"line":242,"column":8},"end":{"line":255,"column":14}}],"line":241},"32":{"loc":{"start":{"line":252,"column":24},"end":{"line":252,"column":49}},"type":"binary-expr","locations":[{"start":{"line":252,"column":24},"end":{"line":252,"column":44}},{"start":{"line":252,"column":48},"end":{"line":252,"column":49}}],"line":252}},"s":{"0":0,"1":0,"2":0,"3":0,"4":0,"5":0,"6":0,"7":0,"8":0,"9":0,"10":0,"11":0,"12":5,"13":5,"14":40,"15":0,"16":5,"17":0,"18":0,"19":5,"20":5,"21":5,"22":5,"23":5,"24":5,"25":5,"26":0,"27":0,"28":0,"29":5,"30":5,"31":40,"32":0,"33":0,"34":0,"35":0,"36":0,"37":0,"38":0,"39":0,"40":0,"41":0,"42":0,"43":0,"44":0},"f":{"0":0,"1":0,"2":0,"3":0,"4":0,"5":0,"6":0,"7":5,"8":5,"9":40,"10":0,"11":0,"12":0,"13":0,"14":5,"15":40,"16":0,"17":0,"18":0,"19":0,"20":0},"b":{"0":[0,0],"1":[0,0],"2":[0,0],"3":[0,0],"4":[0,0],"5":[5],"6":[0],"7":[5],"8":[0],"9":[0],"10":[5],"11":[25,15],"12":[15,25],"13":[15,25],"14":[0,5],"15":[0,0],"16":[0,5],"17":[5,0],"18":[40,40],"19":[0,40],"20":[0,40],"21":[5,0],"22":[0,0],"23":[0,0],"24":[0,0],"25":[0,0],"26":[0,0],"27":[0,0],"28":[0,0],"29":[0,0],"30":[0,0],"31":[5,0],"32":[0,0]},"_coverageSchema":"1a1c01bbd47fc00a2c39e90264f33305004495a9","hash":"e7e74011182d5bdf9784db1501b3576f4a5a1b82"}
,"C:\\projects\\latsar\\semakin-6502\\web\\src\\components\\ui\\EmptyState.jsx": {"path":"C:\\projects\\latsar\\semakin-6502\\web\\src\\components\\ui\\EmptyState.jsx","statementMap":{"0":{"start":{"line":12,"column":15},"end":{"line":12,"column":19}},"1":{"start":{"line":13,"column":2},"end":{"line":30,"column":4}}},"fnMap":{"0":{"name":"EmptyState","decl":{"start":{"line":4,"column":24},"end":{"line":4,"column":34}},"loc":{"start":{"line":11,"column":3},"end":{"line":31,"column":1}},"line":11}},"branchMap":{"0":{"loc":{"start":{"line":5,"column":2},"end":{"line":5,"column":34}},"type":"default-arg","locations":[{"start":{"line":5,"column":9},"end":{"line":5,"column":34}}],"line":5},"1":{"loc":{"start":{"line":6,"column":2},"end":{"line":6,"column":38}},"type":"default-arg","locations":[{"start":{"line":6,"column":12},"end":{"line":6,"column":38}}],"line":6},"2":{"loc":{"start":{"line":7,"column":2},"end":{"line":7,"column":26}},"type":"default-arg","locations":[{"start":{"line":7,"column":10},"end":{"line":7,"column":26}}],"line":7},"3":{"loc":{"start":{"line":8,"column":2},"end":{"line":8,"column":14}},"type":"default-arg","locations":[{"start":{"line":8,"column":12},"end":{"line":8,"column":14}}],"line":8},"4":{"loc":{"start":{"line":21,"column":7},"end":{"line":23,"column":7}},"type":"binary-expr","locations":[{"start":{"line":21,"column":7},"end":{"line":21,"column":14}},{"start":{"line":22,"column":8},"end":{"line":22,"column":82}}],"line":21},"5":{"loc":{"start":{"line":24,"column":7},"end":{"line":28,"column":7}},"type":"binary-expr","locations":[{"start":{"line":24,"column":7},"end":{"line":24,"column":18}},{"start":{"line":24,"column":22},"end":{"line":24,"column":30}},{"start":{"line":25,"column":8},"end":{"line":27,"column":17}}],"line":24}},"s":{"0":2,"1":2},"f":{"0":2},"b":{"0":[2],"1":[2],"2":[2],"3":[0],"4":[2,2],"5":[2,2,2]},"_coverageSchema":"1a1c01bbd47fc00a2c39e90264f33305004495a9","hash":"8f584a3be07f1bfba005a49fbb3bb093e7ce3329"}
,"C:\\projects\\latsar\\semakin-6502\\web\\src\\components\\ui\\Input.jsx": {"path":"C:\\projects\\latsar\\semakin-6502\\web\\src\\components\\ui\\Input.jsx","statementMap":{"0":{"start":{"line":3,"column":14},"end":{"line":13,"column":2}},"1":{"start":{"line":5,"column":4},"end":{"line":5,"column":96}},"2":{"start":{"line":6,"column":2},"end":{"line":12,"column":4}}},"fnMap":{"0":{"name":"Input","decl":{"start":{"line":3,"column":34},"end":{"line":3,"column":39}},"loc":{"start":{"line":3,"column":75},"end":{"line":13,"column":1}},"line":3}},"branchMap":{"0":{"loc":{"start":{"line":3,"column":42},"end":{"line":3,"column":56}},"type":"default-arg","locations":[{"start":{"line":3,"column":54},"end":{"line":3,"column":56}}],"line":3}},"s":{"0":2,"1":2,"2":2},"f":{"0":2},"b":{"0":[2]},"_coverageSchema":"1a1c01bbd47fc00a2c39e90264f33305004495a9","hash":"1c962ff4b1b743b55bfcfc7a93fb1e4557ef7815"}
,"C:\\projects\\latsar\\semakin-6502\\web\\src\\components\\ui\\Label.jsx": {"path":"C:\\projects\\latsar\\semakin-6502\\web\\src\\components\\ui\\Label.jsx","statementMap":{"0":{"start":{"line":2,"column":22},"end":{"line":2,"column":42}},"1":{"start":{"line":3,"column":2},"end":{"line":7,"column":4}}},"fnMap":{"0":{"name":"Label","decl":{"start":{"line":1,"column":24},"end":{"line":1,"column":29}},"loc":{"start":{"line":1,"column":70},"end":{"line":8,"column":1}},"line":1}},"branchMap":{"0":{"loc":{"start":{"line":1,"column":32},"end":{"line":1,"column":46}},"type":"default-arg","locations":[{"start":{"line":1,"column":44},"end":{"line":1,"column":46}}],"line":1}},"s":{"0":3,"1":3},"f":{"0":3},"b":{"0":[3]},"_coverageSchema":"1a1c01bbd47fc00a2c39e90264f33305004495a9","hash":"aaa0d73f967c620946e1801ae14ac113569088a7"}
,"C:\\projects\\latsar\\semakin-6502\\web\\src\\components\\ui\\Legend.jsx": {"path":"C:\\projects\\latsar\\semakin-6502\\web\\src\\components\\ui\\Legend.jsx","statementMap":{"0":{"start":{"line":2,"column":2},"end":{"line":19,"column":4}}},"fnMap":{"0":{"name":"Legend","decl":{"start":{"line":1,"column":24},"end":{"line":1,"column":30}},"loc":{"start":{"line":1,"column":51},"end":{"line":20,"column":1}},"line":1}},"branchMap":{"0":{"loc":{"start":{"line":1,"column":33},"end":{"line":1,"column":47}},"type":"default-arg","locations":[{"start":{"line":1,"column":45},"end":{"line":1,"column":47}}],"line":1}},"s":{"0":3},"f":{"0":3},"b":{"0":[0]},"_coverageSchema":"1a1c01bbd47fc00a2c39e90264f33305004495a9","hash":"e322e927ab9acd0b26cbd58d540b6667260f0782"}
,"C:\\projects\\latsar\\semakin-6502\\web\\src\\components\\ui\\Modal.jsx": {"path":"C:\\projects\\latsar\\semakin-6502\\web\\src\\components\\ui\\Modal.jsx","statementMap":{"0":{"start":{"line":11,"column":23},"end":{"line":11,"column":35}},"1":{"start":{"line":12,"column":21},"end":{"line":12,"column":36}},"2":{"start":{"line":13,"column":32},"end":{"line":13,"column":47}},"3":{"start":{"line":14,"column":32},"end":{"line":14,"column":47}},"4":{"start":{"line":16,"column":2},"end":{"line":18,"column":16}},"5":{"start":{"line":17,"column":4},"end":{"line":17,"column":33}},"6":{"start":{"line":20,"column":2},"end":{"line":59,"column":9}},"7":{"start":{"line":22,"column":6},"end":{"line":22,"column":51}},"8":{"start":{"line":22,"column":30},"end":{"line":22,"column":51}},"9":{"start":{"line":23,"column":6},"end":{"line":37,"column":7}},"10":{"start":{"line":24,"column":26},"end":{"line":26,"column":9}},"11":{"start":{"line":27,"column":8},"end":{"line":27,"column":57}},"12":{"start":{"line":27,"column":50},"end":{"line":27,"column":57}},"13":{"start":{"line":28,"column":22},"end":{"line":28,"column":34}},"14":{"start":{"line":29,"column":21},"end":{"line":29,"column":52}},"15":{"start":{"line":30,"column":8},"end":{"line":36,"column":9}},"16":{"start":{"line":31,"column":10},"end":{"line":31,"column":29}},"17":{"start":{"line":32,"column":10},"end":{"line":32,"column":23}},"18":{"start":{"line":33,"column":15},"end":{"line":36,"column":9}},"19":{"start":{"line":34,"column":10},"end":{"line":34,"column":29}},"20":{"start":{"line":35,"column":10},"end":{"line":35,"column":24}},"21":{"start":{"line":39,"column":4},"end":{"line":39,"column":52}},"22":{"start":{"line":41,"column":23},"end":{"line":43,"column":5}},"23":{"start":{"line":44,"column":4},"end":{"line":48,"column":5}},"24":{"start":{"line":45,"column":6},"end":{"line":45,"column":38}},"25":{"start":{"line":47,"column":6},"end":{"line":47,"column":26}},"26":{"start":{"line":50,"column":29},"end":{"line":50,"column":57}},"27":{"start":{"line":51,"column":4},"end":{"line":51,"column":44}},"28":{"start":{"line":53,"column":4},"end":{"line":53,"column":43}},"29":{"start":{"line":53,"column":21},"end":{"line":53,"column":37}},"30":{"start":{"line":55,"column":4},"end":{"line":58,"column":6}},"31":{"start":{"line":56,"column":6},"end":{"line":56,"column":57}},"32":{"start":{"line":57,"column":6},"end":{"line":57,"column":54}},"33":{"start":{"line":62,"column":4},"end":{"line":62,"column":21}},"34":{"start":{"line":63,"column":4},"end":{"line":63,"column":22}},"35":{"start":{"line":64,"column":4},"end":{"line":64,"column":48}},"36":{"start":{"line":64,"column":21},"end":{"line":64,"column":41}},"37":{"start":{"line":68,"column":4},"end":{"line":70,"column":5}},"38":{"start":{"line":69,"column":6},"end":{"line":69,"column":20}},"39":{"start":{"line":73,"column":2},"end":{"line":93,"column":4}},"40":{"start":{"line":77,"column":24},"end":{"line":77,"column":66}}},"fnMap":{"0":{"name":"Modal","decl":{"start":{"line":3,"column":24},"end":{"line":3,"column":29}},"loc":{"start":{"line":10,"column":3},"end":{"line":94,"column":1}},"line":10},"1":{"name":"(anonymous_1)","decl":{"start":{"line":16,"column":12},"end":{"line":16,"column":13}},"loc":{"start":{"line":16,"column":18},"end":{"line":18,"column":3}},"line":16},"2":{"name":"(anonymous_2)","decl":{"start":{"line":20,"column":12},"end":{"line":20,"column":13}},"loc":{"start":{"line":20,"column":18},"end":{"line":59,"column":3}},"line":20},"3":{"name":"handleKey","decl":{"start":{"line":21,"column":13},"end":{"line":21,"column":22}},"loc":{"start":{"line":21,"column":26},"end":{"line":38,"column":5}},"line":21},"4":{"name":"(anonymous_4)","decl":{"start":{"line":53,"column":15},"end":{"line":53,"column":16}},"loc":{"start":{"line":53,"column":21},"end":{"line":53,"column":37}},"line":53},"5":{"name":"(anonymous_5)","decl":{"start":{"line":55,"column":11},"end":{"line":55,"column":12}},"loc":{"start":{"line":55,"column":17},"end":{"line":58,"column":5}},"line":55},"6":{"name":"handleClose","decl":{"start":{"line":61,"column":11},"end":{"line":61,"column":22}},"loc":{"start":{"line":61,"column":25},"end":{"line":65,"column":3}},"line":61},"7":{"name":"(anonymous_7)","decl":{"start":{"line":64,"column":15},"end":{"line":64,"column":16}},"loc":{"start":{"line":64,"column":21},"end":{"line":64,"column":41}},"line":64},"8":{"name":"handleOverlayClick","decl":{"start":{"line":67,"column":11},"end":{"line":67,"column":29}},"loc":{"start":{"line":67,"column":33},"end":{"line":71,"column":3}},"line":67},"9":{"name":"(anonymous_9)","decl":{"start":{"line":77,"column":17},"end":{"line":77,"column":18}},"loc":{"start":{"line":77,"column":24},"end":{"line":77,"column":66}},"line":77}},"branchMap":{"0":{"loc":{"start":{"line":6,"column":2},"end":{"line":6,"column":32}},"type":"default-arg","locations":[{"start":{"line":6,"column":15},"end":{"line":6,"column":32}}],"line":6},"1":{"loc":{"start":{"line":22,"column":6},"end":{"line":22,"column":51}},"type":"if","locations":[{"start":{"line":22,"column":6},"end":{"line":22,"column":51}},{"start":{},"end":{}}],"line":22},"2":{"loc":{"start":{"line":23,"column":6},"end":{"line":37,"column":7}},"type":"if","locations":[{"start":{"line":23,"column":6},"end":{"line":37,"column":7}},{"start":{},"end":{}}],"line":23},"3":{"loc":{"start":{"line":27,"column":8},"end":{"line":27,"column":57}},"type":"if","locations":[{"start":{"line":27,"column":8},"end":{"line":27,"column":57}},{"start":{},"end":{}}],"line":27},"4":{"loc":{"start":{"line":27,"column":12},"end":{"line":27,"column":48}},"type":"binary-expr","locations":[{"start":{"line":27,"column":12},"end":{"line":27,"column":22}},{"start":{"line":27,"column":26},"end":{"line":27,"column":48}}],"line":27},"5":{"loc":{"start":{"line":30,"column":8},"end":{"line":36,"column":9}},"type":"if","locations":[{"start":{"line":30,"column":8},"end":{"line":36,"column":9}},{"start":{"line":33,"column":15},"end":{"line":36,"column":9}}],"line":30},"6":{"loc":{"start":{"line":30,"column":12},"end":{"line":30,"column":58}},"type":"binary-expr","locations":[{"start":{"line":30,"column":12},"end":{"line":30,"column":22}},{"start":{"line":30,"column":26},"end":{"line":30,"column":58}}],"line":30},"7":{"loc":{"start":{"line":33,"column":15},"end":{"line":36,"column":9}},"type":"if","locations":[{"start":{"line":33,"column":15},"end":{"line":36,"column":9}},{"start":{},"end":{}}],"line":33},"8":{"loc":{"start":{"line":33,"column":19},"end":{"line":33,"column":65}},"type":"binary-expr","locations":[{"start":{"line":33,"column":19},"end":{"line":33,"column":30}},{"start":{"line":33,"column":34},"end":{"line":33,"column":65}}],"line":33},"9":{"loc":{"start":{"line":44,"column":4},"end":{"line":48,"column":5}},"type":"if","locations":[{"start":{"line":44,"column":4},"end":{"line":48,"column":5}},{"start":{"line":46,"column":11},"end":{"line":48,"column":5}}],"line":44},"10":{"loc":{"start":{"line":68,"column":4},"end":{"line":70,"column":5}},"type":"if","locations":[{"start":{"line":68,"column":4},"end":{"line":70,"column":5}},{"start":{},"end":{}}],"line":68},"11":{"loc":{"start":{"line":75,"column":127},"end":{"line":75,"column":176}},"type":"cond-expr","locations":[{"start":{"line":75,"column":149},"end":{"line":75,"column":162}},{"start":{"line":75,"column":165},"end":{"line":75,"column":176}}],"line":75},"12":{"loc":{"start":{"line":75,"column":127},"end":{"line":75,"column":146}},"type":"binary-expr","locations":[{"start":{"line":75,"column":127},"end":{"line":75,"column":134}},{"start":{"line":75,"column":138},"end":{"line":75,"column":146}}],"line":75},"13":{"loc":{"start":{"line":77,"column":24},"end":{"line":77,"column":66}},"type":"binary-expr","locations":[{"start":{"line":77,"column":24},"end":{"line":77,"column":41}},{"start":{"line":77,"column":45},"end":{"line":77,"column":66}}],"line":77},"14":{"loc":{"start":{"line":88,"column":121},"end":{"line":88,"column":189}},"type":"cond-expr","locations":[{"start":{"line":88,"column":143},"end":{"line":88,"column":166}},{"start":{"line":88,"column":169},"end":{"line":88,"column":189}}],"line":88},"15":{"loc":{"start":{"line":88,"column":121},"end":{"line":88,"column":140}},"type":"binary-expr","locations":[{"start":{"line":88,"column":121},"end":{"line":88,"column":128}},{"start":{"line":88,"column":132},"end":{"line":88,"column":140}}],"line":88}},"s":{"0":0,"1":0,"2":0,"3":0,"4":0,"5":0,"6":0,"7":0,"8":0,"9":0,"10":0,"11":0,"12":0,"13":0,"14":0,"15":0,"16":0,"17":0,"18":0,"19":0,"20":0,"21":0,"22":0,"23":0,"24":0,"25":0,"26":0,"27":0,"28":0,"29":0,"30":0,"31":0,"32":0,"33":0,"34":0,"35":0,"36":0,"37":0,"38":0,"39":0,"40":0},"f":{"0":0,"1":0,"2":0,"3":0,"4":0,"5":0,"6":0,"7":0,"8":0,"9":0},"b":{"0":[0],"1":[0,0],"2":[0,0],"3":[0,0],"4":[0,0],"5":[0,0],"6":[0,0],"7":[0,0],"8":[0,0],"9":[0,0],"10":[0,0],"11":[0,0],"12":[0,0],"13":[0,0],"14":[0,0],"15":[0,0]},"_coverageSchema":"1a1c01bbd47fc00a2c39e90264f33305004495a9","hash":"d414338fd97f0d4b11a0371b51c867c18ac44b2b"}
,"C:\\projects\\latsar\\semakin-6502\\web\\src\\components\\ui\\MonthYearPicker.jsx": {"path":"C:\\projects\\latsar\\semakin-6502\\web\\src\\components\\ui\\MonthYearPicker.jsx","statementMap":{"0":{"start":{"line":9,"column":2},"end":{"line":102,"column":4}},"1":{"start":{"line":43,"column":18},"end":{"line":47,"column":20}},"2":{"start":{"line":51,"column":18},"end":{"line":64,"column":21}},"3":{"start":{"line":68,"column":16},"end":{"line":95,"column":33}},"4":{"start":{"line":72,"column":20},"end":{"line":76,"column":22}},"5":{"start":{"line":80,"column":20},"end":{"line":93,"column":23}}},"fnMap":{"0":{"name":"MonthYearPicker","decl":{"start":{"line":6,"column":24},"end":{"line":6,"column":39}},"loc":{"start":{"line":6,"column":66},"end":{"line":103,"column":1}},"line":6},"1":{"name":"(anonymous_1)","decl":{"start":{"line":42,"column":27},"end":{"line":42,"column":28}},"loc":{"start":{"line":43,"column":18},"end":{"line":47,"column":20}},"line":43},"2":{"name":"(anonymous_2)","decl":{"start":{"line":50,"column":17},"end":{"line":50,"column":18}},"loc":{"start":{"line":51,"column":18},"end":{"line":64,"column":21}},"line":51},"3":{"name":"(anonymous_3)","decl":{"start":{"line":67,"column":26},"end":{"line":67,"column":27}},"loc":{"start":{"line":68,"column":16},"end":{"line":95,"column":33}},"line":68},"4":{"name":"(anonymous_4)","decl":{"start":{"line":71,"column":29},"end":{"line":71,"column":30}},"loc":{"start":{"line":72,"column":20},"end":{"line":76,"column":22}},"line":72},"5":{"name":"(anonymous_5)","decl":{"start":{"line":79,"column":19},"end":{"line":79,"column":20}},"loc":{"start":{"line":80,"column":20},"end":{"line":93,"column":23}},"line":80}},"branchMap":{"0":{"loc":{"start":{"line":20,"column":15},"end":{"line":20,"column":50}},"type":"cond-expr","locations":[{"start":{"line":20,"column":23},"end":{"line":20,"column":40}},{"start":{"line":20,"column":43},"end":{"line":20,"column":50}}],"line":20},"1":{"loc":{"start":{"line":44,"column":20},"end":{"line":46,"column":58}},"type":"cond-expr","locations":[{"start":{"line":45,"column":24},"end":{"line":45,"column":84}},{"start":{"line":46,"column":24},"end":{"line":46,"column":58}}],"line":44},"2":{"loc":{"start":{"line":54,"column":24},"end":{"line":54,"column":64}},"type":"cond-expr","locations":[{"start":{"line":54,"column":35},"end":{"line":54,"column":48}},{"start":{"line":54,"column":51},"end":{"line":54,"column":64}}],"line":54},"3":{"loc":{"start":{"line":59,"column":21},"end":{"line":63,"column":21}},"type":"binary-expr","locations":[{"start":{"line":59,"column":21},"end":{"line":59,"column":29}},{"start":{"line":60,"column":22},"end":{"line":62,"column":29}}],"line":59},"4":{"loc":{"start":{"line":73,"column":22},"end":{"line":75,"column":60}},"type":"cond-expr","locations":[{"start":{"line":74,"column":26},"end":{"line":74,"column":86}},{"start":{"line":75,"column":26},"end":{"line":75,"column":60}}],"line":73},"5":{"loc":{"start":{"line":83,"column":26},"end":{"line":83,"column":66}},"type":"cond-expr","locations":[{"start":{"line":83,"column":37},"end":{"line":83,"column":50}},{"start":{"line":83,"column":53},"end":{"line":83,"column":66}}],"line":83},"6":{"loc":{"start":{"line":88,"column":23},"end":{"line":92,"column":23}},"type":"binary-expr","locations":[{"start":{"line":88,"column":23},"end":{"line":88,"column":31}},{"start":{"line":89,"column":24},"end":{"line":91,"column":31}}],"line":88}},"s":{"0":8,"1":0,"2":0,"3":96,"4":0,"5":0},"f":{"0":8,"1":0,"2":0,"3":96,"4":0,"5":0},"b":{"0":[0,8],"1":[0,0],"2":[0,0],"3":[0,0],"4":[0,0],"5":[0,0],"6":[0,0]},"_coverageSchema":"1a1c01bbd47fc00a2c39e90264f33305004495a9","hash":"bd248002ed862f497478815aa4959e1e92285263"}
,"C:\\projects\\latsar\\semakin-6502\\web\\src\\components\\ui\\SelectDataShow.jsx": {"path":"C:\\projects\\latsar\\semakin-6502\\web\\src\\components\\ui\\SelectDataShow.jsx","statementMap":{"0":{"start":{"line":8,"column":2},"end":{"line":32,"column":4}},"1":{"start":{"line":14,"column":10},"end":{"line":14,"column":52}},"2":{"start":{"line":15,"column":10},"end":{"line":15,"column":28}},"3":{"start":{"line":26,"column":10},"end":{"line":28,"column":19}}},"fnMap":{"0":{"name":"SelectDataShow","decl":{"start":{"line":1,"column":24},"end":{"line":1,"column":38}},"loc":{"start":{"line":7,"column":3},"end":{"line":33,"column":1}},"line":7},"1":{"name":"(anonymous_1)","decl":{"start":{"line":13,"column":18},"end":{"line":13,"column":19}},"loc":{"start":{"line":13,"column":25},"end":{"line":16,"column":9}},"line":13},"2":{"name":"(anonymous_2)","decl":{"start":{"line":25,"column":21},"end":{"line":25,"column":22}},"loc":{"start":{"line":26,"column":10},"end":{"line":28,"column":19}},"line":26}},"branchMap":{"0":{"loc":{"start":{"line":5,"column":2},"end":{"line":5,"column":23}},"type":"default-arg","locations":[{"start":{"line":5,"column":12},"end":{"line":5,"column":23}}],"line":5},"1":{"loc":{"start":{"line":6,"column":2},"end":{"line":6,"column":16}},"type":"default-arg","locations":[{"start":{"line":6,"column":14},"end":{"line":6,"column":16}}],"line":6}},"s":{"0":0,"1":0,"2":0,"3":0},"f":{"0":0,"1":0,"2":0},"b":{"0":[0],"1":[0]},"_coverageSchema":"1a1c01bbd47fc00a2c39e90264f33305004495a9","hash":"09e6449d66439412cd2e304619813b9b5e7d4a05"}
,"C:\\projects\\latsar\\semakin-6502\\web\\src\\components\\ui\\Skeleton.jsx": {"path":"C:\\projects\\latsar\\semakin-6502\\web\\src\\components\\ui\\Skeleton.jsx","statementMap":{"0":{"start":{"line":2,"column":2},"end":{"line":7,"column":4}}},"fnMap":{"0":{"name":"Skeleton","decl":{"start":{"line":1,"column":24},"end":{"line":1,"column":32}},"loc":{"start":{"line":1,"column":63},"end":{"line":8,"column":1}},"line":1}},"branchMap":{"0":{"loc":{"start":{"line":1,"column":35},"end":{"line":1,"column":49}},"type":"default-arg","locations":[{"start":{"line":1,"column":47},"end":{"line":1,"column":49}}],"line":1}},"s":{"0":288},"f":{"0":288},"b":{"0":[0]},"_coverageSchema":"1a1c01bbd47fc00a2c39e90264f33305004495a9","hash":"8c06aa47c801ce0230f67f886aa04b469fe22338"}
,"C:\\projects\\latsar\\semakin-6502\\web\\src\\components\\ui\\StatusBadge.jsx": {"path":"C:\\projects\\latsar\\semakin-6502\\web\\src\\components\\ui\\StatusBadge.jsx","statementMap":{"0":{"start":{"line":3,"column":17},"end":{"line":9,"column":1}},"1":{"start":{"line":13,"column":4},"end":{"line":14,"column":67}},"2":{"start":{"line":15,"column":2},"end":{"line":19,"column":4}}},"fnMap":{"0":{"name":"StatusBadge","decl":{"start":{"line":11,"column":24},"end":{"line":11,"column":35}},"loc":{"start":{"line":11,"column":48},"end":{"line":20,"column":1}},"line":11}},"branchMap":{"0":{"loc":{"start":{"line":13,"column":4},"end":{"line":14,"column":67}},"type":"binary-expr","locations":[{"start":{"line":13,"column":4},"end":{"line":13,"column":20}},{"start":{"line":14,"column":4},"end":{"line":14,"column":67}}],"line":13}},"s":{"0":2,"1":4,"2":4},"f":{"0":4},"b":{"0":[4,4]},"_coverageSchema":"1a1c01bbd47fc00a2c39e90264f33305004495a9","hash":"4e1c16e6f920746f9724e3d0c56d3b8e7f5f2df7"}
,"C:\\projects\\latsar\\semakin-6502\\web\\src\\components\\ui\\Table.jsx": {"path":"C:\\projects\\latsar\\semakin-6502\\web\\src\\components\\ui\\Table.jsx","statementMap":{"0":{"start":{"line":9,"column":2},"end":{"line":16,"column":4}}},"fnMap":{"0":{"name":"Table","decl":{"start":{"line":3,"column":24},"end":{"line":3,"column":29}},"loc":{"start":{"line":8,"column":3},"end":{"line":17,"column":1}},"line":8}},"branchMap":{"0":{"loc":{"start":{"line":5,"column":2},"end":{"line":5,"column":16}},"type":"default-arg","locations":[{"start":{"line":5,"column":14},"end":{"line":5,"column":16}}],"line":5},"1":{"loc":{"start":{"line":12,"column":9},"end":{"line":12,"column":48}},"type":"binary-expr","locations":[{"start":{"line":12,"column":9},"end":{"line":12,"column":16}},{"start":{"line":12,"column":20},"end":{"line":12,"column":48}}],"line":12}},"s":{"0":5},"f":{"0":5},"b":{"0":[0],"1":[5,0]},"_coverageSchema":"1a1c01bbd47fc00a2c39e90264f33305004495a9","hash":"8692f533ced8f762b54259aec6b32370b7633a82"}
,"C:\\projects\\latsar\\semakin-6502\\web\\src\\components\\ui\\TableSkeleton.jsx": {"path":"C:\\projects\\latsar\\semakin-6502\\web\\src\\components\\ui\\TableSkeleton.jsx","statementMap":{"0":{"start":{"line":4,"column":2},"end":{"line":29,"column":4}},"1":{"start":{"line":10,"column":14},"end":{"line":12,"column":19}},"2":{"start":{"line":18,"column":12},"end":{"line":24,"column":17}},"3":{"start":{"line":20,"column":16},"end":{"line":22,"column":21}}},"fnMap":{"0":{"name":"TableSkeleton","decl":{"start":{"line":3,"column":24},"end":{"line":3,"column":37}},"loc":{"start":{"line":3,"column":62},"end":{"line":30,"column":1}},"line":3},"1":{"name":"(anonymous_1)","decl":{"start":{"line":9,"column":46},"end":{"line":9,"column":47}},"loc":{"start":{"line":10,"column":14},"end":{"line":12,"column":19}},"line":10},"2":{"name":"(anonymous_2)","decl":{"start":{"line":17,"column":44},"end":{"line":17,"column":45}},"loc":{"start":{"line":18,"column":12},"end":{"line":24,"column":17}},"line":18},"3":{"name":"(anonymous_3)","decl":{"start":{"line":19,"column":48},"end":{"line":19,"column":49}},"loc":{"start":{"line":20,"column":16},"end":{"line":22,"column":21}},"line":20}},"branchMap":{"0":{"loc":{"start":{"line":3,"column":40},"end":{"line":3,"column":48}},"type":"default-arg","locations":[{"start":{"line":3,"column":47},"end":{"line":3,"column":48}}],"line":3},"1":{"loc":{"start":{"line":3,"column":50},"end":{"line":3,"column":58}},"type":"default-arg","locations":[{"start":{"line":3,"column":57},"end":{"line":3,"column":58}}],"line":3}},"s":{"0":6,"1":48,"2":30,"3":240},"f":{"0":6,"1":48,"2":30,"3":240},"b":{"0":[6],"1":[0]},"_coverageSchema":"1a1c01bbd47fc00a2c39e90264f33305004495a9","hash":"a40fc18d651fa0dd73e20cac11b45094ee10323e"}
,"C:\\projects\\latsar\\semakin-6502\\web\\src\\components\\ui\\Textarea.jsx": {"path":"C:\\projects\\latsar\\semakin-6502\\web\\src\\components\\ui\\Textarea.jsx","statementMap":{"0":{"start":{"line":2,"column":2},"end":{"line":12,"column":4}}},"fnMap":{"0":{"name":"Textarea","decl":{"start":{"line":1,"column":9},"end":{"line":1,"column":17}},"loc":{"start":{"line":1,"column":25},"end":{"line":13,"column":1}},"line":1}},"branchMap":{"0":{"loc":{"start":{"line":10,"column":10},"end":{"line":10,"column":31}},"type":"binary-expr","locations":[{"start":{"line":10,"column":10},"end":{"line":10,"column":25}},{"start":{"line":10,"column":29},"end":{"line":10,"column":31}}],"line":10}},"s":{"0":0},"f":{"0":0},"b":{"0":[0,0]},"_coverageSchema":"1a1c01bbd47fc00a2c39e90264f33305004495a9","hash":"acdab3ae46b374e80e82d659f940d7fb43cb2998"}
,"C:\\projects\\latsar\\semakin-6502\\web\\src\\pages\\auth\\LoginPage.jsx": {"path":"C:\\projects\\latsar\\semakin-6502\\web\\src\\pages\\auth\\LoginPage.jsx","statementMap":{"0":{"start":{"line":11,"column":26},"end":{"line":11,"column":85}},"1":{"start":{"line":12,"column":28},"end":{"line":12,"column":40}},"2":{"start":{"line":13,"column":42},"end":{"line":13,"column":57}},"3":{"start":{"line":14,"column":22},"end":{"line":14,"column":31}},"4":{"start":{"line":15,"column":19},"end":{"line":15,"column":32}},"5":{"start":{"line":17,"column":22},"end":{"line":46,"column":3}},"6":{"start":{"line":18,"column":4},"end":{"line":21,"column":5}},"7":{"start":{"line":19,"column":6},"end":{"line":19,"column":59}},"8":{"start":{"line":20,"column":6},"end":{"line":20,"column":13}},"9":{"start":{"line":22,"column":4},"end":{"line":45,"column":5}},"10":{"start":{"line":23,"column":18},"end":{"line":25,"column":8}},"11":{"start":{"line":27,"column":6},"end":{"line":27,"column":29}},"12":{"start":{"line":28,"column":6},"end":{"line":34,"column":7}},"13":{"start":{"line":29,"column":8},"end":{"line":29,"column":68}},"14":{"start":{"line":30,"column":8},"end":{"line":30,"column":42}},"15":{"start":{"line":32,"column":8},"end":{"line":32,"column":70}},"16":{"start":{"line":33,"column":8},"end":{"line":33,"column":40}},"17":{"start":{"line":36,"column":6},"end":{"line":36,"column":19}},"18":{"start":{"line":37,"column":6},"end":{"line":37,"column":29}},"19":{"start":{"line":39,"column":6},"end":{"line":39,"column":73}},"20":{"start":{"line":40,"column":6},"end":{"line":40,"column":56}},"21":{"start":{"line":41,"column":6},"end":{"line":41,"column":43}},"22":{"start":{"line":44,"column":6},"end":{"line":44,"column":53}},"23":{"start":{"line":44,"column":25},"end":{"line":44,"column":50}},"24":{"start":{"line":48,"column":2},"end":{"line":151,"column":4}},"25":{"start":{"line":71,"column":12},"end":{"line":71,"column":31}},"26":{"start":{"line":72,"column":12},"end":{"line":72,"column":26}},"27":{"start":{"line":88,"column":31},"end":{"line":88,"column":79}},"28":{"start":{"line":107,"column":33},"end":{"line":107,"column":79}},"29":{"start":{"line":113,"column":31},"end":{"line":113,"column":61}},"30":{"start":{"line":134,"column":18},"end":{"line":134,"column":66}}},"fnMap":{"0":{"name":"LoginPage","decl":{"start":{"line":10,"column":24},"end":{"line":10,"column":33}},"loc":{"start":{"line":10,"column":36},"end":{"line":152,"column":1}},"line":10},"1":{"name":"(anonymous_1)","decl":{"start":{"line":17,"column":22},"end":{"line":17,"column":23}},"loc":{"start":{"line":17,"column":34},"end":{"line":46,"column":3}},"line":17},"2":{"name":"(anonymous_2)","decl":{"start":{"line":44,"column":14},"end":{"line":44,"column":15}},"loc":{"start":{"line":44,"column":25},"end":{"line":44,"column":50}},"line":44},"3":{"name":"(anonymous_3)","decl":{"start":{"line":70,"column":20},"end":{"line":70,"column":21}},"loc":{"start":{"line":70,"column":27},"end":{"line":73,"column":11}},"line":70},"4":{"name":"(anonymous_4)","decl":{"start":{"line":88,"column":24},"end":{"line":88,"column":25}},"loc":{"start":{"line":88,"column":31},"end":{"line":88,"column":79}},"line":88},"5":{"name":"(anonymous_5)","decl":{"start":{"line":107,"column":26},"end":{"line":107,"column":27}},"loc":{"start":{"line":107,"column":33},"end":{"line":107,"column":79}},"line":107},"6":{"name":"(anonymous_6)","decl":{"start":{"line":113,"column":25},"end":{"line":113,"column":26}},"loc":{"start":{"line":113,"column":31},"end":{"line":113,"column":61}},"line":113},"7":{"name":"(anonymous_7)","decl":{"start":{"line":133,"column":26},"end":{"line":133,"column":27}},"loc":{"start":{"line":134,"column":18},"end":{"line":134,"column":66}},"line":134}},"branchMap":{"0":{"loc":{"start":{"line":18,"column":4},"end":{"line":21,"column":5}},"type":"if","locations":[{"start":{"line":18,"column":4},"end":{"line":21,"column":5}},{"start":{},"end":{}}],"line":18},"1":{"loc":{"start":{"line":18,"column":8},"end":{"line":18,"column":42}},"type":"binary-expr","locations":[{"start":{"line":18,"column":8},"end":{"line":18,"column":24}},{"start":{"line":18,"column":28},"end":{"line":18,"column":42}}],"line":18},"2":{"loc":{"start":{"line":28,"column":6},"end":{"line":34,"column":7}},"type":"if","locations":[{"start":{"line":28,"column":6},"end":{"line":34,"column":7}},{"start":{"line":31,"column":13},"end":{"line":34,"column":7}}],"line":28},"3":{"loc":{"start":{"line":39,"column":37},"end":{"line":39,"column":71}},"type":"binary-expr","locations":[{"start":{"line":39,"column":37},"end":{"line":39,"column":56}},{"start":{"line":39,"column":60},"end":{"line":39,"column":71}}],"line":39},"4":{"loc":{"start":{"line":87,"column":21},"end":{"line":87,"column":42}},"type":"binary-expr","locations":[{"start":{"line":87,"column":21},"end":{"line":87,"column":36}},{"start":{"line":87,"column":40},"end":{"line":87,"column":42}}],"line":87},"5":{"loc":{"start":{"line":104,"column":22},"end":{"line":104,"column":56}},"type":"cond-expr","locations":[{"start":{"line":104,"column":37},"end":{"line":104,"column":43}},{"start":{"line":104,"column":46},"end":{"line":104,"column":56}}],"line":104},"6":{"loc":{"start":{"line":106,"column":23},"end":{"line":106,"column":42}},"type":"binary-expr","locations":[{"start":{"line":106,"column":23},"end":{"line":106,"column":36}},{"start":{"line":106,"column":40},"end":{"line":106,"column":42}}],"line":106},"7":{"loc":{"start":{"line":115,"column":23},"end":{"line":115,"column":70}},"type":"cond-expr","locations":[{"start":{"line":115,"column":38},"end":{"line":115,"column":51}},{"start":{"line":115,"column":54},"end":{"line":115,"column":70}}],"line":115},"8":{"loc":{"start":{"line":116,"column":28},"end":{"line":116,"column":75}},"type":"cond-expr","locations":[{"start":{"line":116,"column":43},"end":{"line":116,"column":56}},{"start":{"line":116,"column":59},"end":{"line":116,"column":75}}],"line":116},"9":{"loc":{"start":{"line":118,"column":17},"end":{"line":118,"column":72}},"type":"cond-expr","locations":[{"start":{"line":118,"column":32},"end":{"line":118,"column":52}},{"start":{"line":118,"column":55},"end":{"line":118,"column":72}}],"line":118},"10":{"loc":{"start":{"line":123,"column":11},"end":{"line":125,"column":11}},"type":"binary-expr","locations":[{"start":{"line":123,"column":11},"end":{"line":123,"column":16}},{"start":{"line":124,"column":12},"end":{"line":124,"column":75}}],"line":123}},"s":{"0":4,"1":4,"2":4,"3":4,"4":4,"5":4,"6":0,"7":0,"8":0,"9":0,"10":0,"11":0,"12":0,"13":0,"14":0,"15":0,"16":0,"17":0,"18":0,"19":0,"20":0,"21":0,"22":0,"23":0,"24":4,"25":0,"26":0,"27":0,"28":0,"29":1,"30":0},"f":{"0":4,"1":0,"2":0,"3":0,"4":0,"5":0,"6":1,"7":0},"b":{"0":[0,0],"1":[0,0],"2":[0,0],"3":[0,0],"4":[4,0],"5":[1,3],"6":[4,0],"7":[1,3],"8":[1,3],"9":[1,3],"10":[4,0]},"_coverageSchema":"1a1c01bbd47fc00a2c39e90264f33305004495a9","hash":"1b5e0df91f3529242a9df57feca360c3520c5f9e"}
,"C:\\projects\\latsar\\semakin-6502\\web\\src\\pages\\auth\\useAuth.jsx": {"path":"C:\\projects\\latsar\\semakin-6502\\web\\src\\pages\\auth\\useAuth.jsx","statementMap":{"0":{"start":{"line":13,"column":20},"end":{"line":13,"column":35}},"1":{"start":{"line":16,"column":26},"end":{"line":20,"column":4}},"2":{"start":{"line":18,"column":6},"end":{"line":18,"column":68}},"3":{"start":{"line":19,"column":4},"end":{"line":19,"column":50}},"4":{"start":{"line":22,"column":22},"end":{"line":35,"column":8}},"5":{"start":{"line":23,"column":4},"end":{"line":34,"column":5}},"6":{"start":{"line":24,"column":18},"end":{"line":24,"column":45}},"7":{"start":{"line":25,"column":23},"end":{"line":25,"column":50}},"8":{"start":{"line":26,"column":6},"end":{"line":26,"column":24}},"9":{"start":{"line":28,"column":8},"end":{"line":28,"column":77}},"10":{"start":{"line":29,"column":6},"end":{"line":29,"column":56}},"11":{"start":{"line":31,"column":6},"end":{"line":31,"column":38}},"12":{"start":{"line":32,"column":6},"end":{"line":32,"column":40}},"13":{"start":{"line":33,"column":6},"end":{"line":33,"column":20}},"14":{"start":{"line":37,"column":2},"end":{"line":44,"column":20}},"15":{"start":{"line":39,"column":6},"end":{"line":39,"column":68}},"16":{"start":{"line":40,"column":24},"end":{"line":40,"column":61}},"17":{"start":{"line":41,"column":4},"end":{"line":43,"column":5}},"18":{"start":{"line":42,"column":6},"end":{"line":42,"column":20}},"19":{"start":{"line":46,"column":16},"end":{"line":49,"column":3}},"20":{"start":{"line":47,"column":11},"end":{"line":47,"column":28}},"21":{"start":{"line":51,"column":2},"end":{"line":51,"column":79}},"22":{"start":{"line":55,"column":2},"end":{"line":55,"column":33}}},"fnMap":{"0":{"name":"AuthProvider","decl":{"start":{"line":15,"column":16},"end":{"line":15,"column":28}},"loc":{"start":{"line":15,"column":43},"end":{"line":52,"column":1}},"line":15},"1":{"name":"(anonymous_1)","decl":{"start":{"line":16,"column":35},"end":{"line":16,"column":36}},"loc":{"start":{"line":16,"column":41},"end":{"line":20,"column":3}},"line":16},"2":{"name":"(anonymous_2)","decl":{"start":{"line":22,"column":34},"end":{"line":22,"column":35}},"loc":{"start":{"line":22,"column":46},"end":{"line":35,"column":3}},"line":22},"3":{"name":"(anonymous_3)","decl":{"start":{"line":37,"column":12},"end":{"line":37,"column":13}},"loc":{"start":{"line":37,"column":18},"end":{"line":44,"column":3}},"line":37},"4":{"name":"(anonymous_4)","decl":{"start":{"line":47,"column":4},"end":{"line":47,"column":5}},"loc":{"start":{"line":47,"column":11},"end":{"line":47,"column":28}},"line":47},"5":{"name":"useAuth","decl":{"start":{"line":54,"column":16},"end":{"line":54,"column":23}},"loc":{"start":{"line":54,"column":26},"end":{"line":56,"column":1}},"line":54}},"branchMap":{"0":{"loc":{"start":{"line":18,"column":6},"end":{"line":18,"column":68}},"type":"binary-expr","locations":[{"start":{"line":18,"column":6},"end":{"line":18,"column":34}},{"start":{"line":18,"column":38},"end":{"line":18,"column":68}}],"line":18},"1":{"loc":{"start":{"line":19,"column":11},"end":{"line":19,"column":49}},"type":"cond-expr","locations":[{"start":{"line":19,"column":15},"end":{"line":19,"column":42}},{"start":{"line":19,"column":45},"end":{"line":19,"column":49}}],"line":19},"2":{"loc":{"start":{"line":28,"column":8},"end":{"line":28,"column":77}},"type":"cond-expr","locations":[{"start":{"line":28,"column":48},"end":{"line":28,"column":60}},{"start":{"line":28,"column":63},"end":{"line":28,"column":77}}],"line":28},"3":{"loc":{"start":{"line":39,"column":6},"end":{"line":39,"column":68}},"type":"binary-expr","locations":[{"start":{"line":39,"column":6},"end":{"line":39,"column":34}},{"start":{"line":39,"column":38},"end":{"line":39,"column":68}}],"line":39},"4":{"loc":{"start":{"line":41,"column":4},"end":{"line":43,"column":5}},"type":"if","locations":[{"start":{"line":41,"column":4},"end":{"line":43,"column":5}},{"start":{},"end":{}}],"line":41},"5":{"loc":{"start":{"line":41,"column":8},"end":{"line":41,"column":31}},"type":"binary-expr","locations":[{"start":{"line":41,"column":8},"end":{"line":41,"column":15}},{"start":{"line":41,"column":19},"end":{"line":41,"column":31}}],"line":41}},"s":{"0":9,"1":3,"2":3,"3":3,"4":3,"5":3,"6":3,"7":0,"8":0,"9":0,"10":0,"11":3,"12":3,"13":3,"14":3,"15":3,"16":3,"17":3,"18":3,"19":3,"20":3,"21":3,"22":5},"f":{"0":3,"1":3,"2":3,"3":3,"4":3,"5":5},"b":{"0":[3,3],"1":[0,3],"2":[0,0],"3":[3,3],"4":[3,0],"5":[3,3]},"_coverageSchema":"1a1c01bbd47fc00a2c39e90264f33305004495a9","hash":"04aa7ab79a7741c4ac8fb9e9c54dca12922206b7"}
,"C:\\projects\\latsar\\semakin-6502\\web\\src\\pages\\dashboard\\Dashboard.jsx": {"path":"C:\\projects\\latsar\\semakin-6502\\web\\src\\pages\\dashboard\\Dashboard.jsx","statementMap":{"0":{"start":{"line":15,"column":18},"end":{"line":20,"column":1}},"1":{"start":{"line":16,"column":12},"end":{"line":16,"column":27}},"2":{"start":{"line":17,"column":12},"end":{"line":17,"column":53}},"3":{"start":{"line":18,"column":14},"end":{"line":18,"column":50}},"4":{"start":{"line":19,"column":2},"end":{"line":19,"column":28}},"5":{"start":{"line":22,"column":22},"end":{"line":35,"column":1}},"6":{"start":{"line":23,"column":16},"end":{"line":23,"column":40}},"7":{"start":{"line":24,"column":15},"end":{"line":24,"column":43}},"8":{"start":{"line":25,"column":16},"end":{"line":25,"column":18}},"9":{"start":{"line":27,"column":16},"end":{"line":27,"column":31}},"10":{"start":{"line":28,"column":2},"end":{"line":28,"column":62}},"11":{"start":{"line":30,"column":2},"end":{"line":32,"column":3}},"12":{"start":{"line":30,"column":15},"end":{"line":30,"column":30}},"13":{"start":{"line":31,"column":4},"end":{"line":31,"column":28}},"14":{"start":{"line":34,"column":2},"end":{"line":34,"column":15}},"15":{"start":{"line":37,"column":18},"end":{"line":534,"column":1}},"16":{"start":{"line":38,"column":19},"end":{"line":38,"column":28}},"17":{"start":{"line":39,"column":36},"end":{"line":39,"column":48}},"18":{"start":{"line":40,"column":38},"end":{"line":40,"column":50}},"19":{"start":{"line":41,"column":46},"end":{"line":41,"column":58}},"20":{"start":{"line":42,"column":36},"end":{"line":42,"column":47}},"21":{"start":{"line":43,"column":38},"end":{"line":43,"column":69}},"22":{"start":{"line":44,"column":26},"end":{"line":44,"column":60}},"23":{"start":{"line":45,"column":40},"end":{"line":45,"column":52}},"24":{"start":{"line":46,"column":32},"end":{"line":46,"column":46}},"25":{"start":{"line":47,"column":34},"end":{"line":47,"column":46}},"26":{"start":{"line":48,"column":50},"end":{"line":48,"column":65}},"27":{"start":{"line":49,"column":42},"end":{"line":49,"column":57}},"28":{"start":{"line":50,"column":52},"end":{"line":50,"column":66}},"29":{"start":{"line":51,"column":44},"end":{"line":51,"column":58}},"30":{"start":{"line":52,"column":24},"end":{"line":52,"column":60}},"31":{"start":{"line":54,"column":28},"end":{"line":57,"column":8}},"32":{"start":{"line":55,"column":4},"end":{"line":55,"column":20}},"33":{"start":{"line":56,"column":4},"end":{"line":56,"column":61}},"34":{"start":{"line":56,"column":29},"end":{"line":56,"column":58}},"35":{"start":{"line":59,"column":27},"end":{"line":61,"column":8}},"36":{"start":{"line":60,"column":4},"end":{"line":60,"column":60}},"37":{"start":{"line":60,"column":28},"end":{"line":60,"column":57}},"38":{"start":{"line":63,"column":27},"end":{"line":66,"column":8}},"39":{"start":{"line":64,"column":4},"end":{"line":64,"column":20}},"40":{"start":{"line":65,"column":4},"end":{"line":65,"column":55}},"41":{"start":{"line":65,"column":23},"end":{"line":65,"column":52}},"42":{"start":{"line":68,"column":2},"end":{"line":470,"column":72}},"43":{"start":{"line":69,"column":4},"end":{"line":69,"column":22}},"44":{"start":{"line":70,"column":25},"end":{"line":467,"column":5}},"45":{"start":{"line":71,"column":20},"end":{"line":71,"column":30}},"46":{"start":{"line":72,"column":22},"end":{"line":72,"column":38}},"47":{"start":{"line":73,"column":20},"end":{"line":73,"column":30}},"48":{"start":{"line":74,"column":25},"end":{"line":74,"column":49}},"49":{"start":{"line":75,"column":23},"end":{"line":75,"column":51}},"50":{"start":{"line":77,"column":25},"end":{"line":77,"column":51}},"51":{"start":{"line":79,"column":25},"end":{"line":83,"column":8}},"52":{"start":{"line":80,"column":20},"end":{"line":80,"column":35}},"53":{"start":{"line":81,"column":8},"end":{"line":81,"column":41}},"54":{"start":{"line":82,"column":8},"end":{"line":82,"column":46}},"55":{"start":{"line":84,"column":6},"end":{"line":84,"column":48}},"56":{"start":{"line":84,"column":31},"end":{"line":84,"column":48}},"57":{"start":{"line":85,"column":28},"end":{"line":85,"column":116}},"58":{"start":{"line":86,"column":6},"end":{"line":86,"column":38}},"59":{"start":{"line":88,"column":6},"end":{"line":466,"column":7}},"60":{"start":{"line":89,"column":24},"end":{"line":89,"column":26}},"61":{"start":{"line":90,"column":8},"end":{"line":90,"column":67}},"62":{"start":{"line":90,"column":42},"end":{"line":90,"column":67}},"63":{"start":{"line":91,"column":8},"end":{"line":92,"column":39}},"64":{"start":{"line":92,"column":10},"end":{"line":92,"column":39}},"65":{"start":{"line":96,"column":30},"end":{"line":102,"column":9}},"66":{"start":{"line":101,"column":27},"end":{"line":101,"column":35}},"67":{"start":{"line":105,"column":34},"end":{"line":111,"column":9}},"68":{"start":{"line":110,"column":27},"end":{"line":110,"column":35}},"69":{"start":{"line":114,"column":10},"end":{"line":120,"column":16}},"70":{"start":{"line":123,"column":10},"end":{"line":142,"column":12}},"71":{"start":{"line":144,"column":22},"end":{"line":144,"column":27}},"72":{"start":{"line":146,"column":28},"end":{"line":146,"column":89}},"73":{"start":{"line":147,"column":32},"end":{"line":147,"column":34}},"74":{"start":{"line":148,"column":8},"end":{"line":181,"column":9}},"75":{"start":{"line":149,"column":27},"end":{"line":153,"column":16}},"76":{"start":{"line":151,"column":23},"end":{"line":151,"column":63}},"77":{"start":{"line":155,"column":25},"end":{"line":160,"column":16}},"78":{"start":{"line":157,"column":24},"end":{"line":157,"column":56}},"79":{"start":{"line":158,"column":12},"end":{"line":158,"column":48}},"80":{"start":{"line":159,"column":12},"end":{"line":159,"column":23}},"81":{"start":{"line":162,"column":29},"end":{"line":162,"column":31}},"82":{"start":{"line":163,"column":10},"end":{"line":172,"column":11}},"83":{"start":{"line":164,"column":20},"end":{"line":164,"column":40}},"84":{"start":{"line":168,"column":24},"end":{"line":168,"column":46}},"85":{"start":{"line":169,"column":12},"end":{"line":171,"column":14}},"86":{"start":{"line":174,"column":10},"end":{"line":174,"column":35}},"87":{"start":{"line":175,"column":10},"end":{"line":175,"column":41}},"88":{"start":{"line":176,"column":10},"end":{"line":178,"column":12}},"89":{"start":{"line":177,"column":37},"end":{"line":177,"column":58}},"90":{"start":{"line":180,"column":10},"end":{"line":180,"column":25}},"91":{"start":{"line":186,"column":26},"end":{"line":186,"column":28}},"92":{"start":{"line":187,"column":8},"end":{"line":195,"column":9}},"93":{"start":{"line":188,"column":10},"end":{"line":190,"column":12}},"94":{"start":{"line":189,"column":12},"end":{"line":189,"column":92}},"95":{"start":{"line":191,"column":10},"end":{"line":192,"column":27}},"96":{"start":{"line":191,"column":46},"end":{"line":191,"column":69}},"97":{"start":{"line":192,"column":12},"end":{"line":192,"column":27}},"98":{"start":{"line":194,"column":10},"end":{"line":194,"column":25}},"99":{"start":{"line":198,"column":31},"end":{"line":198,"column":33}},"100":{"start":{"line":199,"column":30},"end":{"line":199,"column":32}},"101":{"start":{"line":200,"column":8},"end":{"line":208,"column":9}},"102":{"start":{"line":201,"column":10},"end":{"line":203,"column":12}},"103":{"start":{"line":202,"column":12},"end":{"line":202,"column":96}},"104":{"start":{"line":204,"column":10},"end":{"line":205,"column":27}},"105":{"start":{"line":204,"column":50},"end":{"line":204,"column":73}},"106":{"start":{"line":205,"column":12},"end":{"line":205,"column":27}},"107":{"start":{"line":207,"column":10},"end":{"line":207,"column":25}},"108":{"start":{"line":212,"column":10},"end":{"line":214,"column":16}},"109":{"start":{"line":216,"column":32},"end":{"line":277,"column":10}},"110":{"start":{"line":217,"column":20},"end":{"line":217,"column":24}},"111":{"start":{"line":219,"column":12},"end":{"line":221,"column":18}},"112":{"start":{"line":224,"column":28},"end":{"line":224,"column":51}},"113":{"start":{"line":225,"column":26},"end":{"line":225,"column":49}},"114":{"start":{"line":226,"column":10},"end":{"line":226,"column":51}},"115":{"start":{"line":227,"column":33},"end":{"line":231,"column":12}},"116":{"start":{"line":228,"column":12},"end":{"line":228,"column":43}},"117":{"start":{"line":228,"column":30},"end":{"line":228,"column":43}},"118":{"start":{"line":229,"column":22},"end":{"line":229,"column":42}},"119":{"start":{"line":230,"column":12},"end":{"line":230,"column":86}},"120":{"start":{"line":232,"column":32},"end":{"line":232,"column":53}},"121":{"start":{"line":233,"column":34},"end":{"line":235,"column":18}},"122":{"start":{"line":234,"column":20},"end":{"line":234,"column":59}},"123":{"start":{"line":236,"column":32},"end":{"line":236,"column":76}},"124":{"start":{"line":239,"column":31},"end":{"line":239,"column":88}},"125":{"start":{"line":240,"column":29},"end":{"line":240,"column":78}},"126":{"start":{"line":241,"column":26},"end":{"line":241,"column":81}},"127":{"start":{"line":242,"column":25},"end":{"line":242,"column":27}},"128":{"start":{"line":243,"column":10},"end":{"line":249,"column":11}},"129":{"start":{"line":243,"column":23},"end":{"line":243,"column":45}},"130":{"start":{"line":244,"column":24},"end":{"line":244,"column":46}},"131":{"start":{"line":245,"column":26},"end":{"line":245,"column":123}},"132":{"start":{"line":245,"column":105},"end":{"line":245,"column":122}},"133":{"start":{"line":246,"column":25},"end":{"line":246,"column":75}},"134":{"start":{"line":247,"column":32},"end":{"line":247,"column":52}},"135":{"start":{"line":248,"column":12},"end":{"line":248,"column":132}},"136":{"start":{"line":252,"column":27},"end":{"line":252,"column":70}},"137":{"start":{"line":253,"column":29},"end":{"line":253,"column":68}},"138":{"start":{"line":255,"column":30},"end":{"line":255,"column":120}},"139":{"start":{"line":255,"column":94},"end":{"line":255,"column":116}},"140":{"start":{"line":256,"column":28},"end":{"line":256,"column":114}},"141":{"start":{"line":256,"column":90},"end":{"line":256,"column":110}},"142":{"start":{"line":257,"column":31},"end":{"line":257,"column":60}},"143":{"start":{"line":258,"column":29},"end":{"line":258,"column":54}},"144":{"start":{"line":259,"column":32},"end":{"line":261,"column":15}},"145":{"start":{"line":263,"column":10},"end":{"line":276,"column":12}},"146":{"start":{"line":279,"column":8},"end":{"line":279,"column":39}},"147":{"start":{"line":281,"column":10},"end":{"line":281,"column":91}},"148":{"start":{"line":282,"column":8},"end":{"line":288,"column":9}},"149":{"start":{"line":283,"column":33},"end":{"line":283,"column":91}},"150":{"start":{"line":284,"column":31},"end":{"line":284,"column":64}},"151":{"start":{"line":286,"column":10},"end":{"line":286,"column":37}},"152":{"start":{"line":287,"column":10},"end":{"line":287,"column":62}},"153":{"start":{"line":291,"column":27},"end":{"line":292,"column":90}},"154":{"start":{"line":292,"column":10},"end":{"line":292,"column":90}},"155":{"start":{"line":293,"column":36},"end":{"line":380,"column":10}},"156":{"start":{"line":294,"column":20},"end":{"line":294,"column":67}},"157":{"start":{"line":296,"column":12},"end":{"line":298,"column":18}},"158":{"start":{"line":300,"column":28},"end":{"line":300,"column":51}},"159":{"start":{"line":301,"column":26},"end":{"line":301,"column":49}},"160":{"start":{"line":302,"column":10},"end":{"line":302,"column":51}},"161":{"start":{"line":303,"column":33},"end":{"line":312,"column":11}},"162":{"start":{"line":305,"column":14},"end":{"line":305,"column":45}},"163":{"start":{"line":305,"column":32},"end":{"line":305,"column":45}},"164":{"start":{"line":306,"column":24},"end":{"line":306,"column":44}},"165":{"start":{"line":307,"column":30},"end":{"line":307,"column":96}},"166":{"start":{"line":308,"column":28},"end":{"line":308,"column":42}},"167":{"start":{"line":309,"column":29},"end":{"line":309,"column":99}},"168":{"start":{"line":310,"column":14},"end":{"line":310,"column":39}},"169":{"start":{"line":313,"column":32},"end":{"line":313,"column":53}},"170":{"start":{"line":314,"column":34},"end":{"line":316,"column":18}},"171":{"start":{"line":315,"column":20},"end":{"line":315,"column":59}},"172":{"start":{"line":317,"column":32},"end":{"line":317,"column":76}},"173":{"start":{"line":319,"column":10},"end":{"line":341,"column":11}},"174":{"start":{"line":320,"column":29},"end":{"line":320,"column":72}},"175":{"start":{"line":321,"column":31},"end":{"line":321,"column":70}},"176":{"start":{"line":322,"column":33},"end":{"line":322,"column":61}},"177":{"start":{"line":323,"column":31},"end":{"line":323,"column":55}},"178":{"start":{"line":324,"column":34},"end":{"line":326,"column":17}},"179":{"start":{"line":327,"column":12},"end":{"line":340,"column":14}},"180":{"start":{"line":343,"column":31},"end":{"line":343,"column":53}},"181":{"start":{"line":344,"column":28},"end":{"line":344,"column":42}},"182":{"start":{"line":345,"column":26},"end":{"line":345,"column":40}},"183":{"start":{"line":346,"column":31},"end":{"line":346,"column":78}},"184":{"start":{"line":347,"column":29},"end":{"line":347,"column":68}},"185":{"start":{"line":348,"column":31},"end":{"line":348,"column":86}},"186":{"start":{"line":350,"column":25},"end":{"line":353,"column":12}},"187":{"start":{"line":351,"column":24},"end":{"line":351,"column":43}},"188":{"start":{"line":352,"column":12},"end":{"line":352,"column":56}},"189":{"start":{"line":355,"column":28},"end":{"line":355,"column":71}},"190":{"start":{"line":356,"column":30},"end":{"line":356,"column":69}},"191":{"start":{"line":357,"column":31},"end":{"line":357,"column":124}},"192":{"start":{"line":357,"column":98},"end":{"line":357,"column":120}},"193":{"start":{"line":358,"column":29},"end":{"line":358,"column":118}},"194":{"start":{"line":358,"column":94},"end":{"lin
[...]
,"C:\\projects\\latsar\\semakin-6502\\web\\src\\utils\\camelizeKeys.js": {"path":"C:\\projects\\latsar\\semakin-6502\\web\\src\\utils\\camelizeKeys.js","statementMap":{"0":{"start":{"line":2,"column":2},"end":{"line":2,"column":72}},"1":{"start":{"line":2,"column":45},"end":{"line":2,"column":69}},"2":{"start":{"line":6,"column":2},"end":{"line":8,"column":3}},"3":{"start":{"line":7,"column":4},"end":{"line":7,"column":34}},"4":{"start":{"line":9,"column":2},"end":{"line":14,"column":3}},"5":{"start":{"line":10,"column":4},"end":{"line":13,"column":11}},"6":{"start":{"line":11,"column":6},"end":{"line":11,"column":46}},"7":{"start":{"line":12,"column":6},"end":{"line":12,"column":17}},"8":{"start":{"line":15,"column":2},"end":{"line":15,"column":14}}},"fnMap":{"0":{"name":"toCamel","decl":{"start":{"line":1,"column":9},"end":{"line":1,"column":16}},"loc":{"start":{"line":1,"column":22},"end":{"line":3,"column":1}},"line":1},"1":{"name":"(anonymous_1)","decl":{"start":{"line":2,"column":34},"end":{"line":2,"column":35}},"loc":{"start":{"line":2,"column":45},"end":{"line":2,"column":69}},"line":2},"2":{"name":"camelizeKeys","decl":{"start":{"line":5,"column":24},"end":{"line":5,"column":36}},"loc":{"start":{"line":5,"column":43},"end":{"line":16,"column":1}},"line":5},"3":{"name":"(anonymous_3)","decl":{"start":{"line":10,"column":39},"end":{"line":10,"column":40}},"loc":{"start":{"line":10,"column":62},"end":{"line":13,"column":5}},"line":10}},"branchMap":{"0":{"loc":{"start":{"line":2,"column":45},"end":{"line":2,"column":69}},"type":"cond-expr","locations":[{"start":{"line":2,"column":49},"end":{"line":2,"column":64}},{"start":{"line":2,"column":67},"end":{"line":2,"column":69}}],"line":2},"1":{"loc":{"start":{"line":6,"column":2},"end":{"line":8,"column":3}},"type":"if","locations":[{"start":{"line":6,"column":2},"end":{"line":8,"column":3}},{"start":{},"end":{}}],"line":6},"2":{"loc":{"start":{"line":9,"column":2},"end":{"line":14,"column":3}},"type":"if","locations":[{"start":{"line":9,"column":2},"end":{"line":14,"column":3}},{"start":{},"end":{}}],"line":9},"3":{"loc":{"start":{"line":9,"column":6},"end":{"line":9,"column":69}},"type":"binary-expr","locations":[{"start":{"line":9,"column":6},"end":{"line":9,"column":10}},{"start":{"line":9,"column":14},"end":{"line":9,"column":38}},{"start":{"line":9,"column":42},"end":{"line":9,"column":69}}],"line":9}},"s":{"0":0,"1":0,"2":0,"3":0,"4":0,"5":0,"6":0,"7":0,"8":0},"f":{"0":0,"1":0,"2":0,"3":0},"b":{"0":[0,0],"1":[0,0],"2":[0,0],"3":[0,0,0]},"_coverageSchema":"1a1c01bbd47fc00a2c39e90264f33305004495a9","hash":"c50dc971fbb4c0af6b4c9255e01a5934224c7752"}
,"C:\\projects\\latsar\\semakin-6502\\web\\src\\utils\\confirmAlert.js": {"path":"C:\\projects\\latsar\\semakin-6502\\web\\src\\utils\\confirmAlert.js","statementMap":{"0":{"start":{"line":3,"column":20},"end":{"line":8,"column":1}},"1":{"start":{"line":15,"column":2},"end":{"line":21,"column":5}}},"fnMap":{"0":{"name":"confirmAlert","decl":{"start":{"line":14,"column":24},"end":{"line":14,"column":36}},"loc":{"start":{"line":14,"column":51},"end":{"line":22,"column":1}},"line":14}},"branchMap":{"0":{"loc":{"start":{"line":14,"column":37},"end":{"line":14,"column":49}},"type":"default-arg","locations":[{"start":{"line":14,"column":47},"end":{"line":14,"column":49}}],"line":14}},"s":{"0":6,"1":0},"f":{"0":0},"b":{"0":[0]},"_coverageSchema":"1a1c01bbd47fc00a2c39e90264f33305004495a9","hash":"a8d8774cfec6e79bc763b7a67f1f1a2d5bbca2b0"}
,"C:\\projects\\latsar\\semakin-6502\\web\\src\\utils\\dateUtils.js": {"path":"C:\\projects\\latsar\\semakin-6502\\web\\src\\utils\\dateUtils.js","statementMap":{"0":{"start":{"line":2,"column":16},"end":{"line":2,"column":64}},"1":{"start":{"line":3,"column":17},"end":{"line":3,"column":41}},"2":{"start":{"line":4,"column":2},"end":{"line":4,"column":59}}},"fnMap":{"0":{"name":"getWeekOfMonth","decl":{"start":{"line":1,"column":16},"end":{"line":1,"column":30}},"loc":{"start":{"line":1,"column":37},"end":{"line":5,"column":1}},"line":1}},"branchMap":{},"s":{"0":16,"1":16,"2":16},"f":{"0":16},"b":{},"_coverageSchema":"1a1c01bbd47fc00a2c39e90264f33305004495a9","hash":"711491212685fddd9de41ba469df334d012322d4"}
,"C:\\projects\\latsar\\semakin-6502\\web\\src\\utils\\dayjs.js": {"path":"C:\\projects\\latsar\\semakin-6502\\web\\src\\utils\\dayjs.js","statementMap":{"0":{"start":{"line":7,"column":0},"end":{"line":7,"column":18}},"1":{"start":{"line":8,"column":0},"end":{"line":8,"column":23}},"2":{"start":{"line":9,"column":0},"end":{"line":9,"column":27}},"3":{"start":{"line":10,"column":0},"end":{"line":10,"column":19}},"4":{"start":{"line":12,"column":0},"end":{"line":12,"column":37}}},"fnMap":{},"branchMap":{},"s":{"0":4,"1":4,"2":4,"3":4,"4":4},"f":{},"b":{},"_coverageSchema":"1a1c01bbd47fc00a2c39e90264f33305004495a9","hash":"3c7da8830f9ed2cb6052ddc005bfef3e515f5d89"}
,"C:\\projects\\latsar\\semakin-6502\\web\\src\\utils\\exportFileName.js": {"path":"C:\\projects\\latsar\\semakin-6502\\web\\src\\utils\\exportFileName.js","statementMap":{"0":{"start":{"line":10,"column":14},"end":{"line":10,"column":24}},"1":{"start":{"line":11,"column":13},"end":{"line":11,"column":51}},"2":{"start":{"line":12,"column":13},"end":{"line":12,"column":56}},"3":{"start":{"line":13,"column":15},"end":{"line":13,"column":32}},"4":{"start":{"line":14,"column":13},"end":{"line":14,"column":52}},"5":{"start":{"line":15,"column":14},"end":{"line":15,"column":55}},"6":{"start":{"line":18,"column":4},"end":{"line":20,"column":22}},"7":{"start":{"line":21,"column":20},"end":{"line":21,"column":31}},"8":{"start":{"line":23,"column":21},"end":{"line":23,"column":54}},"9":{"start":{"line":25,"column":2},"end":{"line":25,"column":76}}},"fnMap":{"0":{"name":"exportFileName","decl":{"start":{"line":9,"column":24},"end":{"line":9,"column":38}},"loc":{"start":{"line":9,"column":66},"end":{"line":26,"column":1}},"line":9}},"branchMap":{"0":{"loc":{"start":{"line":18,"column":4},"end":{"line":20,"column":22}},"type":"cond-expr","locations":[{"start":{"line":19,"column":8},"end":{"line":19,"column":22}},{"start":{"line":20,"column":8},"end":{"line":20,"column":22}}],"line":18},"1":{"loc":{"start":{"line":18,"column":4},"end":{"line":18,"column":73}},"type":"binary-expr","locations":[{"start":{"line":18,"column":4},"end":{"line":18,"column":34}},{"start":{"line":18,"column":38},"end":{"line":18,"column":53}},{"start":{"line":18,"column":57},"end":{"line":18,"column":73}}],"line":18},"2":{"loc":{"start":{"line":23,"column":21},"end":{"line":23,"column":54}},"type":"cond-expr","locations":[{"start":{"line":23,"column":30},"end":{"line":23,"column":49}},{"start":{"line":23,"column":52},"end":{"line":23,"column":54}}],"line":23}},"s":{"0":0,"1":0,"2":0,"3":0,"4":0,"5":0,"6":0,"7":0,"8":0,"9":0},"f":{"0":0},"b":{"0":[0,0],"1":[0,0,0],"2":[0,0]},"_coverageSchema":"1a1c01bbd47fc00a2c39e90264f33305004495a9","hash":"e8904c63c8e8c22090c36509cac7ed09b3ba5798"}
,"C:\\projects\\latsar\\semakin-6502\\web\\src\\utils\\formatDate.js": {"path":"C:\\projects\\latsar\\semakin-6502\\web\\src\\utils\\formatDate.js","statementMap":{"0":{"start":{"line":4,"column":2},"end":{"line":4,"column":22}},"1":{"start":{"line":4,"column":12},"end":{"line":4,"column":22}},"2":{"start":{"line":5,"column":12},"end":{"line":5,"column":25}},"3":{"start":{"line":6,"column":2},"end":{"line":9,"column":3}},"4":{"start":{"line":8,"column":4},"end":{"line":8,"column":47}},"5":{"start":{"line":10,"column":14},"end":{"line":10,"column":50}},"6":{"start":{"line":11,"column":2},"end":{"line":11,"column":61}}},"fnMap":{"0":{"name":"formatDate","decl":{"start":{"line":3,"column":24},"end":{"line":3,"column":34}},"loc":{"start":{"line":3,"column":45},"end":{"line":12,"column":1}},"line":3}},"branchMap":{"0":{"loc":{"start":{"line":3,"column":35},"end":{"line":3,"column":43}},"type":"default-arg","locations":[{"start":{"line":3,"column":41},"end":{"line":3,"column":43}}],"line":3},"1":{"loc":{"start":{"line":4,"column":2},"end":{"line":4,"column":22}},"type":"if","locations":[{"start":{"line":4,"column":2},"end":{"line":4,"column":22}},{"start":{},"end":{}}],"line":4},"2":{"loc":{"start":{"line":6,"column":2},"end":{"line":9,"column":3}},"type":"if","locations":[{"start":{"line":6,"column":2},"end":{"line":9,"column":3}},{"start":{},"end":{}}],"line":6}},"s":{"0":1,"1":0,"2":1,"3":1,"4":0,"5":1,"6":1},"f":{"0":1},"b":{"0":[0],"1":[0,1],"2":[0,1]},"_coverageSchema":"1a1c01bbd47fc00a2c39e90264f33305004495a9","hash":"6ccff699ea7264d106e758544cf420c843941ed9"}
,"C:\\projects\\latsar\\semakin-6502\\web\\src\\utils\\holidays.js": {"path":"C:\\projects\\latsar\\semakin-6502\\web\\src\\utils\\holidays.js","statementMap":{"0":{"start":{"line":1,"column":27},"end":{"line":11,"column":1}},"1":{"start":{"line":1,"column":37},"end":{"line":11,"column":1}}},"fnMap":{"0":{"name":"(anonymous_0)","decl":{"start":{"line":1,"column":27},"end":{"line":1,"column":28}},"loc":{"start":{"line":1,"column":37},"end":{"line":11,"column":1}},"line":1}},"branchMap":{},"s":{"0":4,"1":10},"f":{"0":10},"b":{},"_coverageSchema":"1a1c01bbd47fc00a2c39e90264f33305004495a9","hash":"a42bbd1b641f3074fcf04e31aac17843d2a273a7"}
,"C:\\projects\\latsar\\semakin-6502\\web\\src\\utils\\months.js": {"path":"C:\\projects\\latsar\\semakin-6502\\web\\src\\utils\\months.js","statementMap":{"0":{"start":{"line":1,"column":22},"end":{"line":14,"column":1}}},"fnMap":{},"branchMap":{},"s":{"0":6},"f":{},"b":{},"_coverageSchema":"1a1c01bbd47fc00a2c39e90264f33305004495a9","hash":"dffc72143110b11a22f88dcbd05681a554585eee"}
,"C:\\projects\\latsar\\semakin-6502\\web\\src\\utils\\progressColor.js": {"path":"C:\\projects\\latsar\\semakin-6502\\web\\src\\utils\\progressColor.js","statementMap":{"0":{"start":{"line":2,"column":2},"end":{"line":2,"column":30}},"1":{"start":{"line":2,"column":15},"end":{"line":2,"column":30}},"2":{"start":{"line":3,"column":2},"end":{"line":3,"column":31}},"3":{"start":{"line":3,"column":15},"end":{"line":3,"column":31}},"4":{"start":{"line":4,"column":2},"end":{"line":4,"column":15}},"5":{"start":{"line":8,"column":12},"end":{"line":8,"column":28}},"6":{"start":{"line":9,"column":2},"end":{"line":13,"column":19}}},"fnMap":{"0":{"name":"colorFor","decl":{"start":{"line":1,"column":16},"end":{"line":1,"column":24}},"loc":{"start":{"line":1,"column":28},"end":{"line":5,"column":1}},"line":1},"1":{"name":"getProgressColor","decl":{"start":{"line":7,"column":24},"end":{"line":7,"column":40}},"loc":{"start":{"line":7,"column":49},"end":{"line":14,"column":1}},"line":7}},"branchMap":{"0":{"loc":{"start":{"line":2,"column":2},"end":{"line":2,"column":30}},"type":"if","locations":[{"start":{"line":2,"column":2},"end":{"line":2,"column":30}},{"start":{},"end":{}}],"line":2},"1":{"loc":{"start":{"line":3,"column":2},"end":{"line":3,"column":31}},"type":"if","locations":[{"start":{"line":3,"column":2},"end":{"line":3,"column":31}},{"start":{},"end":{}}],"line":3},"2":{"loc":{"start":{"line":9,"column":9},"end":{"line":13,"column":18}},"type":"cond-expr","locations":[{"start":{"line":10,"column":6},"end":{"line":10,"column":20}},{"start":{"line":11,"column":6},"end":{"line":13,"column":18}}],"line":9},"3":{"loc":{"start":{"line":11,"column":6},"end":{"line":13,"column":18}},"type":"cond-expr","locations":[{"start":{"line":12,"column":6},"end":{"line":12,"column":21}},{"start":{"line":13,"column":6},"end":{"line":13,"column":18}}],"line":11}},"s":{"0":0,"1":0,"2":0,"3":0,"4":0,"5":0,"6":0},"f":{"0":0,"1":0},"b":{"0":[0,0],"1":[0,0],"2":[0,0],"3":[0,0]},"_coverageSchema":"1a1c01bbd47fc00a2c39e90264f33305004495a9","hash":"81f35a4272c539bfe9727855439cb2beac5397b7"}
,"C:\\projects\\latsar\\semakin-6502\\web\\src\\utils\\roles.js": {"path":"C:\\projects\\latsar\\semakin-6502\\web\\src\\utils\\roles.js","statementMap":{"0":{"start":{"line":1,"column":21},"end":{"line":6,"column":1}}},"fnMap":{},"branchMap":{},"s":{"0":8},"f":{},"b":{},"_coverageSchema":"1a1c01bbd47fc00a2c39e90264f33305004495a9","hash":"aebd6e5eb6a5454c5517b285dba7311ad05a8e3d"}
,"C:\\projects\\latsar\\semakin-6502\\web\\src\\utils\\selectStyles.js": {"path":"C:\\projects\\latsar\\semakin-6502\\web\\src\\utils\\selectStyles.js","statementMap":{"0":{"start":{"line":1,"column":28},"end":{"line":85,"column":1}},"1":{"start":{"line":2,"column":29},"end":{"line":15,"column":3}},"2":{"start":{"line":16,"column":20},"end":{"line":21,"column":3}},"3":{"start":{"line":22,"column":26},"end":{"line":27,"column":3}},"4":{"start":{"line":28,"column":28},"end":{"line":45,"column":3}},"5":{"start":{"line":46,"column":26},"end":{"line":51,"column":3}},"6":{"start":{"line":52,"column":25},"end":{"line":57,"column":3}},"7":{"start":{"line":58,"column":30},"end":{"line":63,"column":3}},"8":{"start":{"line":64,"column":31},"end":{"line":75,"column":3}},"9":{"start":{"line":76,"column":29},"end":{"line":80,"column":3}},"10":{"start":{"line":81,"column":25},"end":{"line":84,"column":3}}},"fnMap":{"0":{"name":"(anonymous_0)","decl":{"start":{"line":2,"column":11},"end":{"line":2,"column":12}},"loc":{"start":{"line":2,"column":29},"end":{"line":15,"column":3}},"line":2},"1":{"name":"(anonymous_1)","decl":{"start":{"line":16,"column":9},"end":{"line":16,"column":10}},"loc":{"start":{"line":16,"column":20},"end":{"line":21,"column":3}},"line":16},"2":{"name":"(anonymous_2)","decl":{"start":{"line":22,"column":15},"end":{"line":22,"column":16}},"loc":{"start":{"line":22,"column":26},"end":{"line":27,"column":3}},"line":22},"3":{"name":"(anonymous_3)","decl":{"start":{"line":28,"column":10},"end":{"line":28,"column":11}},"loc":{"start":{"line":28,"column":28},"end":{"line":45,"column":3}},"line":28},"4":{"name":"(anonymous_4)","decl":{"start":{"line":46,"column":15},"end":{"line":46,"column":16}},"loc":{"start":{"line":46,"column":26},"end":{"line":51,"column":3}},"line":46},"5":{"name":"(anonymous_5)","decl":{"start":{"line":52,"column":14},"end":{"line":52,"column":15}},"loc":{"start":{"line":52,"column":25},"end":{"line":57,"column":3}},"line":52},"6":{"name":"(anonymous_6)","decl":{"start":{"line":58,"column":19},"end":{"line":58,"column":20}},"loc":{"start":{"line":58,"column":30},"end":{"line":63,"column":3}},"line":58},"7":{"name":"(anonymous_7)","decl":{"start":{"line":64,"column":20},"end":{"line":64,"column":21}},"loc":{"start":{"line":64,"column":31},"end":{"line":75,"column":3}},"line":64},"8":{"name":"(anonymous_8)","decl":{"start":{"line":76,"column":18},"end":{"line":76,"column":19}},"loc":{"start":{"line":76,"column":29},"end":{"line":80,"column":3}},"line":76},"9":{"name":"(anonymous_9)","decl":{"start":{"line":81,"column":14},"end":{"line":81,"column":15}},"loc":{"start":{"line":81,"column":25},"end":{"line":84,"column":3}},"line":81}},"branchMap":{"0":{"loc":{"start":{"line":4,"column":21},"end":{"line":6,"column":17}},"type":"cond-expr","locations":[{"start":{"line":5,"column":8},"end":{"line":5,"column":17}},{"start":{"line":6,"column":8},"end":{"line":6,"column":17}}],"line":4},"1":{"loc":{"start":{"line":8,"column":11},"end":{"line":10,"column":17}},"type":"cond-expr","locations":[{"start":{"line":9,"column":8},"end":{"line":9,"column":17}},{"start":{"line":10,"column":8},"end":{"line":10,"column":17}}],"line":8},"2":{"loc":{"start":{"line":14,"column":15},"end":{"line":14,"column":69}},"type":"cond-expr","locations":[{"start":{"line":14,"column":33},"end":{"line":14,"column":52}},{"start":{"line":14,"column":55},"end":{"line":14,"column":69}}],"line":14},"3":{"loc":{"start":{"line":18,"column":11},"end":{"line":20,"column":17}},"type":"cond-expr","locations":[{"start":{"line":19,"column":8},"end":{"line":19,"column":17}},{"start":{"line":20,"column":8},"end":{"line":20,"column":17}}],"line":18},"4":{"loc":{"start":{"line":24,"column":11},"end":{"line":26,"column":17}},"type":"cond-expr","locations":[{"start":{"line":25,"column":8},"end":{"line":25,"column":17}},{"start":{"line":26,"column":8},"end":{"line":26,"column":17}}],"line":24},"5":{"loc":{"start":{"line":30,"column":21},"end":{"line":36,"column":17}},"type":"cond-expr","locations":[{"start":{"line":31,"column":8},"end":{"line":33,"column":19}},{"start":{"line":34,"column":8},"end":{"line":36,"column":17}}],"line":30},"6":{"loc":{"start":{"line":31,"column":8},"end":{"line":33,"column":19}},"type":"cond-expr","locations":[{"start":{"line":32,"column":10},"end":{"line":32,"column":19}},{"start":{"line":33,"column":10},"end":{"line":33,"column":19}}],"line":31},"7":{"loc":{"start":{"line":34,"column":8},"end":{"line":36,"column":17}},"type":"cond-expr","locations":[{"start":{"line":35,"column":8},"end":{"line":35,"column":17}},{"start":{"line":36,"column":8},"end":{"line":36,"column":17}}],"line":34},"8":{"loc":{"start":{"line":37,"column":11},"end":{"line":39,"column":17}},"type":"cond-expr","locations":[{"start":{"line":38,"column":8},"end":{"line":38,"column":17}},{"start":{"line":39,"column":8},"end":{"line":39,"column":17}}],"line":37},"9":{"loc":{"start":{"line":41,"column":23},"end":{"line":43,"column":19}},"type":"cond-expr","locations":[{"start":{"line":42,"column":10},"end":{"line":42,"column":19}},{"start":{"line":43,"column":10},"end":{"line":43,"column":19}}],"line":41},"10":{"loc":{"start":{"line":48,"column":11},"end":{"line":50,"column":17}},"type":"cond-expr","locations":[{"start":{"line":49,"column":8},"end":{"line":49,"column":17}},{"start":{"line":50,"column":8},"end":{"line":50,"column":17}}],"line":48},"11":{"loc":{"start":{"line":54,"column":21},"end":{"line":56,"column":17}},"type":"cond-expr","locations":[{"start":{"line":55,"column":8},"end":{"line":55,"column":17}},{"start":{"line":56,"column":8},"end":{"line":56,"column":17}}],"line":54},"12":{"loc":{"start":{"line":60,"column":11},"end":{"line":62,"column":17}},"type":"cond-expr","locations":[{"start":{"line":61,"column":8},"end":{"line":61,"column":17}},{"start":{"line":62,"column":8},"end":{"line":62,"column":17}}],"line":60},"13":{"loc":{"start":{"line":66,"column":11},"end":{"line":68,"column":17}},"type":"cond-expr","locations":[{"start":{"line":67,"column":8},"end":{"line":67,"column":17}},{"start":{"line":68,"column":8},"end":{"line":68,"column":17}}],"line":66},"14":{"loc":{"start":{"line":70,"column":23},"end":{"line":72,"column":19}},"type":"cond-expr","locations":[{"start":{"line":71,"column":10},"end":{"line":71,"column":19}},{"start":{"line":72,"column":10},"end":{"line":72,"column":19}}],"line":70}},"s":{"0":1,"1":2,"2":2,"3":0,"4":0,"5":2,"6":0,"7":0,"8":0,"9":2,"10":0},"f":{"0":2,"1":2,"2":0,"3":0,"4":2,"5":0,"6":0,"7":0,"8":2,"9":0},"b":{"0":[0,2],"1":[0,2],"2":[0,2],"3":[0,2],"4":[0,0],"5":[0,0],"6":[0,0],"7":[0,0],"8":[0,0],"9":[0,0],"10":[0,2],"11":[0,0],"12":[0,0],"13":[0,0],"14":[0,0]},"_coverageSchema":"1a1c01bbd47fc00a2c39e90264f33305004495a9","hash":"4ead08b131acbcdf6286f926e93a36644903d72f"}
,"C:\\projects\\latsar\\semakin-6502\\web\\src\\utils\\status.js": {"path":"C:\\projects\\latsar\\semakin-6502\\web\\src\\utils\\status.js","statementMap":{"0":{"start":{"line":1,"column":22},"end":{"line":5,"column":1}},"1":{"start":{"line":7,"column":29},"end":{"line":11,"column":1}},"2":{"start":{"line":14,"column":2},"end":{"line":14,"column":41}}},"fnMap":{"0":{"name":"formatStatus","decl":{"start":{"line":13,"column":16},"end":{"line":13,"column":28}},"loc":{"start":{"line":13,"column":37},"end":{"line":15,"column":1}},"line":13}},"branchMap":{"0":{"loc":{"start":{"line":14,"column":9},"end":{"line":14,"column":40}},"type":"binary-expr","locations":[{"start":{"line":14,"column":9},"end":{"line":14,"column":30}},{"start":{"line":14,"column":34},"end":{"line":14,"column":40}}],"line":14}},"s":{"0":4,"1":4,"2":4},"f":{"0":4},"b":{"0":[4,4]},"_coverageSchema":"1a1c01bbd47fc00a2c39e90264f33305004495a9","hash":"df238ef56a96ce741c355d050a3662972150fbbc"}
}
