TN:
SF:test-file-stub.js
FNF:0
FNH:0
LF:0
LH:0
BRF:0
BRH:0
end_of_record
TN:
SF:src\components\ErrorBoundary.jsx
FN:5,(anonymous_0)
FN:10,(anonymous_1)
FN:14,(anonymous_2)
FN:18,(anonymous_3)
FN:22,(anonymous_4)
FNF:5
FNH:2
FNDA:3,(anonymous_0)
FNDA:0,(anonymous_1)
FNDA:0,(anonymous_2)
FNDA:0,(anonymous_3)
FNDA:3,(anonymous_4)
DA:6,3
DA:7,3
DA:11,0
DA:15,0
DA:18,3
DA:19,0
DA:23,3
DA:24,0
DA:52,3
LF:9
LH:5
BRDA:23,0,0,0
BRDA:23,0,1,3
BRF:2
BRH:1
end_of_record
TN:
SF:src\components\ErrorBoundaryWrapper.jsx
FN:5,ErrorBoundaryWrapper
FN:10,(anonymous_1)
FN:11,(anonymous_2)
FNF:3
FNH:3
FNDA:3,ErrorBoundaryWrapper
FNDA:1,(anonymous_1)
FNDA:1,(anonymous_2)
DA:6,3
DA:7,3
DA:10,3
DA:11,1
DA:14,3
LF:5
LH:5
BRF:0
BRH:0
end_of_record
TN:
SF:src\components\Loading.jsx
FN:3,Loading
FNF:1
FNH:1
FNDA:6,Loading
DA:9,6
DA:19,6
DA:20,4
DA:27,2
LF:4
LH:4
BRDA:4,0,0,2
BRDA:5,1,0,5
BRDA:6,2,0,5
BRDA:19,3,0,4
BRDA:19,3,1,2
BRF:5
BRH:5
end_of_record
TN:
SF:src\components\Pagination.jsx
FN:1,Pagination
FN:2,(anonymous_1)
FN:4,(anonymous_2)
FN:21,(anonymous_3)
FN:32,(anonymous_4)
FN:36,(anonymous_5)
FN:57,(anonymous_6)
FNF:7
FNH:0
FNDA:0,Pagination
FNDA:0,(anonymous_1)
FNDA:0,(anonymous_2)
FNDA:0,(anonymous_3)
FNDA:0,(anonymous_4)
FNDA:0,(anonymous_5)
FNDA:0,(anonymous_6)
DA:2,0
DA:3,0
DA:4,0
DA:6,0
DA:7,0
DA:8,0
DA:9,0
DA:10,0
DA:11,0
DA:12,0
DA:13,0
DA:16,0
DA:18,0
DA:21,0
DA:33,0
DA:36,0
DA:57,0
LF:17
LH:0
BRDA:3,0,0,0
BRDA:3,0,1,0
BRDA:9,1,0,0
BRDA:9,1,1,0
BRDA:11,2,0,0
BRDA:11,2,1,0
BRDA:33,3,0,0
BRDA:33,3,1,0
BRDA:39,4,0,0
BRDA:39,4,1,0
BRDA:45,5,0,0
BRDA:45,5,1,0
BRF:12
BRH:0
end_of_record
TN:
SF:src\components\SearchInput.jsx
FN:3,SearchInput
FNF:1
FNH:1
FNDA:8,SearchInput
DA:9,8
LF:1
LH:1
BRF:0
BRH:0
end_of_record
TN:
SF:src\components\Spinner.jsx
FN:3,Spinner
FNF:1
FNH:1
FNDA:11,Spinner
DA:4,11
LF:1
LH:1
BRDA:3,0,0,0
BRF:1
BRH:0
end_of_record
TN:
SF:src\components\ui\Button.jsx
FN:3,Button
FNF:1
FNH:1
FNDA:37,Button
DA:13,37
DA:15,37
DA:19,37
DA:28,37
DA:30,37
LF:5
LH:5
BRDA:5,0,0,26
BRDA:6,1,0,27
BRDA:7,2,0,10
BRDA:8,3,0,33
BRDA:15,4,0,10
BRDA:15,4,1,27
BRDA:28,5,0,37
BRDA:28,5,1,37
BRDA:32,6,0,37
BRDA:32,6,1,33
BRDA:33,7,0,37
BRDA:33,7,1,0
BRDA:34,8,0,0
BRDA:34,8,1,37
BRDA:39,9,0,0
BRDA:39,9,1,37
BRF:16
BRH:13
end_of_record
TN:
SF:src\components\ui\DataTable.jsx
FN:18,GlobalFilter
FN:22,(anonymous_1)
FN:29,SelectColumnFilter
FN:30,(anonymous_3)
FN:33,(anonymous_4)
FN:42,(anonymous_5)
FN:47,(anonymous_6)
FN:56,DataTable
FN:67,(anonymous_8)
FN:68,(anonymous_9)
FN:74,(anonymous_10)
FN:91,(anonymous_11)
FN:99,(anonymous_12)
FN:132,(anonymous_13)
FN:148,(anonymous_14)
FN:150,(anonymous_15)
FN:188,(anonymous_16)
FN:193,(anonymous_17)
FN:245,(anonymous_18)
FN:246,(anonymous_19)
FN:253,(anonymous_20)
FNF:21
FNH:5
FNDA:0,GlobalFilter
FNDA:0,(anonymous_1)
FNDA:0,SelectColumnFilter
FNDA:0,(anonymous_3)
FNDA:0,(anonymous_4)
FNDA:0,(anonymous_5)
FNDA:0,(anonymous_6)
FNDA:5,DataTable
FNDA:5,(anonymous_8)
FNDA:40,(anonymous_9)
FNDA:0,(anonymous_10)
FNDA:0,(anonymous_11)
FNDA:0,(anonymous_12)
FNDA:0,(anonymous_13)
FNDA:5,(anonymous_14)
FNDA:40,(anonymous_15)
FNDA:0,(anonymous_16)
FNDA:0,(anonymous_17)
FNDA:0,(anonymous_18)
FNDA:0,(anonymous_19)
FNDA:0,(anonymous_20)
DA:19,0
DA:22,0
DA:30,0
DA:31,0
DA:32,0
DA:33,0
DA:34,0
DA:36,0
DA:39,0
DA:42,0
DA:48,0
DA:67,5
DA:68,40
DA:75,0
DA:89,5
DA:92,0
DA:100,0
DA:112,5
DA:115,5
DA:116,5
DA:117,5
DA:121,5
DA:122,5
DA:124,5
DA:133,0
DA:134,0
DA:143,5
DA:149,5
DA:151,40
DA:189,0
DA:194,0
DA:195,0
DA:196,0
DA:198,0
DA:199,0
DA:202,0
DA:207,0
DA:226,0
DA:245,0
DA:246,0
DA:253,0
LF:41
LH:13
BRDA:21,0,0,0
BRDA:21,0,1,0
BRDA:22,1,0,0
BRDA:22,1,1,0
BRDA:31,2,0,0
BRDA:31,2,1,0
BRDA:41,3,0,0
BRDA:41,3,1,0
BRDA:42,4,0,0
BRDA:42,4,1,0
BRDA:59,5,0,5
BRDA:60,6,0,0
BRDA:61,7,0,5
BRDA:63,8,0,0
BRDA:64,9,0,0
BRDA:65,10,0,5
BRDA:70,11,0,25
BRDA:70,11,1,15
BRDA:71,12,0,15
BRDA:71,12,1,25
BRDA:73,13,0,15
BRDA:73,13,1,25
BRDA:112,14,0,0
BRDA:112,14,1,5
BRDA:134,15,0,0
BRDA:134,15,1,0
BRDA:138,16,0,0
BRDA:138,16,1,5
BRDA:145,17,0,5
BRDA:145,17,1,0
BRDA:162,18,0,40
BRDA:162,18,1,40
BRDA:163,19,0,0
BRDA:163,19,1,40
BRDA:165,20,0,0
BRDA:165,20,1,40
BRDA:177,21,0,5
BRDA:177,21,1,0
BRDA:195,22,0,0
BRDA:195,22,1,0
BRDA:198,23,0,0
BRDA:198,23,1,0
BRDA:203,24,0,0
BRDA:203,24,1,0
BRDA:207,25,0,0
BRDA:207,25,1,0
BRDA:207,26,0,0
BRDA:207,26,1,0
BRDA:211,27,0,0
BRDA:211,27,1,0
BRDA:216,28,0,0
BRDA:216,28,1,0
BRDA:216,29,0,0
BRDA:216,29,1,0
BRDA:226,30,0,0
BRDA:226,30,1,0
BRDA:241,31,0,5
BRDA:241,31,1,0
BRDA:252,32,0,0
BRDA:252,32,1,0
BRF:60
BRH:18
end_of_record
TN:
SF:src\components\ui\EmptyState.jsx
FN:4,EmptyState
FNF:1
FNH:1
FNDA:2,EmptyState
DA:12,2
DA:13,2
LF:2
LH:2
BRDA:5,0,0,2
BRDA:6,1,0,2
BRDA:7,2,0,2
BRDA:8,3,0,0
BRDA:21,4,0,2
BRDA:21,4,1,2
BRDA:24,5,0,2
BRDA:24,5,1,2
BRDA:24,5,2,2
BRF:9
BRH:8
end_of_record
TN:
SF:src\components\ui\Input.jsx
FN:3,Input
FNF:1
FNH:1
FNDA:2,Input
DA:3,2
DA:5,2
DA:6,2
LF:3
LH:3
BRDA:3,0,0,2
BRF:1
BRH:1
end_of_record
TN:
SF:src\components\ui\Label.jsx
FN:1,Label
FNF:1
FNH:1
FNDA:3,Label
DA:2,3
DA:3,3
LF:2
LH:2
BRDA:1,0,0,3
BRF:1
BRH:1
end_of_record
TN:
SF:src\components\ui\Legend.jsx
FN:1,Legend
FNF:1
FNH:1
FNDA:3,Legend
DA:2,3
LF:1
LH:1
BRDA:1,0,0,0
BRF:1
BRH:0
end_of_record
TN:
SF:src\components\ui\Modal.jsx
FN:3,Modal
FN:16,(anonymous_1)
FN:20,(anonymous_2)
FN:21,handleKey
FN:53,(anonymous_4)
FN:55,(anonymous_5)
FN:61,handleClose
FN:64,(anonymous_7)
FN:67,handleOverlayClick
FN:77,(anonymous_9)
FNF:10
FNH:0
FNDA:0,Modal
FNDA:0,(anonymous_1)
FNDA:0,(anonymous_2)
FNDA:0,handleKey
FNDA:0,(anonymous_4)
FNDA:0,(anonymous_5)
FNDA:0,handleClose
FNDA:0,(anonymous_7)
FNDA:0,handleOverlayClick
FNDA:0,(anonymous_9)
DA:11,0
DA:12,0
DA:13,0
DA:14,0
DA:16,0
DA:17,0
DA:20,0
DA:22,0
DA:23,0
DA:24,0
DA:27,0
DA:28,0
DA:29,0
DA:30,0
DA:31,0
DA:32,0
DA:33,0
DA:34,0
DA:35,0
DA:39,0
DA:41,0
DA:44,0
DA:45,0
DA:47,0
DA:50,0
DA:51,0
DA:53,0
DA:55,0
DA:56,0
DA:57,0
DA:62,0
DA:63,0
DA:64,0
DA:68,0
DA:69,0
DA:73,0
DA:77,0
LF:37
LH:0
BRDA:6,0,0,0
BRDA:22,1,0,0
BRDA:22,1,1,0
BRDA:23,2,0,0
BRDA:23,2,1,0
BRDA:27,3,0,0
BRDA:27,3,1,0
BRDA:27,4,0,0
BRDA:27,4,1,0
BRDA:30,5,0,0
BRDA:30,5,1,0
BRDA:30,6,0,0
BRDA:30,6,1,0
BRDA:33,7,0,0
BRDA:33,7,1,0
BRDA:33,8,0,0
BRDA:33,8,1,0
BRDA:44,9,0,0
BRDA:44,9,1,0
BRDA:68,10,0,0
BRDA:68,10,1,0
BRDA:75,11,0,0
BRDA:75,11,1,0
BRDA:75,12,0,0
BRDA:75,12,1,0
BRDA:77,13,0,0
BRDA:77,13,1,0
BRDA:88,14,0,0
BRDA:88,14,1,0
BRDA:88,15,0,0
BRDA:88,15,1,0
BRF:31
BRH:0
end_of_record
TN:
SF:src\components\ui\MonthYearPicker.jsx
FN:6,MonthYearPicker
FN:42,(anonymous_1)
FN:50,(anonymous_2)
FN:67,(anonymous_3)
FN:71,(anonymous_4)
FN:79,(anonymous_5)
FNF:6
FNH:2
FNDA:8,MonthYearPicker
FNDA:0,(anonymous_1)
FNDA:0,(anonymous_2)
FNDA:96,(anonymous_3)
FNDA:0,(anonymous_4)
FNDA:0,(anonymous_5)
DA:9,8
DA:43,0
DA:51,0
DA:68,96
DA:72,0
DA:80,0
LF:6
LH:2
BRDA:20,0,0,0
BRDA:20,0,1,8
BRDA:44,1,0,0
BRDA:44,1,1,0
BRDA:54,2,0,0
BRDA:54,2,1,0
BRDA:59,3,0,0
BRDA:59,3,1,0
BRDA:73,4,0,0
BRDA:73,4,1,0
BRDA:83,5,0,0
BRDA:83,5,1,0
BRDA:88,6,0,0
BRDA:88,6,1,0
BRF:14
BRH:1
end_of_record
TN:
SF:src\components\ui\SelectDataShow.jsx
FN:1,SelectDataShow
FN:13,(anonymous_1)
FN:25,(anonymous_2)
FNF:3
FNH:0
FNDA:0,SelectDataShow
FNDA:0,(anonymous_1)
FNDA:0,(anonymous_2)
DA:8,0
DA:14,0
DA:15,0
DA:26,0
LF:4
LH:0
BRDA:5,0,0,0
BRDA:6,1,0,0
BRF:2
BRH:0
end_of_record
TN:
SF:src\components\ui\Skeleton.jsx
FN:1,Skeleton
FNF:1
FNH:1
FNDA:288,Skeleton
DA:2,288
LF:1
LH:1
BRDA:1,0,0,0
BRF:1
BRH:0
end_of_record
TN:
SF:src\components\ui\StatusBadge.jsx
FN:11,StatusBadge
FNF:1
FNH:1
FNDA:4,StatusBadge
DA:3,2
DA:13,4
DA:15,4
LF:3
LH:3
BRDA:13,0,0,4
BRDA:13,0,1,4
BRF:2
BRH:2
end_of_record
TN:
SF:src\components\ui\Table.jsx
FN:3,Table
FNF:1
FNH:1
FNDA:5,Table
DA:9,5
LF:1
LH:1
BRDA:5,0,0,0
BRDA:12,1,0,5
BRDA:12,1,1,0
BRF:3
BRH:1
end_of_record
TN:
SF:src\components\ui\TableSkeleton.jsx
FN:3,TableSkeleton
FN:9,(anonymous_1)
FN:17,(anonymous_2)
FN:19,(anonymous_3)
FNF:4
FNH:4
FNDA:6,TableSkeleton
FNDA:48,(anonymous_1)
FNDA:30,(anonymous_2)
FNDA:240,(anonymous_3)
DA:4,6
DA:10,48
DA:18,30
DA:20,240
LF:4
LH:4
BRDA:3,0,0,6
BRDA:3,1,0,0
BRF:2
BRH:1
end_of_record
TN:
SF:src\components\ui\Textarea.jsx
FN:1,Textarea
FNF:1
FNH:0
FNDA:0,Textarea
DA:2,0
LF:1
LH:0
BRDA:10,0,0,0
BRDA:10,0,1,0
BRF:2
BRH:0
end_of_record
TN:
SF:src\pages\auth\LoginPage.jsx
FN:10,LoginPage
FN:17,(anonymous_1)
FN:44,(anonymous_2)
FN:70,(anonymous_3)
FN:88,(anonymous_4)
FN:107,(anonymous_5)
FN:113,(anonymous_6)
FN:133,(anonymous_7)
FNF:8
FNH:2
FNDA:4,LoginPage
FNDA:0,(anonymous_1)
FNDA:0,(anonymous_2)
FNDA:0,(anonymous_3)
FNDA:0,(anonymous_4)
FNDA:0,(anonymous_5)
FNDA:1,(anonymous_6)
FNDA:0,(anonymous_7)
DA:11,4
DA:12,4
DA:13,4
DA:14,4
DA:15,4
DA:17,4
DA:18,0
DA:19,0
DA:20,0
DA:22,0
DA:23,0
DA:27,0
DA:28,0
DA:29,0
DA:30,0
DA:32,0
DA:33,0
DA:36,0
DA:37,0
DA:39,0
DA:40,0
DA:41,0
DA:44,0
DA:48,4
DA:71,0
DA:72,0
DA:88,0
DA:107,0
DA:113,1
DA:134,0
LF:30
LH:8
BRDA:18,0,0,0
BRDA:18,0,1,0
BRDA:18,1,0,0
BRDA:18,1,1,0
BRDA:28,2,0,0
BRDA:28,2,1,0
BRDA:39,3,0,0
BRDA:39,3,1,0
BRDA:87,4,0,4
BRDA:87,4,1,0
BRDA:104,5,0,1
BRDA:104,5,1,3
BRDA:106,6,0,4
BRDA:106,6,1,0
BRDA:115,7,0,1
BRDA:115,7,1,3
BRDA:116,8,0,1
BRDA:116,8,1,3
BRDA:118,9,0,1
BRDA:118,9,1,3
BRDA:123,10,0,4
BRDA:123,10,1,0
BRF:22
BRH:11
end_of_record
TN:
SF:src\pages\auth\useAuth.jsx
FN:15,AuthProvider
FN:16,(anonymous_1)
FN:22,(anonymous_2)
FN:37,(anonymous_3)
FN:47,(anonymous_4)
FN:54,useAuth
FNF:6
FNH:6
FNDA:3,AuthProvider
FNDA:3,(anonymous_1)
FNDA:3,(anonymous_2)
FNDA:3,(anonymous_3)
FNDA:3,(anonymous_4)
FNDA:5,useAuth
DA:13,9
DA:16,3
DA:18,3
DA:19,3
DA:22,3
DA:23,3
DA:24,3
DA:25,0
DA:26,0
DA:28,0
DA:29,0
DA:31,3
DA:32,3
DA:33,3
DA:37,3
DA:39,3
DA:40,3
DA:41,3
DA:42,3
DA:46,3
DA:47,3
DA:51,3
DA:55,5
LF:23
LH:19
BRDA:18,0,0,3
BRDA:18,0,1,3
BRDA:19,1,0,0
BRDA:19,1,1,3
BRDA:28,2,0,0
BRDA:28,2,1,0
BRDA:39,3,0,3
BRDA:39,3,1,3
BRDA:41,4,0,3
BRDA:41,4,1,0
BRDA:41,5,0,3
BRDA:41,5,1,3
BRF:12
BRH:8
end_of_record
TN:
SF:src\pages\dashboard\Dashboard.jsx
FN:15,(anonymous_0)
FN:22,(anonymous_1)
FN:37,(anonymous_2)
FN:54,(anonymous_3)
FN:56,(anonymous_4)
FN:59,(anonymous_5)
FN:60,(anonymous_6)
FN:63,(anonymous_7)
FN:65,(anonymous_8)
FN:68,(anonymous_9)
FN:70,(anonymous_10)
FN:79,(anonymous_11)
FN:101,(anonymous_12)
FN:110,(anonymous_13)
FN:151,(anonymous_14)
FN:155,(anonymous_15)
FN:177,(anonymous_16)
FN:188,(anonymous_17)
FN:191,(anonymous_18)
FN:201,(anonymous_19)
FN:204,(anonymous_20)
FN:216,(anonymous_21)
FN:227,(anonymous_22)
FN:234,(anonymous_23)
FN:245,(anonymous_24)
FN:255,(anonymous_25)
FN:256,(anonymous_26)
FN:291,(anonymous_27)
FN:293,(anonymous_28)
FN:304,(anonymous_29)
FN:315,(anonymous_30)
FN:350,(anonymous_31)
FN:357,(anonymous_32)
FN:358,(anonymous_33)
FN:394,(anonymous_34)
FN:423,(anonymous_35)
FN:431,(anonymous_36)
FN:435,(anonymous_37)
FN:444,(anonymous_38)
FN:447,(anonymous_39)
FNF:40
FNH:21
FNDA:157,(anonymous_0)
FNDA:2,(anonymous_1)
FNDA:5,(anonymous_2)
FNDA:0,(anonymous_3)
FNDA:0,(anonymous_4)
FNDA:0,(anonymous_5)
FNDA:0,(anonymous_6)
FNDA:0,(anonymous_7)
FNDA:0,(anonymous_8)
FNDA:2,(anonymous_9)
FNDA:2,(anonymous_10)
FNDA:6,(anonymous_11)
FNDA:2,(anonymous_12)
FNDA:2,(anonymous_13)
FNDA:2,(anonymous_14)
FNDA:2,(anonymous_15)
FNDA:30,(anonymous_16)
FNDA:10,(anonymous_17)
FNDA:2,(anonymous_18)
FNDA:10,(anonymous_19)
FNDA:2,(anonymous_20)
FNDA:10,(anonymous_21)
FNDA:0,(anonymous_22)
FNDA:0,(anonymous_23)
FNDA:930,(anonymous_24)
FNDA:60,(anonymous_25)
FNDA:60,(anonymous_26)
FNDA:0,(anonymous_27)
FNDA:0,(anonymous_28)
FNDA:0,(anonymous_29)
FNDA:0,(anonymous_30)
FNDA:0,(anonymous_31)
FNDA:0,(anonymous_32)
FNDA:0,(anonymous_33)
FNDA:0,(anonymous_34)
FNDA:0,(anonymous_35)
FNDA:24,(anonymous_36)
FNDA:10,(anonymous_37)
FNDA:0,(anonymous_38)
FNDA:0,(anonymous_39)
DA:15,1
DA:16,157
DA:17,157
DA:18,157
DA:19,157
DA:22,1
DA:23,2
DA:24,2
DA:25,2
DA:27,2
DA:28,2
DA:30,2
DA:31,10
DA:34,2
DA:37,1
DA:38,5
DA:39,5
DA:40,5
DA:41,5
DA:42,5
DA:43,5
DA:44,5
DA:45,5
DA:46,5
DA:47,5
DA:48,5
DA:49,5
DA:50,5
DA:51,5
DA:52,5
DA:54,5
DA:55,0
DA:56,0
DA:59,5
DA:60,0
DA:63,5
DA:64,0
DA:65,0
DA:68,5
DA:69,2
DA:70,2
DA:71,2
DA:72,2
DA:73,2
DA:74,2
DA:75,2
DA:77,2
DA:79,2
DA:80,6
DA:81,6
DA:82,6
DA:84,2
DA:85,2
DA:86,2
DA:88,2
DA:89,2
DA:90,2
DA:91,2
DA:92,0
DA:96,2
DA:101,2
DA:105,2
DA:110,2
DA:114,2
DA:123,2
DA:144,2
DA:146,2
DA:147,2
DA:148,2
DA:149,2
DA:151,2
DA:155,2
DA:157,2
DA:158,2
DA:159,2
DA:162,2
DA:163,2
DA:164,2
DA:168,60
DA:169,60
DA:174,2
DA:175,2
DA:176,2
DA:177,30
DA:180,0
DA:186,2
DA:187,2
DA:188,2
DA:189,10
DA:191,2
DA:192,0
DA:194,0
DA:198,2
DA:199,2
DA:200,2
DA:201,2
DA:202,10
DA:204,2
DA:205,0
DA:207,0
DA:212,2
DA:216,2
DA:217,10
DA:219,10
DA:224,10
DA:225,10
DA:226,10
DA:227,10
DA:228,0
DA:229,0
DA:230,0
DA:232,10
DA:233,10
DA:234,0
DA:236,10
DA:239,10
DA:240,10
DA:241,10
DA:242,10
DA:243,10
DA:244,60
DA:245,930
DA:246,60
DA:247,60
DA:248,60
DA:252,10
DA:253,10
DA:255,60
DA:256,60
DA:257,10
DA:258,10
DA:259,10
DA:263,10
DA:279,2
DA:281,2
DA:282,2
DA:283,1
DA:284,1
DA:286,1
DA:287,1
DA:291,2
DA:292,0
DA:293,2
DA:294,0
DA:296,0
DA:300,0
DA:301,0
DA:302,0
DA:303,0
DA:305,0
DA:306,0
DA:307,0
DA:308,0
DA:309,0
DA:310,0
DA:313,0
DA:314,0
DA:315,0
DA:317,0
DA:319,0
DA:320,0
DA:321,0
DA:322,0
DA:323,0
DA:324,0
DA:327,0
DA:343,0
DA:344,0
DA:345,0
DA:346,0
DA:347,0
DA:348,0
DA:350,0
DA:351,0
DA:352,0
DA:355,0
DA:356,0
DA:357,0
DA:358,0
DA:359,0
DA:360,0
DA:361,0
DA:365,0
DA:381,2
DA:384,2
DA:385,2
DA:387,0
DA:388,0
DA:389,0
DA:390,0
DA:393,0
DA:394,0
DA:395,0
DA:396,0
DA:397,0
DA:398,0
DA:399,0
DA:400,0
DA:403,0
DA:405,0
DA:407,2
DA:411,0
DA:415,2
DA:416,2
DA:419,2
DA:420,2
DA:422,2
DA:423,2
DA:424,0
DA:425,0
DA:426,0
DA:427,0
DA:428,0
DA:431,24
DA:433,2
DA:434,2
DA:435,10
DA:436,2
DA:437,2
DA:438,2
DA:440,2
DA:443,0
DA:444,0
DA:446,0
DA:447,0
DA:448,0
DA:449,0
DA:450,0
DA:452,0
DA:454,0
DA:455,0
DA:458,2
DA:460,0
DA:461,0
DA:463,0
DA:465,2
DA:469,2
DA:472,5
DA:473,3
DA:474,0
DA:481,3
DA:482,3
DA:483,3
DA:484,3
DA:486,3
LF:245
LH:155
BRDA:56,0,0,0
BRDA:56,0,1,0
BRDA:60,1,0,0
BRDA:60,1,1,0
BRDA:65,2,0,0
BRDA:65,2,1,0
BRDA:82,3,0,6
BRDA:82,3,1,6
BRDA:84,4,0,0
BRDA:84,4,1,2
BRDA:85,5,0,2
BRDA:85,5,1,2
BRDA:85,5,2,2
BRDA:90,6,0,0
BRDA:90,6,1,2
BRDA:91,7,0,0
BRDA:91,7,1,2
BRDA:91,8,0,2
BRDA:91,8,1,0
BRDA:114,9,0,2
BRDA:114,9,1,0
BRDA:114,10,0,2
BRDA:114,10,1,0
BRDA:116,11,0,2
BRDA:116,11,1,2
BRDA:119,12,0,0
BRDA:119,12,1,0
BRDA:146,13,0,2
BRDA:146,13,1,0
BRDA:148,14,0,2
BRDA:148,14,1,0
BRDA:149,15,0,2
BRDA:149,15,1,0
BRDA:151,16,0,2
BRDA:151,16,1,2
BRDA:170,17,0,60
BRDA:170,17,1,58
BRDA:187,18,0,2
BRDA:187,18,1,0
BRDA:189,19,0,2
BRDA:189,19,1,8
BRDA:191,20,0,0
BRDA:191,20,1,2
BRDA:200,21,0,2
BRDA:200,21,1,0
BRDA:202,22,0,2
BRDA:202,22,1,8
BRDA:204,23,0,0
BRDA:204,23,1,2
BRDA:212,24,0,2
BRDA:212,24,1,0
BRDA:212,25,0,2
BRDA:212,25,1,2
BRDA:219,26,0,10
BRDA:219,26,1,0
BRDA:219,27,0,10
BRDA:219,27,1,10
BRDA:228,28,0,0
BRDA:228,28,1,0
BRDA:230,29,0,0
BRDA:230,29,1,0
BRDA:230,29,2,0
BRDA:230,29,3,0
BRDA:239,30,0,0
BRDA:239,30,1,10
BRDA:240,31,0,2
BRDA:240,31,1,8
BRDA:245,32,0,60
BRDA:245,32,1,0
BRDA:245,33,0,0
BRDA:245,33,1,0
BRDA:248,34,0,2
BRDA:248,34,1,58
BRDA:248,35,0,2
BRDA:248,35,1,58
BRDA:252,36,0,10
BRDA:252,36,1,10
BRDA:252,37,0,10
BRDA:252,37,1,10
BRDA:252,37,2,10
BRDA:253,38,0,10
BRDA:253,38,1,10
BRDA:253,39,0,10
BRDA:253,39,1,10
BRDA:253,39,2,10
BRDA:255,40,0,0
BRDA:255,40,1,10
BRDA:255,41,0,10
BRDA:255,41,1,10
BRDA:255,42,0,60
BRDA:255,42,1,60
BRDA:256,43,0,0
BRDA:256,43,1,10
BRDA:256,44,0,10
BRDA:256,44,1,10
BRDA:256,45,0,60
BRDA:256,45,1,58
BRDA:259,46,0,2
BRDA:259,46,1,8
BRDA:281,47,0,2
BRDA:281,47,1,1
BRDA:282,48,0,1
BRDA:282,48,1,1
BRDA:283,49,0,1
BRDA:283,49,1,1
BRDA:284,50,0,1
BRDA:284,50,1,0
BRDA:292,51,0,0
BRDA:292,51,1,0
BRDA:292,51,2,0
BRDA:292,51,3,0
BRDA:292,51,4,0
BRDA:292,51,5,0
BRDA:294,52,0,0
BRDA:294,52,1,0
BRDA:296,53,0,0
BRDA:296,53,1,0
BRDA:296,54,0,0
BRDA:296,54,1,0
BRDA:303,55,0,0
BRDA:303,55,1,0
BRDA:305,56,0,0
BRDA:305,56,1,0
BRDA:307,57,0,0
BRDA:307,57,1,0
BRDA:307,57,2,0
BRDA:307,57,3,0
BRDA:309,58,0,0
BRDA:309,58,1,0
BRDA:309,58,2,0
BRDA:310,59,0,0
BRDA:310,59,1,0
BRDA:319,60,0,0
BRDA:319,60,1,0
BRDA:320,61,0,0
BRDA:320,61,1,0
BRDA:320,62,0,0
BRDA:320,62,1,0
BRDA:320,62,2,0
BRDA:321,63,0,0
BRDA:321,63,1,0
BRDA:321,64,0,0
BRDA:321,64,1,0
BRDA:321,64,2,0
BRDA:324,65,0,0
BRDA:324,65,1,0
BRDA:346,66,0,0
BRDA:346,66,1,0
BRDA:347,67,0,0
BRDA:347,67,1,0
BRDA:352,68,0,0
BRDA:352,68,1,0
BRDA:355,69,0,0
BRDA:355,69,1,0
BRDA:355,70,0,0
BRDA:355,70,1,0
BRDA:355,70,2,0
BRDA:356,71,0,0
BRDA:356,71,1,0
BRDA:356,72,0,0
BRDA:356,72,1,0
BRDA:356,72,2,0
BRDA:357,73,0,0
BRDA:357,73,1,0
BRDA:357,74,0,0
BRDA:357,74,1,0
BRDA:357,75,0,0
BRDA:357,75,1,0
BRDA:358,76,0,0
BRDA:358,76,1,0
BRDA:358,77,0,0
BRDA:358,77,1,0
BRDA:358,78,0,0
BRDA:358,78,1,0
BRDA:361,79,0,0
BRDA:361,79,1,0
BRDA:385,80,0,0
BRDA:385,80,1,2
BRDA:385,81,0,2
BRDA:385,81,1,0
BRDA:387,82,0,0
BRDA:387,82,1,0
BRDA:393,83,0,0
BRDA:393,83,1,0
BRDA:395,84,0,0
BRDA:395,84,1,0
BRDA:396,85,0,0
BRDA:396,85,1,0
BRDA:397,86,0,0
BRDA:397,86,1,0
BRDA:398,87,0,0
BRDA:398,87,1,0
BRDA:399,88,0,0
BRDA:399,88,1,0
BRDA:399,88,2,0
BRDA:399,88,3,0
BRDA:415,89,0,2
BRDA:415,89,1,0
BRDA:419,90,0,2
BRDA:419,90,1,0
BRDA:420,91,0,2
BRDA:420,91,1,0
BRDA:424,92,0,0
BRDA:424,92,1,0
BRDA:424,93,0,0
BRDA:424,93,1,0
BRDA:425,94,0,0
BRDA:425,94,1,0
BRDA:425,95,0,0
BRDA:425,95,1,0
BRDA:426,96,0,0
BRDA:426,96,1,0
BRDA:427,97,0,0
BRDA:427,97,1,0
BRDA:427,98,0,0
BRDA:427,98,1,0
BRDA:427,98,2,0
BRDA:431,99,0,24
BRDA:431,99,1,24
BRDA:433,100,0,2
BRDA:433,100,1,0
BRDA:434,101,0,2
BRDA:434,101,1,0
BRDA:435,102,0,10
BRDA:435,102,1,10
BRDA:437,103,0,2
BRDA:437,103,1,0
BRDA:443,104,0,0
BRDA:443,104,1,0
BRDA:446,105,0,0
BRDA:446,105,1,0
BRDA:446,106,0,0
BRDA:446,106,1,0
BRDA:447,107,0,0
BRDA:447,107,1,0
BRDA:449,108,0,0
BRDA:449,108,1,0
BRDA:458,109,0,0
BRDA:458,109,1,2
BRDA:460,110,0,0
BRDA:460,110,1,0
BRDA:460,111,0,0
BRDA:460,111,1,0
BRDA:472,112,0,2
BRDA:472,112,1,3
BRDA:473,113,0,0
BRDA:473,113,1,3
BRDA:482,114,0,3
BRDA:482,114,1,3
BRDA:484,115,0,3
BRDA:484,115,1,2
BRDA:484,115,2,2
BRDA:484,115,3,2
BRDA:489,116,0,3
BRDA:489,116,1,3
BRDA:492,117,0,3
BRDA:492,117,1,2
BRDA:508,118,0,3
BRDA:508,118,1,0
BRDA:515,119,0,3
BRDA:515,119,1,3
BRDA:516,120,0,3
BRDA:516,120,1,2
BRDA:517,121,0,2
BRDA:517,121,1,1
BRDA:518,122,0,2
BRDA:518,122,1,1
BRDA:523,123,0,0
BRDA:523,123,1,3
BRF:269
BRH:107
end_of_record
TN:
SF:src\pages\dashboard\components\DailyOverview.jsx
FN:5,(anonymous_0)
FN:11,(anonymous_1)
FN:21,(anonymous_2)
FN:29,(anonymous_3)
FN:35,(anonymous_4)
FN:37,(anonymous_5)
FN:60,(anonymous_6)
FNF:7
FNH:7
FNDA:3,(anonymous_0)
FNDA:90,(anonymous_1)
FNDA:90,(anonymous_2)
FNDA:177,(anonymous_3)
FNDA:129,(anonymous_4)
FNDA:90,(anonymous_5)
FNDA:90,(anonymous_6)
DA:5,1
DA:6,3
DA:7,0
DA:10,3
DA:11,90
DA:15,3
DA:16,3
DA:19,3
DA:21,3
DA:22,90
DA:23,90
DA:24,90
DA:27,3
DA:29,3
DA:30,177
DA:31,177
DA:32,177
DA:35,129
DA:37,3
DA:38,90
DA:39,90
DA:40,3
DA:42,87
DA:43,24
DA:46,63
DA:47,30
DA:49,33
DA:52,3
DA:61,90
DA:64,90
DA:65,90
LF:31
LH:30
BRDA:5,0,0,0
BRDA:6,1,0,0
BRDA:6,1,1,3
BRDA:32,2,0,177
BRDA:32,2,1,153
BRDA:39,3,0,3
BRDA:39,3,1,87
BRDA:42,4,0,24
BRDA:42,4,1,63
BRDA:42,5,0,87
BRDA:42,5,1,63
BRDA:46,6,0,30
BRDA:46,6,1,33
BRDA:58,7,0,3
BRDA:58,7,1,0
BRDA:64,8,0,90
BRDA:64,8,1,66
BRDA:76,9,0,90
BRDA:76,9,1,24
BRDA:80,10,0,90
BRDA:80,10,1,66
BRDA:80,10,2,63
BRDA:80,10,3,27
BRDA:84,11,0,90
BRDA:84,11,1,3
BRF:25
BRH:22
end_of_record
TN:
SF:src\pages\dashboard\components\MonitoringTabs.jsx
FN:9,(anonymous_0)
FN:25,(anonymous_1)
FN:27,(anonymous_2)
FN:40,(anonymous_3)
FN:47,(anonymous_4)
FN:50,(anonymous_5)
FN:89,(anonymous_6)
FN:93,(anonymous_7)
FN:101,(anonymous_8)
FN:144,(anonymous_9)
FN:148,(anonymous_10)
FN:156,(anonymous_11)
FN:206,(anonymous_12)
FN:210,(anonymous_13)
FN:218,(anonymous_14)
FNF:15
FNH:15
FNDA:8,(anonymous_0)
FNDA:40,(anonymous_1)
FNDA:8,(anonymous_2)
FNDA:4,(anonymous_3)
FNDA:24,(anonymous_4)
FNDA:4,(anonymous_5)
FNDA:40,(anonymous_6)
FNDA:9,(anonymous_7)
FNDA:9,(anonymous_8)
FNDA:84,(anonymous_9)
FNDA:55,(anonymous_10)
FNDA:55,(anonymous_11)
FNDA:13,(anonymous_12)
FNDA:6,(anonymous_13)
FNDA:6,(anonymous_14)
DA:9,1
DA:20,8
DA:21,8
DA:24,8
DA:25,40
DA:27,8
DA:28,8
DA:30,3
DA:32,4
DA:34,1
DA:36,0
DA:40,8
DA:42,8
DA:48,24
DA:50,4
DA:90,40
DA:94,9
DA:102,9
DA:145,84
DA:149,55
DA:157,55
DA:207,13
DA:211,6
DA:219,6
LF:24
LH:23
BRDA:11,0,0,0
BRDA:12,1,0,0
BRDA:14,2,0,0
BRDA:21,3,0,8
BRDA:21,3,1,0
BRDA:28,4,0,3
BRDA:28,4,1,4
BRDA:28,4,2,1
BRDA:28,4,3,0
BRDA:55,5,0,8
BRDA:55,5,1,16
BRDA:95,6,0,2
BRDA:95,6,1,7
BRDA:103,7,0,3
BRDA:103,7,1,6
BRDA:106,8,0,9
BRDA:106,8,1,3
BRDA:121,9,0,8
BRDA:121,9,1,7
BRDA:150,10,0,4
BRDA:150,10,1,51
BRDA:160,11,0,8
BRDA:160,11,1,47
BRDA:165,12,0,55
BRDA:165,12,1,8
BRDA:181,13,0,8
BRDA:181,13,1,4
BRDA:181,13,2,4
BRDA:212,14,0,2
BRDA:212,14,1,4
BRDA:222,15,0,3
BRDA:222,15,1,3
BRDA:227,16,0,6
BRDA:227,16,1,3
BRF:34
BRH:29
end_of_record
TN:
SF:src\pages\layout\Layout.jsx
FN:25,Layout
FN:30,(anonymous_1)
FN:42,(anonymous_2)
FN:51,(anonymous_3)
FN:57,(anonymous_4)
FN:61,(anonymous_5)
FN:63,(anonymous_6)
FN:66,(anonymous_7)
FN:79,(anonymous_8)
FN:82,(anonymous_9)
FN:91,(anonymous_10)
FN:95,(anonymous_11)
FN:96,(anonymous_12)
FN:98,(anonymous_13)
FN:105,(anonymous_14)
FN:106,(anonymous_15)
FN:115,(anonymous_16)
FN:118,(anonymous_17)
FN:119,(anonymous_18)
FN:124,(anonymous_19)
FN:129,(anonymous_20)
FN:134,(anonymous_21)
FN:175,(anonymous_22)
FN:189,(anonymous_23)
FN:226,(anonymous_24)
FN:230,(anonymous_25)
FN:277,(anonymous_26)
FN:320,(anonymous_27)
FNF:28
FNH:22
FNDA:9,Layout
FNDA:2,(anonymous_1)
FNDA:3,(anonymous_2)
FNDA:2,(anonymous_3)
FNDA:2,(anonymous_4)
FNDA:2,(anonymous_5)
FNDA:2,(anonymous_6)
FNDA:0,(anonymous_7)
FNDA:0,(anonymous_8)
FNDA:0,(anonymous_9)
FNDA:1,(anonymous_10)
FNDA:1,(anonymous_11)
FNDA:1,(anonymous_12)
FNDA:1,(anonymous_13)
FNDA:2,(anonymous_14)
FNDA:2,(anonymous_15)
FNDA:2,(anonymous_16)
FNDA:2,(anonymous_17)
FNDA:2,(anonymous_18)
FNDA:2,(anonymous_19)
FNDA:27,(anonymous_20)
FNDA:30,(anonymous_21)
FNDA:0,(anonymous_22)
FNDA:1,(anonymous_23)
FNDA:4,(anonymous_24)
FNDA:1,(anonymous_25)
FNDA:0,(anonymous_26)
FNDA:0,(anonymous_27)
DA:26,9
DA:27,9
DA:28,9
DA:30,9
DA:31,2
DA:33,9
DA:34,9
DA:35,9
DA:36,9
DA:37,9
DA:39,9
DA:40,9
DA:42,9
DA:43,3
DA:44,3
DA:45,3
DA:46,3
DA:47,3
DA:48,0
DA:50,3
DA:51,3
DA:53,0
DA:57,9
DA:58,2
DA:61,9
DA:62,2
DA:63,2
DA:66,9
DA:67,0
DA:73,0
DA:74,0
DA:75,0
DA:76,0
DA:79,9
DA:80,0
DA:81,0
DA:82,0
DA:83,0
DA:84,0
DA:85,0
DA:87,0
DA:91,9
DA:92,1
DA:93,1
DA:94,1
DA:95,1
DA:96,1
DA:98,1
DA:99,1
DA:101,0
DA:105,9
DA:106,2
DA:107,2
DA:108,2
DA:110,2
DA:111,0
DA:114,2
DA:115,2
DA:118,9
DA:119,2
DA:120,2
DA:122,2
DA:123,2
DA:124,2
DA:128,9
DA:129,9
DA:130,27
DA:131,27
DA:134,30
DA:138,9
DA:175,0
DA:189,1
DA:227,4
DA:230,1
DA:277,0
DA:320,0
LF:76
LH:57
BRDA:31,0,0,2
BRDA:31,0,1,0
BRDA:43,1,0,0
BRDA:43,1,1,3
BRDA:43,2,0,3
BRDA:43,2,1,3
BRDA:46,3,0,3
BRDA:46,3,1,0
BRDA:47,4,0,0
BRDA:47,4,1,3
BRDA:73,5,0,0
BRDA:73,5,1,0
BRDA:94,6,0,1
BRDA:94,6,1,0
BRDA:96,7,0,1
BRDA:96,7,1,0
BRDA:107,8,0,2
BRDA:107,8,1,0
BRDA:107,9,0,2
BRDA:107,9,1,2
BRDA:110,10,0,0
BRDA:110,10,1,2
BRDA:110,11,0,2
BRDA:110,11,1,2
BRDA:120,12,0,0
BRDA:120,12,1,2
BRDA:130,13,0,27
BRDA:130,13,1,18
BRDA:155,14,0,9
BRDA:155,14,1,0
BRDA:162,15,0,9
BRDA:162,15,1,9
BRDA:174,16,0,9
BRDA:174,16,1,0
BRDA:194,17,0,9
BRDA:194,17,1,6
BRDA:202,18,0,0
BRDA:202,18,1,6
BRDA:207,19,0,9
BRDA:207,19,1,4
BRDA:211,20,0,4
BRDA:211,20,1,4
BRDA:221,21,0,0
BRDA:221,21,1,4
BRDA:233,22,0,0
BRDA:233,22,1,4
BRDA:239,23,0,0
BRDA:239,23,1,4
BRDA:241,24,0,0
BRDA:241,24,1,4
BRDA:248,25,0,0
BRDA:248,25,1,4
BRDA:280,26,0,2
BRDA:280,26,1,7
BRDA:285,27,0,7
BRDA:285,27,1,7
BRDA:287,28,0,7
BRDA:287,28,1,7
BRDA:292,29,0,2
BRDA:292,29,1,7
BRDA:298,30,0,0
BRDA:298,30,1,7
BRDA:301,31,0,0
BRDA:301,31,1,7
BRDA:305,32,0,7
BRDA:305,32,1,7
BRDA:305,32,2,7
BRDA:305,32,3,7
BRDA:305,32,4,7
BRDA:316,33,0,9
BRDA:316,33,1,0
BRF:71
BRH:49
end_of_record
TN:
SF:src\pages\layout\Sidebar.jsx
FN:101,Sidebar
FN:103,(anonymous_1)
FN:107,(anonymous_2)
FN:113,(anonymous_3)
FN:141,(anonymous_4)
FN:143,(anonymous_5)
FN:171,(anonymous_6)
FNF:7
FNH:6
FNDA:12,Sidebar
FNDA:110,(anonymous_1)
FNDA:93,(anonymous_2)
FNDA:93,(anonymous_3)
FNDA:56,(anonymous_4)
FNDA:110,(anonymous_5)
FNDA:0,(anonymous_6)
DA:18,3
DA:81,3
DA:95,3
DA:102,12
DA:103,110
DA:105,12
DA:107,12
DA:108,93
DA:109,93
DA:114,93
DA:127,12
DA:142,56
DA:143,110
DA:145,56
DA:146,51
DA:171,0
LF:16
LH:15
BRDA:103,0,0,110
BRDA:103,0,1,110
BRDA:105,1,0,2
BRDA:105,1,1,10
BRDA:115,2,0,3
BRDA:115,2,1,90
BRDA:145,3,0,5
BRDA:145,3,1,51
BRDA:147,4,0,51
BRDA:147,4,1,12
BRDA:148,5,0,51
BRDA:148,5,1,39
BRDA:151,6,0,51
BRDA:151,6,1,39
BRF:14
BRH:14
end_of_record
TN:
SF:src\pages\monitoring\DailyMatrix.jsx
FN:5,(anonymous_0)
FN:24,(anonymous_1)
FN:39,(anonymous_2)
FN:47,(anonymous_3)
FN:52,(anonymous_4)
FN:55,(anonymous_5)
FN:77,(anonymous_6)
FN:91,(anonymous_7)
FNF:8
FNH:6
FNDA:1,(anonymous_0)
FNDA:1,(anonymous_1)
FNDA:1,(anonymous_2)
FNDA:0,(anonymous_3)
FNDA:0,(anonymous_4)
FNDA:1,(anonymous_5)
FNDA:30,(anonymous_6)
FNDA:1,(anonymous_7)
DA:5,2
DA:7,1
DA:10,1
DA:25,1
DA:39,2
DA:40,1
DA:42,1
DA:44,1
DA:45,1
DA:47,1
DA:48,0
DA:49,0
DA:52,1
DA:53,0
DA:55,1
DA:56,1
DA:57,1
DA:58,0
DA:59,0
DA:60,0
DA:61,0
DA:62,0
DA:65,1
DA:67,1
DA:78,30
DA:92,1
LF:26
LH:18
BRDA:7,0,0,1
BRDA:7,0,1,0
BRDA:7,0,2,0
BRDA:13,1,0,0
BRDA:13,1,1,1
BRDA:27,2,0,1
BRDA:27,2,1,0
BRDA:32,3,0,1
BRDA:32,3,1,0
BRDA:39,4,0,0
BRDA:42,5,0,1
BRDA:42,5,1,0
BRDA:49,6,0,0
BRDA:49,6,1,0
BRDA:56,7,0,1
BRDA:56,7,1,0
BRDA:58,8,0,0
BRDA:58,8,1,0
BRDA:58,9,0,0
BRDA:58,9,1,0
BRDA:60,10,0,0
BRDA:60,10,1,0
BRDA:90,11,0,1
BRDA:90,11,1,0
BRF:24
BRH:7
end_of_record
TN:
SF:src\pages\monitoring\MissedReportsPage.jsx
FN:14,(anonymous_0)
FN:34,(anonymous_1)
FN:42,(anonymous_2)
FN:43,(anonymous_3)
FN:79,(anonymous_4)
FN:82,(anonymous_5)
FN:92,(anonymous_6)
FN:94,(anonymous_7)
FN:126,(anonymous_8)
FN:137,(anonymous_9)
FN:185,(anonymous_10)
FN:202,(anonymous_11)
FN:250,(anonymous_12)
FN:255,(anonymous_13)
FN:278,(anonymous_14)
FN:286,(anonymous_15)
FN:311,(anonymous_16)
FN:336,(anonymous_17)
FN:344,(anonymous_18)
FN:353,(anonymous_19)
FN:366,(anonymous_20)
FNF:21
FNH:8
FNDA:1,(anonymous_0)
FNDA:2,(anonymous_1)
FNDA:1,(anonymous_2)
FNDA:1,(anonymous_3)
FNDA:1,(anonymous_4)
FNDA:0,(anonymous_5)
FNDA:2,(anonymous_6)
FNDA:0,(anonymous_7)
FNDA:0,(anonymous_8)
FNDA:0,(anonymous_9)
FNDA:0,(anonymous_10)
FNDA:0,(anonymous_11)
FNDA:0,(anonymous_12)
FNDA:0,(anonymous_13)
FNDA:0,(anonymous_14)
FNDA:0,(anonymous_15)
FNDA:3,(anonymous_16)
FNDA:0,(anonymous_17)
FNDA:3,(anonymous_18)
FNDA:0,(anonymous_19)
FNDA:0,(anonymous_20)
DA:14,1
DA:15,1
DA:16,1
DA:24,1
DA:31,1
DA:34,1
DA:35,2
DA:36,2
DA:37,2
DA:38,2
DA:39,2
DA:40,2
DA:42,2
DA:43,1
DA:44,1
DA:45,1
DA:49,1
DA:51,1
DA:52,1
DA:53,1
DA:58,1
DA:60,1
DA:61,0
DA:62,1
DA:63,0
DA:64,0
DA:65,1
DA:66,1
DA:68,0
DA:70,1
DA:72,0
DA:74,1
DA:77,1
DA:78,1
DA:79,1
DA:82,2
DA:83,0
DA:91,2
DA:92,2
DA:94,2
DA:95,0
DA:96,0
DA:97,0
DA:98,0
DA:99,0
DA:100,0
DA:101,0
DA:102,0
DA:103,0
DA:104,0
DA:105,0
DA:107,0
DA:108,0
DA:109,0
DA:110,0
DA:113,0
DA:114,0
DA:115,0
DA:116,0
DA:117,0
DA:118,0
DA:119,0
DA:120,0
DA:123,0
DA:126,2
DA:127,0
DA:128,0
DA:133,0
DA:134,0
DA:135,0
DA:137,0
DA:138,0
DA:141,0
DA:142,0
DA:143,0
DA:144,0
DA:147,0
DA:148,0
DA:149,0
DA:154,0
DA:155,0
DA:156,0
DA:161,0
DA:164,0
DA:185,0
DA:187,0
DA:202,0
DA:209,0
DA:231,0
DA:235,0
DA:236,0
DA:237,0
DA:238,0
DA:239,0
DA:240,0
DA:241,0
DA:242,0
DA:243,0
DA:246,0
DA:247,0
DA:248,0
DA:250,0
DA:251,0
DA:255,2
DA:256,0
DA:257,0
DA:258,0
DA:261,0
DA:262,0
DA:270,0
DA:278,0
DA:279,0
DA:280,0
DA:286,0
DA:292,0
DA:295,0
DA:298,0
DA:299,0
DA:300,0
DA:303,0
DA:305,0
DA:306,0
DA:307,0
DA:308,0
DA:311,2
DA:312,3
DA:336,2
DA:337,0
DA:338,0
DA:339,0
DA:340,0
DA:341,0
DA:344,2
DA:345,3
DA:354,0
DA:367,0
DA:368,0
DA:390,2
LF:138
LH:42
BRDA:60,0,0,0
BRDA:60,0,1,1
BRDA:62,1,0,0
BRDA:62,1,1,1
BRDA:62,2,0,1
BRDA:62,2,1,1
BRDA:63,3,0,0
BRDA:63,3,1,0
BRDA:65,4,0,1
BRDA:65,4,1,0
BRDA:95,5,0,0
BRDA:95,5,1,0
BRDA:100,6,0,0
BRDA:100,6,1,0
BRDA:109,7,0,0
BRDA:109,7,1,0
BRDA:109,8,0,0
BRDA:109,8,1,0
BRDA:115,9,0,0
BRDA:115,9,1,0
BRDA:116,10,0,0
BRDA:116,10,1,0
BRDA:120,11,0,0
BRDA:120,11,1,0
BRDA:205,12,0,0
BRDA:205,12,1,0
BRDA:206,13,0,0
BRDA:206,13,1,0
BRDA:289,14,0,0
BRDA:289,14,1,0
BRDA:290,15,0,0
BRDA:290,15,1,0
BRDA:325,16,0,0
BRDA:325,16,1,3
BRDA:337,17,0,0
BRDA:337,17,1,0
BRDA:339,18,0,0
BRDA:339,18,1,0
BRDA:365,19,0,0
BRDA:365,19,1,0
BRDA:422,20,0,2
BRDA:422,20,1,1
BRDA:429,21,0,2
BRDA:429,21,1,0
BRDA:436,22,0,1
BRDA:436,22,1,1
BRF:46
BRH:11
end_of_record
TN:
SF:src\pages\monitoring\MonitoringPage.jsx
FN:15,(anonymous_0)
FN:38,(anonymous_1)
FN:53,MonitoringPage
FN:69,(anonymous_3)
FN:79,(anonymous_4)
FN:80,(anonymous_5)
FN:92,(anonymous_6)
FN:93,(anonymous_7)
FN:112,(anonymous_8)
FN:116,(anonymous_9)
FN:130,(anonymous_10)
FN:135,(anonymous_11)
FN:160,(anonymous_12)
FN:163,(anonymous_13)
FN:174,(anonymous_14)
FN:220,(anonymous_15)
FNF:16
FNH:2
FNDA:0,(anonymous_0)
FNDA:1,(anonymous_1)
FNDA:3,MonitoringPage
FNDA:0,(anonymous_3)
FNDA:0,(anonymous_4)
FNDA:0,(anonymous_5)
FNDA:0,(anonymous_6)
FNDA:0,(anonymous_7)
FNDA:0,(anonymous_8)
FNDA:0,(anonymous_9)
FNDA:0,(anonymous_10)
FNDA:0,(anonymous_11)
FNDA:0,(anonymous_12)
FNDA:0,(anonymous_13)
FNDA:0,(anonymous_14)
FNDA:0,(anonymous_15)
DA:15,2
DA:16,0
DA:17,0
DA:25,0
DA:32,0
DA:38,2
DA:39,1
DA:40,1
DA:41,1
DA:43,1
DA:44,1
DA:46,1
DA:47,5
DA:50,1
DA:54,3
DA:55,0
DA:56,0
DA:57,0
DA:58,0
DA:59,0
DA:60,0
DA:61,0
DA:62,0
DA:63,0
DA:64,0
DA:65,0
DA:66,0
DA:69,0
DA:70,0
DA:76,0
DA:79,0
DA:80,0
DA:81,0
DA:82,0
DA:83,0
DA:85,0
DA:88,0
DA:92,0
DA:93,0
DA:94,0
DA:95,0
DA:97,0
DA:98,0
DA:99,0
DA:100,0
DA:101,0
DA:102,0
DA:104,0
DA:110,0
DA:111,0
DA:112,0
DA:116,0
DA:117,0
DA:118,0
DA:119,0
DA:120,0
DA:121,0
DA:122,0
DA:123,0
DA:124,0
DA:126,0
DA:130,0
DA:131,0
DA:132,0
DA:134,0
DA:135,0
DA:136,0
DA:137,0
DA:138,0
DA:142,0
DA:143,0
DA:144,0
DA:145,0
DA:147,0
DA:152,0
DA:154,0
DA:160,0
DA:161,0
DA:162,0
DA:163,0
DA:164,0
DA:165,0
DA:166,0
DA:168,0
DA:169,0
DA:174,0
DA:175,0
DA:176,0
DA:177,0
DA:178,0
DA:179,0
DA:180,0
DA:182,0
DA:183,0
DA:185,0
DA:188,0
DA:221,0
DA:222,0
DA:223,0
DA:225,0
DA:229,0
LF:101
LH:11
BRDA:70,0,0,0
BRDA:70,0,1,0
BRDA:72,1,0,0
BRDA:72,1,1,0
BRDA:97,2,0,0
BRDA:97,2,1,0
BRDA:99,3,0,0
BRDA:99,3,1,0
BRDA:101,4,0,0
BRDA:101,4,1,0
BRDA:117,5,0,0
BRDA:117,5,1,0
BRDA:122,6,0,0
BRDA:122,6,1,0
BRDA:123,7,0,0
BRDA:123,7,1,0
BRDA:124,8,0,0
BRDA:124,8,1,0
BRDA:124,9,0,0
BRDA:124,9,1,0
BRDA:124,9,2,0
BRDA:138,10,0,0
BRDA:138,10,1,0
BRDA:144,11,0,0
BRDA:144,11,1,0
BRDA:144,12,0,0
BRDA:144,12,1,0
BRDA:144,12,2,0
BRDA:144,12,3,0
BRDA:147,13,0,0
BRDA:147,13,1,0
BRDA:148,14,0,0
BRDA:148,14,1,0
BRDA:148,14,2,0
BRDA:161,15,0,0
BRDA:161,15,1,0
BRDA:161,16,0,0
BRDA:161,16,1,0
BRDA:166,17,0,0
BRDA:166,17,1,0
BRDA:168,18,0,0
BRDA:168,18,1,0
BRDA:168,19,0,0
BRDA:168,19,1,0
BRDA:168,19,2,0
BRDA:179,20,0,0
BRDA:179,20,1,0
BRDA:182,21,0,0
BRDA:182,21,1,0
BRDA:217,22,0,0
BRDA:217,22,1,0
BRDA:222,23,0,0
BRDA:222,23,1,0
BRDA:243,24,0,0
BRDA:243,24,1,0
BRDA:246,25,0,0
BRDA:246,25,1,0
BRDA:273,26,0,0
BRDA:273,26,1,0
BRF:59
BRH:0
end_of_record
TN:
SF:src\pages\monitoring\WeeklyMatrix.jsx
FN:6,(anonymous_0)
FN:30,(anonymous_1)
FN:66,(anonymous_2)
FN:87,(anonymous_3)
FN:91,(anonymous_4)
FN:94,(anonymous_5)
FN:98,(anonymous_6)
FN:102,(anonymous_7)
FN:105,(anonymous_8)
FN:106,(anonymous_9)
FN:113,(anonymous_10)
FN:115,(anonymous_11)
FN:123,(anonymous_12)
FN:148,(anonymous_13)
FN:151,(anonymous_14)
FN:176,(anonymous_15)
FNF:16
FNH:0
FNDA:0,(anonymous_0)
FNDA:0,(anonymous_1)
FNDA:0,(anonymous_2)
FNDA:0,(anonymous_3)
FNDA:0,(anonymous_4)
FNDA:0,(anonymous_5)
FNDA:0,(anonymous_6)
FNDA:0,(anonymous_7)
FNDA:0,(anonymous_8)
FNDA:0,(anonymous_9)
FNDA:0,(anonymous_10)
FNDA:0,(anonymous_11)
FNDA:0,(anonymous_12)
FNDA:0,(anonymous_13)
FNDA:0,(anonymous_14)
FNDA:0,(anonymous_15)
DA:6,1
DA:13,0
DA:16,0
DA:31,0
DA:66,1
DA:72,0
DA:75,0
DA:76,0
DA:77,0
DA:78,0
DA:81,0
DA:82,0
DA:87,0
DA:88,0
DA:89,0
DA:90,0
DA:91,0
DA:93,0
DA:94,0
DA:95,0
DA:96,0
DA:97,0
DA:98,0
DA:99,0
DA:100,0
DA:102,0
DA:105,0
DA:106,0
DA:108,0
DA:109,0
DA:113,0
DA:114,0
DA:115,0
DA:117,0
DA:118,0
DA:119,0
DA:123,0
DA:124,0
DA:125,0
DA:132,0
DA:149,0
DA:151,0
DA:177,0
LF:43
LH:2
BRDA:13,0,0,0
BRDA:13,0,1,0
BRDA:13,0,2,0
BRDA:19,1,0,0
BRDA:19,1,1,0
BRDA:37,2,0,0
BRDA:37,2,1,0
BRDA:39,3,0,0
BRDA:39,3,1,0
BRDA:67,4,0,0
BRDA:68,5,0,0
BRDA:81,6,0,0
BRDA:81,6,1,0
BRDA:81,7,0,0
BRDA:81,7,1,0
BRDA:82,8,0,0
BRDA:82,8,1,0
BRDA:82,9,0,0
BRDA:82,9,1,0
BRDA:88,10,0,0
BRDA:88,10,1,0
BRDA:89,11,0,0
BRDA:89,11,1,0
BRDA:90,12,0,0
BRDA:90,12,1,0
BRDA:91,13,0,0
BRDA:91,13,1,0
BRDA:91,14,0,0
BRDA:91,14,1,0
BRDA:93,15,0,0
BRDA:93,15,1,0
BRDA:95,16,0,0
BRDA:95,16,1,0
BRDA:97,17,0,0
BRDA:97,17,1,0
BRDA:97,18,0,0
BRDA:97,18,1,0
BRDA:98,19,0,0
BRDA:98,19,1,0
BRDA:99,20,0,0
BRDA:99,20,1,0
BRDA:106,21,0,0
BRDA:106,21,1,0
BRDA:106,22,0,0
BRDA:106,22,1,0
BRDA:114,23,0,0
BRDA:114,23,1,0
BRDA:115,24,0,0
BRDA:115,24,1,0
BRDA:115,25,0,0
BRDA:115,25,1,0
BRDA:115,26,0,0
BRDA:115,26,1,0
BRDA:124,27,0,0
BRDA:124,27,1,0
BRDA:125,28,0,0
BRDA:125,28,1,0
BRDA:153,29,0,0
BRDA:153,29,1,0
BRDA:159,30,0,0
BRDA:159,30,1,0
BRDA:159,30,2,0
BRDA:166,31,0,0
BRDA:166,31,1,0
BRF:64
BRH:0
end_of_record
TN:
SF:src\pages\monitoring\components\DailyMatrixSkeleton.jsx
FN:3,DailyMatrixSkeleton
FN:15,(anonymous_1)
FN:25,(anonymous_2)
FN:33,(anonymous_3)
FNF:4
FNH:0
FNDA:0,DailyMatrixSkeleton
FNDA:0,(anonymous_1)
FNDA:0,(anonymous_2)
FNDA:0,(anonymous_3)
DA:4,0
DA:5,0
DA:7,0
DA:16,0
DA:26,0
DA:34,0
LF:6
LH:0
BRDA:3,0,0,0
BRDA:3,1,0,0
BRDA:4,2,0,0
BRDA:4,2,1,0
BRDA:5,3,0,0
BRDA:5,3,1,0
BRF:6
BRH:0
end_of_record
TN:
SF:src\pages\monitoring\components\FilterToolbar.jsx
FN:5,FilterToolbar
FN:20,(anonymous_1)
FN:42,(anonymous_2)
FN:46,(anonymous_3)
FN:54,(anonymous_4)
FN:86,(anonymous_5)
FN:90,(anonymous_6)
FN:98,(anonymous_7)
FN:121,(anonymous_8)
FN:130,(anonymous_9)
FN:134,(anonymous_10)
FN:142,(anonymous_11)
FN:166,(anonymous_12)
FN:168,(anonymous_13)
FN:180,(anonymous_14)
FN:188,(anonymous_15)
FN:200,(anonymous_16)
FN:201,(anonymous_17)
FN:205,(anonymous_18)
FN:213,(anonymous_19)
FNF:20
FNH:0
FNDA:0,FilterToolbar
FNDA:0,(anonymous_1)
FNDA:0,(anonymous_2)
FNDA:0,(anonymous_3)
FNDA:0,(anonymous_4)
FNDA:0,(anonymous_5)
FNDA:0,(anonymous_6)
FNDA:0,(anonymous_7)
FNDA:0,(anonymous_8)
FNDA:0,(anonymous_9)
FNDA:0,(anonymous_10)
FNDA:0,(anonymous_11)
FNDA:0,(anonymous_12)
FNDA:0,(anonymous_13)
FNDA:0,(anonymous_14)
FNDA:0,(anonymous_15)
FNDA:0,(anonymous_16)
FNDA:0,(anonymous_17)
FNDA:0,(anonymous_18)
FNDA:0,(anonymous_19)
DA:19,0
DA:20,0
DA:23,0
DA:26,0
DA:28,0
DA:43,0
DA:47,0
DA:55,0
DA:87,0
DA:91,0
DA:99,0
DA:121,0
DA:131,0
DA:135,0
DA:143,0
DA:167,0
DA:168,0
DA:169,0
DA:181,0
DA:189,0
DA:200,0
DA:202,0
DA:206,0
DA:214,0
LF:24
LH:0
BRDA:12,0,0,0
BRDA:17,1,0,0
BRDA:31,2,0,0
BRDA:31,2,1,0
BRDA:31,2,2,0
BRDA:31,2,3,0
BRDA:31,2,4,0
BRDA:48,3,0,0
BRDA:48,3,1,0
BRDA:56,4,0,0
BRDA:56,4,1,0
BRDA:59,5,0,0
BRDA:59,5,1,0
BRDA:75,6,0,0
BRDA:75,6,1,0
BRDA:75,6,2,0
BRDA:92,7,0,0
BRDA:92,7,1,0
BRDA:100,8,0,0
BRDA:100,8,1,0
BRDA:103,9,0,0
BRDA:103,9,1,0
BRDA:119,10,0,0
BRDA:119,10,1,0
BRDA:119,10,2,0
BRDA:136,11,0,0
BRDA:136,11,1,0
BRDA:144,12,0,0
BRDA:144,12,1,0
BRDA:145,13,0,0
BRDA:145,13,1,0
BRDA:167,14,0,0
BRDA:167,14,1,0
BRDA:169,15,0,0
BRDA:169,15,1,0
BRDA:182,16,0,0
BRDA:182,16,1,0
BRDA:190,17,0,0
BRDA:190,17,1,0
BRDA:191,18,0,0
BRDA:191,18,1,0
BRDA:207,19,0,0
BRDA:207,19,1,0
BRDA:215,20,0,0
BRDA:215,20,1,0
BRDA:216,21,0,0
BRDA:216,21,1,0
BRF:47
BRH:0
end_of_record
TN:
SF:src\pages\monitoring\components\MonthlyMatrix.jsx
FN:7,(anonymous_0)
FN:17,(anonymous_1)
FN:18,(anonymous_2)
FN:25,(anonymous_3)
FN:28,(anonymous_4)
FN:40,(anonymous_5)
FN:42,(anonymous_6)
FN:43,(anonymous_7)
FN:45,(anonymous_8)
FN:50,(anonymous_9)
FN:68,(anonymous_10)
FN:75,(anonymous_11)
FN:79,(anonymous_12)
FN:92,(anonymous_13)
FN:112,(anonymous_14)
FN:160,(anonymous_15)
FNF:16
FNH:0
FNDA:0,(anonymous_0)
FNDA:0,(anonymous_1)
FNDA:0,(anonymous_2)
FNDA:0,(anonymous_3)
FNDA:0,(anonymous_4)
FNDA:0,(anonymous_5)
FNDA:0,(anonymous_6)
FNDA:0,(anonymous_7)
FNDA:0,(anonymous_8)
FNDA:0,(anonymous_9)
FNDA:0,(anonymous_10)
FNDA:0,(anonymous_11)
FNDA:0,(anonymous_12)
FNDA:0,(anonymous_13)
FNDA:0,(anonymous_14)
FNDA:0,(anonymous_15)
DA:7,1
DA:8,0
DA:10,0
DA:12,0
DA:14,0
DA:15,0
DA:17,0
DA:18,0
DA:20,0
DA:21,0
DA:25,0
DA:26,0
DA:27,0
DA:28,0
DA:29,0
DA:30,0
DA:31,0
DA:32,0
DA:33,0
DA:34,0
DA:36,0
DA:39,0
DA:40,0
DA:41,0
DA:42,0
DA:43,0
DA:44,0
DA:45,0
DA:46,0
DA:48,0
DA:50,0
DA:51,0
DA:52,0
DA:59,0
DA:61,0
DA:68,0
DA:76,0
DA:79,0
DA:94,0
DA:97,0
DA:113,0
DA:161,0
LF:42
LH:1
BRDA:7,0,0,0
BRDA:10,1,0,0
BRDA:10,1,1,0
BRDA:18,2,0,0
BRDA:18,2,1,0
BRDA:18,3,0,0
BRDA:18,3,1,0
BRDA:21,4,0,0
BRDA:21,4,1,0
BRDA:27,5,0,0
BRDA:27,5,1,0
BRDA:29,6,0,0
BRDA:29,6,1,0
BRDA:30,7,0,0
BRDA:30,7,1,0
BRDA:30,8,0,0
BRDA:30,8,1,0
BRDA:32,9,0,0
BRDA:32,9,1,0
BRDA:33,10,0,0
BRDA:33,10,1,0
BRDA:42,11,0,0
BRDA:42,11,1,0
BRDA:44,12,0,0
BRDA:44,12,1,0
BRDA:51,13,0,0
BRDA:51,13,1,0
BRDA:52,14,0,0
BRDA:52,14,1,0
BRDA:59,15,0,0
BRDA:59,15,1,0
BRDA:81,16,0,0
BRDA:81,16,1,0
BRDA:94,17,0,0
BRDA:94,17,1,0
BRDA:94,17,2,0
BRDA:101,18,0,0
BRDA:101,18,1,0
BRDA:116,19,0,0
BRDA:116,19,1,0
BRDA:125,20,0,0
BRDA:125,20,1,0
BRDA:127,21,0,0
BRDA:127,21,1,0
BRF:44
BRH:0
end_of_record
TN:
SF:src\pages\monitoring\components\TabContent.jsx
FN:15,TabContent
FN:28,(anonymous_1)
FN:64,(anonymous_2)
FN:66,(anonymous_3)
FN:69,(anonymous_4)
FN:76,setMonthlyMode
FN:84,(anonymous_6)
FN:85,(anonymous_7)
FN:117,(anonymous_8)
FN:118,(anonymous_9)
FN:136,(anonymous_10)
FN:137,(anonymous_11)
FN:168,(anonymous_12)
FN:177,(anonymous_13)
FN:207,(anonymous_14)
FN:216,(anonymous_15)
FN:226,(anonymous_16)
FN:230,(anonymous_17)
FN:240,(anonymous_18)
FN:263,(anonymous_19)
FN:277,(anonymous_20)
FN:286,(anonymous_21)
FN:307,(anonymous_22)
FN:320,(anonymous_23)
FN:341,(anonymous_24)
FN:347,(anonymous_25)
FN:353,(anonymous_26)
FN:374,(anonymous_27)
FN:375,(anonymous_28)
FN:394,(anonymous_29)
FN:395,(anonymous_30)
FN:404,(anonymous_31)
FN:409,(anonymous_32)
FN:428,(anonymous_33)
FN:431,(anonymous_34)
FN:433,(anonymous_35)
FN:452,(anonymous_36)
FN:458,(anonymous_37)
FN:461,(anonymous_38)
FN:465,(anonymous_39)
FN:469,(anonymous_40)
FN:472,(anonymous_41)
FN:486,(anonymous_42)
FN:494,(anonymous_43)
FN:500,(anonymous_44)
FN:503,(anonymous_45)
FN:504,(anonymous_46)
FN:508,(anonymous_47)
FN:512,(anonymous_48)
FN:514,(anonymous_49)
FN:527,(anonymous_50)
FN:533,(anonymous_51)
FN:538,(anonymous_52)
FN:547,(anonymous_53)
FN:553,(anonymous_54)
FN:576,(anonymous_55)
FN:594,(anonymous_56)
FN:609,(anonymous_57)
FN:610,(anonymous_58)
FN:616,(anonymous_59)
FN:627,(anonymous_60)
FN:631,(anonymous_61)
FN:638,(anonymous_62)
FN:651,(anonymous_63)
FN:666,(anonymous_64)
FN:690,(anonymous_65)
FN:694,(anonymous_66)
FN:699,(anonymous_67)
FN:700,(anonymous_68)
FN:706,(anonymous_69)
FN:712,(anonymous_70)
FN:721,(anonymous_71)
FN:729,(anonymous_72)
FN:771,(anonymous_73)
FN:778,(anonymous_74)
FN:784,(anonymous_75)
FN:804,(anonymous_76)
FN:828,(anonymous_77)
FN:829,(anonymous_78)
FN:840,(anonymous_79)
FN:848,(anonymous_80)
FN:851,(anonymous_81)
FN:858,(anonymous_82)
FN:865,(anonymous_83)
FN:868,(anonymous_84)
FN:872,(anonymous_85)
FN:873,(anonymous_86)
FN:875,(anonymous_87)
FN:885,(anonymous_88)
FN:886,(anonymous_89)
FN:908,(anonymous_90)
FN:964,(anonymous_91)
FN:968,(anonymous_92)
FN:999,(anonymous_93)
FN:1017,(anonymous_94)
FN:1021,(anonymous_95)
FNF:96
FNH:0
FNDA:0,TabContent
FNDA:0,(anonymous_1)
FNDA:0,(anonymous_2)
FNDA:0,(anonymous_3)
FNDA:0,(anonymous_4)
FNDA:0,setMonthlyMode
FNDA:0,(anonymous_6)
FNDA:0,(anonymous_7)
FNDA:0,(anonymous_8)
FNDA:0,(anonymous_9)
FNDA:0,(anonymous_10)
FNDA:0,(anonymous_11)
FNDA:0,(anonymous_12)
FNDA:0,(anonymous_13)
FNDA:0,(anonymous_14)
FNDA:0,(anonymous_15)
FNDA:0,(anonymous_16)
FNDA:0,(anonymous_17)
FNDA:0,(anonymous_18)
FNDA:0,(anonymous_19)
FNDA:0,(anonymous_20)
FNDA:0,(anonymous_21)
FNDA:0,(anonymous_22)
FNDA:0,(anonymous_23)
FNDA:0,(anonymous_24)
FNDA:0,(anonymous_25)
FNDA:0,(anonymous_26)
FNDA:0,(anonymous_27)
FNDA:0,(anonymous_28)
FNDA:0,(anonymous_29)
FNDA:0,(anonymous_30)
FNDA:0,(anonymous_31)
FNDA:0,(anonymous_32)
FNDA:0,(anonymous_33)
FNDA:0,(anonymous_34)
FNDA:0,(anonymous_35)
FNDA:0,(anonymous_36)
FNDA:0,(anonymous_37)
FNDA:0,(anonymous_38)
FNDA:0,(anonymous_39)
FNDA:0,(anonymous_40)
FNDA:0,(anonymous_41)
FNDA:0,(anonymous_42)
FNDA:0,(anonymous_43)
FNDA:0,(anonymous_44)
FNDA:0,(anonymous_45)
FNDA:0,(anonymous_46)
FNDA:0,(anonymous_47)
FNDA:0,(anonymous_48)
FNDA:0,(anonymous_49)
FNDA:0,(anonymous_50)
FNDA:0,(anonymous_51)
FNDA:0,(anonymous_52)
FNDA:0,(anonymous_53)
FNDA:0,(anonymous_54)
FNDA:0,(anonymous_55)
FNDA:0,(anonymous_56)
FNDA:0,(anonymous_57)
FNDA:0,(anonymous_58)
FNDA:0,(anonymous_59)
FNDA:0,(anonymous_60)
FNDA:0,(anonymous_61)
FNDA:0,(anonymous_62)
FNDA:0,(anonymous_63)
FNDA:0,(anonymous_64)
FNDA:0,(anonymous_65)
FNDA:0,(anonymous_66)
FNDA:0,(anonymous_67)
FNDA:0,(anonymous_68)
FNDA:0,(anonymous_69)
FNDA:0,(anonymous_70)
FNDA:0,(anonymous_71)
FNDA:0,(anonymous_72)
FNDA:0,(anonymous_73)
FNDA:0,(anonymous_74)
FNDA:0,(anonymous_75)
FNDA:0,(anonymous_76)
FNDA:0,(anonymous_77)
FNDA:0,(anonymous_78)
FNDA:0,(anonymous_79)
FNDA:0,(anonymous_80)
FNDA:0,(anonymous_81)
FNDA:0,(anonymous_82)
FNDA:0,(anonymous_83)
FNDA:0,(anonymous_84)
FNDA:0,(anonymous_85)
FNDA:0,(anonymous_86)
FNDA:0,(anonymous_87)
FNDA:0,(anonymous_88)
FNDA:0,(anonymous_89)
FNDA:0,(anonymous_90)
FNDA:0,(anonymous_91)
FNDA:0,(anonymous_92)
FNDA:0,(anonymous_93)
FNDA:0,(anonymous_94)
FNDA:0,(anonymous_95)
DA:28,0
DA:29,0
DA:30,0
DA:31,0
DA:38,0
DA:45,0
DA:47,0
DA:48,0
DA:49,0
DA:50,0
DA:51,0
DA:52,0
DA:53,0
DA:54,0
DA:55,0
DA:56,0
DA:57,0
DA:58,0
DA:59,0
DA:60,0
DA:61,0
DA:62,0
DA:64,0
DA:65,0
DA:66,0
DA:69,0
DA:70,0
DA:71,0
DA:75,0
DA:77,0
DA:78,0
DA:80,0
DA:84,0
DA:85,0
DA:86,0
DA:88,0
DA:95,0
DA:96,0
DA:97,0
DA:100,0
DA:105,0
DA:108,0
DA:114,0
DA:117,0
DA:118,0
DA:119,0
DA:120,0
DA:121,0
DA:122,0
DA:123,0
DA:126,0
DA:128,0
DA:130,0
DA:133,0
DA:136,0
DA:137,0
DA:138,0
DA:139,0
DA:140,0
DA:141,0
DA:142,0
DA:146,0
DA:147,0
DA:148,0
DA:159,0
DA:160,0
DA:161,0
DA:164,0
DA:166,0
DA:167,0
DA:168,0
DA:169,0
DA:170,0
DA:172,0
DA:173,0
DA:174,0
DA:175,0
DA:178,0
DA:179,0
DA:180,0
DA:182,0
DA:185,0
DA:188,0
DA:194,0
DA:195,0
DA:196,0
DA:197,0
DA:198,0
DA:204,0
DA:207,0
DA:208,0
DA:216,0
DA:217,0
DA:224,0
DA:225,0
DA:226,0
DA:227,0
DA:230,0
DA:231,0
DA:232,0
DA:234,0
DA:235,0
DA:239,0
DA:240,0
DA:241,0
DA:242,0
DA:243,0
DA:248,0
DA:249,0
DA:250,0
DA:251,0
DA:253,0
DA:256,0
DA:257,0
DA:262,0
DA:263,0
DA:264,0
DA:265,0
DA:266,0
DA:268,0
DA:269,0
DA:274,0
DA:275,0
DA:276,0
DA:277,0
DA:279,0
DA:280,0
DA:281,0
DA:285,0
DA:286,0
DA:288,0
DA:289,0
DA:290,0
DA:292,0
DA:293,0
DA:294,0
DA:299,0
DA:300,0
DA:301,0
DA:305,0
DA:306,0
DA:308,0
DA:313,0
DA:314,0
DA:315,0
DA:316,0
DA:317,0
DA:320,0
DA:322,0
DA:324,0
DA:326,0
DA:329,0
DA:341,0
DA:342,0
DA:343,0
DA:344,0
DA:346,0
DA:347,0
DA:348,0
DA:349,0
DA:350,0
DA:351,0
DA:353,0
DA:354,0
DA:355,0
DA:359,0
DA:360,0
DA:365,0
DA:366,0
DA:367,0
DA:369,0
DA:371,0
DA:374,0
DA:375,0
DA:376,0
DA:377,0
DA:378,0
DA:379,0
DA:380,0
DA:381,0
DA:384,0
DA:386,0
DA:388,0
DA:391,0
DA:394,0
DA:395,0
DA:396,0
DA:397,0
DA:398,0
DA:399,0
DA:404,0
DA:407,0
DA:408,0
DA:409,0
DA:413,0
DA:415,0
DA:416,0
DA:417,0
DA:418,0
DA:419,0
DA:420,0
DA:421,0
DA:424,0
DA:427,0
DA:428,0
DA:430,0
DA:431,0
DA:432,0
DA:433,0
DA:435,0
DA:441,0
DA:446,0
DA:447,0
DA:448,0
DA:449,0
DA:452,0
DA:458,0
DA:461,0
DA:465,0
DA:466,0
DA:469,0
DA:470,0
DA:471,0
DA:472,0
DA:474,0
DA:478,0
DA:482,0
DA:484,0
DA:485,0
DA:486,0
DA:487,0
DA:488,0
DA:489,0
DA:490,0
DA:491,0
DA:492,0
DA:494,0
DA:495,0
DA:499,0
DA:501,0
DA:503,0
DA:504,0
DA:508,0
DA:509,0
DA:512,0
DA:513,0
DA:514,0
DA:515,0
DA:516,0
DA:517,0
DA:518,0
DA:520,0
DA:521,0
DA:522,0
DA:523,0
DA:525,0
DA:527,0
DA:532,0
DA:533,0
DA:534,0
DA:535,0
DA:536,0
DA:537,0
DA:538,0
DA:539,0
DA:540,0
DA:541,0
DA:542,0
DA:543,0
DA:544,0
DA:545,0
DA:546,0
DA:547,0
DA:549,0
DA:551,0
DA:554,0
DA:555,0
DA:556,0
DA:559,0
DA:562,0
DA:563,0
DA:564,0
DA:565,0
DA:566,0
DA:567,0
DA:573,0
DA:575,0
DA:576,0
DA:577,0
DA:579,0
DA:580,0
DA:581,0
DA:582,0
DA:583,0
DA:584,0
DA:585,0
DA:586,0
DA:588,0
DA:589,0
DA:594,0
DA:595,0
DA:596,0
DA:597,0
DA:598,0
DA:599,0
DA:600,0
DA:601,0
DA:603,0
DA:606,0
DA:607,0
DA:608,0
DA:609,0
DA:610,0
DA:612,0
DA:616,0
DA:617,0
DA:618,0
DA:619,0
DA:620,0
DA:622,0
DA:625,0
DA:626,0
DA:627,0
DA:630,0
DA:631,0
DA:632,0
DA:634,0
DA:638,0
DA:641,0
DA:643,0
DA:646,0
DA:650,0
DA:651,0
DA:652,0
DA:654,0
DA:659,0
DA:660,0
DA:666,0
DA:667,0
DA:668,0
DA:669,0
DA:670,0
DA:674,0
DA:676,0
DA:677,0
DA:678,0
DA:679,0
DA:681,0
DA:683,0
DA:689,0
DA:690,0
DA:691,0
DA:692,0
DA:693,0
DA:695,0
DA:699,0
DA:700,0
DA:703,0
DA:704,0
DA:706,0
DA:707,0
DA:710,0
DA:711,0
DA:712,0
DA:713,0
DA:714,0
DA:715,0
DA:716,0
DA:720,0
DA:721,0
DA:722,0
DA:723,0
DA:724,0
DA:726,0
DA:728,0
DA:730,0
DA:740,0
DA:742,0
DA:743,0
DA:744,0
DA:745,0
DA:747,0
DA:750,0
DA:758,0
DA:760,0
DA:765,0
DA:766,0
DA:768,0
DA:771,0
DA:772,0
DA:776,0
DA:777,0
DA:778,0
DA:781,0
DA:782,0
DA:784,0
DA:785,0
DA:789,0
DA:790,0
DA:791,0
DA:792,0
DA:793,0
DA:795,0
DA:804,0
DA:805,0
DA:809,0
DA:811,0
DA:813,0
DA:816,0
DA:828,0
DA:829,0
DA:830,0
DA:831,0
DA:832,0
DA:833,0
DA:834,0
DA:835,0
DA:836,0
DA:840,0
DA:843,0
DA:844,0
DA:847,0
DA:848,0
DA:849,0
DA:850,0
DA:851,0
DA:852,0
DA:856,0
DA:857,0
DA:859,0
DA:860,0
DA:861,0
DA:862,0
DA:863,0
DA:865,0
DA:868,0
DA:869,0
DA:872,0
DA:873,0
DA:875,0
DA:876,0
DA:877,0
DA:878,0
DA:879,0
DA:880,0
DA:884,0
DA:885,0
DA:886,0
DA:887,0
DA:888,0
DA:889,0
DA:890,0
DA:908,0
DA:909,0
DA:913,0
DA:915,0
DA:916,0
DA:918,0
DA:921,0
DA:934,0
DA:935,0
DA:936,0
DA:938,0
DA:941,0
DA:946,0
DA:950,0
DA:965,0
DA:968,0
DA:1018,0
DA:1021,0
LF:470
LH:0
BRDA:21,0,0,0
BRDA:25,1,0,0
BRDA:26,2,0,0
BRDA:29,3,0,0
BRDA:29,3,1,0
BRDA:65,4,0,0
BRDA:65,4,1,0
BRDA:70,5,0,0
BRDA:70,5,1,0
BRDA:71,6,0,0
BRDA:71,6,1,0
BRDA:75,7,0,0
BRDA:75,7,1,0
BRDA:77,8,0,0
BRDA:77,8,1,0
BRDA:80,9,0,0
BRDA:80,9,1,0
BRDA:88,10,0,0
BRDA:88,10,1,0
BRDA:88,11,0,0
BRDA:88,11,1,0
BRDA:88,11,2,0
BRDA:96,12,0,0
BRDA:96,12,1,0
BRDA:98,13,0,0
BRDA:98,13,1,0
BRDA:100,14,0,0
BRDA:100,14,1,0
BRDA:102,15,0,0
BRDA:102,15,1,0
BRDA:124,16,0,0
BRDA:124,16,1,0
BRDA:133,17,0,0
BRDA:133,17,1,0
BRDA:138,18,0,0
BRDA:138,18,1,0
BRDA:138,19,0,0
BRDA:138,19,1,0
BRDA:147,20,0,0
BRDA:147,20,1,0
BRDA:150,21,0,0
BRDA:150,21,1,0
BRDA:153,22,0,0
BRDA:153,22,1,0
BRDA:161,23,0,0
BRDA:161,23,1,0
BRDA:164,24,0,0
BRDA:164,24,1,0
BRDA:164,24,2,0
BRDA:170,25,0,0
BRDA:170,25,1,0
BRDA:176,26,0,0
BRDA:176,26,1,0
BRDA:178,27,0,0
BRDA:178,27,1,0
BRDA:182,28,0,0
BRDA:182,28,1,0
BRDA:182,28,2,0
BRDA:185,29,0,0
BRDA:185,29,1,0
BRDA:188,30,0,0
BRDA:188,30,1,0
BRDA:188,30,2,0
BRDA:188,30,3,0
BRDA:188,30,4,0
BRDA:188,30,5,0
BRDA:194,31,0,0
BRDA:194,31,1,0
BRDA:199,32,0,0
BRDA:199,32,1,0
BRDA:199,32,2,0
BRDA:209,33,0,0
BRDA:209,33,1,0
BRDA:209,33,2,0
BRDA:209,33,3,0
BRDA:209,33,4,0
BRDA:209,33,5,0
BRDA:217,34,0,0
BRDA:217,34,1,0
BRDA:217,34,2,0
BRDA:217,34,3,0
BRDA:217,34,4,0
BRDA:217,34,5,0
BRDA:227,35,0,0
BRDA:227,35,1,0
BRDA:230,36,0,0
BRDA:230,36,1,0
BRDA:235,37,0,0
BRDA:235,37,1,0
BRDA:239,38,0,0
BRDA:239,38,1,0
BRDA:240,39,0,0
BRDA:240,39,1,0
BRDA:243,40,0,0
BRDA:243,40,1,0
BRDA:245,41,0,0
BRDA:245,41,1,0
BRDA:245,42,0,0
BRDA:245,42,1,0
BRDA:248,43,0,0
BRDA:248,43,1,0
BRDA:249,44,0,0
BRDA:249,44,1,0
BRDA:249,44,2,0
BRDA:250,45,0,0
BRDA:250,45,1,0
BRDA:250,45,2,0
BRDA:252,46,0,0
BRDA:252,46,1,0
BRDA:252,47,0,0
BRDA:252,47,1,0
BRDA:254,48,0,0
BRDA:254,48,1,0
BRDA:255,49,0,0
BRDA:255,49,1,0
BRDA:256,50,0,0
BRDA:256,50,1,0
BRDA:256,51,0,0
BRDA:256,51,1,0
BRDA:262,52,0,0
BRDA:262,52,1,0
BRDA:264,53,0,0
BRDA:264,53,1,0
BRDA:264,53,2,0
BRDA:265,54,0,0
BRDA:265,54,1,0
BRDA:268,55,0,0
BRDA:268,55,1,0
BRDA:269,56,0,0
BRDA:269,56,1,0
BRDA:274,57,0,0
BRDA:274,57,1,0
BRDA:279,58,0,0
BRDA:279,58,1,0
BRDA:280,59,0,0
BRDA:280,59,1,0
BRDA:290,60,0,0
BRDA:290,60,1,0
BRDA:292,61,0,0
BRDA:292,61,1,0
BRDA:292,62,0,0
BRDA:292,62,1,0
BRDA:293,63,0,0
BRDA:293,63,1,0
BRDA:294,64,0,0
BRDA:294,64,1,0
BRDA:300,65,0,0
BRDA:300,65,1,0
BRDA:308,66,0,0
BRDA:308,66,1,0
BRDA:309,67,0,0
BRDA:309,67,1,0
BRDA:313,68,0,0
BRDA:313,68,1,0
BRDA:314,69,0,0
BRDA:314,69,1,0
BRDA:314,70,0,0
BRDA:314,70,1,0
BRDA:315,71,0,0
BRDA:315,71,1,0
BRDA:315,72,0,0
BRDA:315,72,1,0
BRDA:316,73,0,0
BRDA:316,73,1,0
BRDA:342,74,0,0
BRDA:342,74,1,0
BRDA:342,75,0,0
BRDA:342,75,1,0
BRDA:347,76,0,0
BRDA:347,76,1,0
BRDA:348,77,0,0
BRDA:348,77,1,0
BRDA:349,78,0,0
BRDA:349,78,1,0
BRDA:350,79,0,0
BRDA:350,79,1,0
BRDA:351,80,0,0
BRDA:351,80,1,0
BRDA:354,81,0,0
BRDA:354,81,1,0
BRDA:355,82,0,0
BRDA:355,82,1,0
BRDA:359,83,0,0
BRDA:359,83,1,0
BRDA:359,83,2,0
BRDA:360,84,0,0
BRDA:360,84,1,0
BRDA:361,85,0,0
BRDA:361,85,1,0
BRDA:361,85,2,0
BRDA:376,86,0,0
BRDA:376,86,1,0
BRDA:382,87,0,0
BRDA:382,87,1,0
BRDA:396,88,0,0
BRDA:396,88,1,0
BRDA:401,89,0,0
BRDA:401,89,1,0
BRDA:407,90,0,0
BRDA:407,90,1,0
BRDA:413,91,0,0
BRDA:413,91,1,0
BRDA:415,92,0,0
BRDA:415,92,1,0
BRDA:415,93,0,0
BRDA:415,93,1,0
BRDA:418,94,0,0
BRDA:418,94,1,0
BRDA:419,95,0,0
BRDA:419,95,1,0
BRDA:421,96,0,0
BRDA:421,96,1,0
BRDA:427,97,0,0
BRDA:427,97,1,0
BRDA:432,98,0,0
BRDA:432,98,1,0
BRDA:435,99,0,0
BRDA:435,99,1,0
BRDA:435,99,2,0
BRDA:435,99,3,0
BRDA:435,99,4,0
BRDA:441,100,0,0
BRDA:441,100,1,0
BRDA:441,100,2,0
BRDA:441,100,3,0
BRDA:441,100,4,0
BRDA:446,101,0,0
BRDA:446,101,1,0
BRDA:447,102,0,0
BRDA:447,102,1,0
BRDA:448,103,0,0
BRDA:448,103,1,0
BRDA:449,104,0,0
BRDA:449,104,1,0
BRDA:449,105,0,0
BRDA:449,105,1,0
BRDA:453,106,0,0
BRDA:453,106,1,0
BRDA:466,107,0,0
BRDA:466,107,1,0
BRDA:472,108,0,0
BRDA:472,108,1,0
BRDA:474,109,0,0
BRDA:474,109,1,0
BRDA:478,110,0,0
BRDA:478,110,1,0
BRDA:503,111,0,0
BRDA:503,111,1,0
BRDA:509,112,0,0
BRDA:509,112,1,0
BRDA:513,113,0,0
BRDA:513,113,1,0
BRDA:517,114,0,0
BRDA:517,114,1,0
BRDA:520,115,0,0
BRDA:520,115,1,0
BRDA:520,116,0,0
BRDA:520,116,1,0
BRDA:522,117,0,0
BRDA:522,117,1,0
BRDA:526,118,0,0
BRDA:526,118,1,0
BRDA:536,119,0,0
BRDA:536,119,1,0
BRDA:539,120,0,0
BRDA:539,120,1,0
BRDA:539,120,2,0
BRDA:540,121,0,0
BRDA:540,121,1,0
BRDA:540,121,2,0
BRDA:540,121,3,0
BRDA:541,122,0,0
BRDA:541,122,1,0
BRDA:541,123,0,0
BRDA:541,123,1,0
BRDA:544,124,0,0
BRDA:544,124,1,0
BRDA:552,125,0,0
BRDA:552,125,1,0
BRDA:554,126,0,0
BRDA:554,126,1,0
BRDA:556,127,0,0
BRDA:556,127,1,0
BRDA:559,128,0,0
BRDA:559,128,1,0
BRDA:559,128,2,0
BRDA:559,129,0,0
BRDA:559,129,1,0
BRDA:560,130,0,0
BRDA:560,130,1,0
BRDA:561,131,0,0
BRDA:561,131,1,0
BRDA:562,132,0,0
BRDA:562,132,1,0
BRDA:568,133,0,0
BRDA:568,133,1,0
BRDA:568,133,2,0
BRDA:577,134,0,0
BRDA:577,134,1,0
BRDA:577,134,2,0
BRDA:579,135,0,0
BRDA:579,135,1,0
BRDA:579,135,2,0
BRDA:579,135,3,0
BRDA:580,136,0,0
BRDA:580,136,1,0
BRDA:580,137,0,0
BRDA:580,137,1,0
BRDA:583,138,0,0
BRDA:583,138,1,0
BRDA:585,139,0,0
BRDA:585,139,1,0
BRDA:595,140,0,0
BRDA:595,140,1,0
BRDA:596,141,0,0
BRDA:596,141,1,0
BRDA:597,142,0,0
BRDA:597,142,1,0
BRDA:598,143,0,0
BRDA:598,143,1,0
BRDA:598,144,0,0
BRDA:598,144,1,0
BRDA:599,145,0,0
BRDA:599,145,1,0
BRDA:599,146,0,0
BRDA:599,146,1,0
BRDA:600,147,0,0
BRDA:600,147,1,0
BRDA:606,148,0,0
BRDA:606,148,1,0
BRDA:620,149,0,0
BRDA:620,149,1,0
BRDA:625,150,0,0
BRDA:625,150,1,0
BRDA:625,151,0,0
BRDA:625,151,1,0
BRDA:632,152,0,0
BRDA:632,152,1,0
BRDA:634,153,0,0
BRDA:634,153,1,0
BRDA:635,154,0,0
BRDA:635,154,1,0
BRDA:641,155,0,0
BRDA:641,155,1,0
BRDA:643,156,0,0
BRDA:643,156,1,0
BRDA:643,157,0,0
BRDA:643,157,1,0
BRDA:654,158,0,0
BRDA:654,158,1,0
BRDA:656,159,0,0
BRDA:656,159,1,0
BRDA:659,160,0,0
BRDA:659,160,1,0
BRDA:669,161,0,0
BRDA:669,161,1,0
BRDA:670,162,0,0
BRDA:670,162,1,0
BRDA:676,163,0,0
BRDA:676,163,1,0
BRDA:676,164,0,0
BRDA:676,164,1,0
BRDA:683,165,0,0
BRDA:683,165,1,0
BRDA:683,166,0,0
BRDA:683,166,1,0
BRDA:689,167,0,0
BRDA:689,167,1,0
BRDA:690,168,0,0
BRDA:690,168,1,0
BRDA:691,169,0,0
BRDA:691,169,1,0
BRDA:691,170,0,0
BRDA:691,170,1,0
BRDA:697,171,0,0
BRDA:697,171,1,0
BRDA:699,172,0,0
BRDA:699,172,1,0
BRDA:704,173,0,0
BRDA:704,173,1,0
BRDA:707,174,0,0
BRDA:707,174,1,0
BRDA:713,175,0,0
BRDA:713,175,1,0
BRDA:714,176,0,0
BRDA:714,176,1,0
BRDA:715,177,0,0
BRDA:715,177,1,0
BRDA:720,178,0,0
BRDA:720,178,1,0
BRDA:724,179,0,0
BRDA:724,179,1,0
BRDA:731,180,0,0
BRDA:731,180,1,0
BRDA:732,181,0,0
BRDA:732,181,1,0
BRDA:740,182,0,0
BRDA:740,182,1,0
BRDA:742,183,0,0
BRDA:742,183,1,0
BRDA:742,184,0,0
BRDA:742,184,1,0
BRDA:758,185,0,0
BRDA:758,185,1,0
BRDA:758,186,0,0
BRDA:758,186,1,0
BRDA:760,187,0,0
BRDA:760,187,1,0
BRDA:760,188,0,0
BRDA:760,188,1,0
BRDA:762,189,0,0
BRDA:762,189,1,0
BRDA:762,190,0,0
BRDA:762,190,1,0
BRDA:765,191,0,0
BRDA:765,191,1,0
BRDA:768,192,0,0
BRDA:768,192,1,0
BRDA:769,193,0,0
BRDA:769,193,1,0
BRDA:772,194,0,0
BRDA:772,194,1,0
BRDA:776,195,0,0
BRDA:776,195,1,0
BRDA:778,196,0,0
BRDA:778,196,1,0
BRDA:785,197,0,0
BRDA:785,197,1,0
BRDA:790,198,0,0
BRDA:790,198,1,0
BRDA:790,199,0,0
BRDA:790,199,1,0
BRDA:805,200,0,0
BRDA:805,200,1,0
BRDA:805,201,0,0
BRDA:805,201,1,0
BRDA:830,202,0,0
BRDA:830,202,1,0
BRDA:832,203,0,0
BRDA:832,203,1,0
BRDA:832,204,0,0
BRDA:832,204,1,0
BRDA:832,204,2,0
BRDA:838,205,0,0
BRDA:838,205,1,0
BRDA:843,206,0,0
BRDA:843,206,1,0
BRDA:844,207,0,0
BRDA:844,207,1,0
BRDA:849,208,0,0
BRDA:849,208,1,0
BRDA:849,209,0,0
BRDA:849,209,1,0
BRDA:850,210,0,0
BRDA:850,210,1,0
BRDA:852,211,0,0
BRDA:852,211,1,0
BRDA:859,212,0,0
BRDA:859,212,1,0
BRDA:859,213,0,0
BRDA:859,213,1,0
BRDA:859,213,2,0
BRDA:861,214,0,0
BRDA:861,214,1,0
BRDA:862,215,0,0
BRDA:862,215,1,0
BRDA:869,216,0,0
BRDA:869,216,1,0
BRDA:876,217,0,0
BRDA:876,217,1,0
BRDA:877,218,0,0
BRDA:877,218,1,0
BRDA:878,219,0,0
BRDA:878,219,1,0
BRDA:879,220,0,0
BRDA:879,220,1,0
BRDA:884,221,0,0
BRDA:884,221,1,0
BRDA:884,222,0,0
BRDA:884,222,1,0
BRDA:888,223,0,0
BRDA:888,223,1,0
BRDA:888,224,0,0
BRDA:888,224,1,0
BRDA:893,225,0,0
BRDA:893,225,1,0
BRDA:894,226,0,0
BRDA:894,226,1,0
BRDA:895,227,0,0
BRDA:895,227,1,0
BRDA:897,228,0,0
BRDA:897,228,1,0
BRDA:899,229,0,0
BRDA:899,229,1,0
BRDA:909,230,0,0
BRDA:909,230,1,0
BRDA:909,231,0,0
BRDA:909,231,1,0
BRDA:934,232,0,0
BRDA:934,232,1,0
BRDA:934,233,0,0
BRDA:934,233,1,0
BRDA:938,234,0,0
BRDA:938,234,1,0
BRDA:938,235,0,0
BRDA:938,235,1,0
BRDA:938,235,2,0
BRDA:941,236,0,0
BRDA:941,236,1,0
BRDA:942,237,0,0
BRDA:942,237,1,0
BRDA:953,238,0,0
BRDA:953,238,1,0
BRDA:960,239,0,0
BRDA:960,239,1,0
BRDA:972,240,0,0
BRDA:972,240,1,0
BRDA:977,241,0,0
BRDA:977,241,1,0
BRDA:981,242,0,0
BRDA:981,242,1,0
BRDA:981,242,2,0
BRDA:983,243,0,0
BRDA:983,243,1,0
BRDA:994,244,0,0
BRDA:994,244,1,0
BRDA:996,245,0,0
BRDA:996,245,1,0
BRDA:1010,246,0,0
BRDA:1010,246,1,0
BRDA:1025,247,0,0
BRDA:1025,247,1,0
BRDA:1034,248,0,0
BRDA:1034,248,1,0
BRDA:1034,248,2,0
BRDA:1036,249,0,0
BRDA:1036,249,1,0
BRDA:1047,250,0,0
BRDA:1047,250,1,0
BRDA:1048,251,0,0
BRDA:1048,251,1,0
BRDA:1053,252,0,0
BRDA:1053,252,1,0
BRDA:1055,253,0,0
BRDA:1055,253,1,0
BRF:545
BRH:0
end_of_record
TN:
SF:src\pages\monitoring\components\TabNavigation.jsx
FN:7,TabNavigation
FN:10,(anonymous_1)
FN:16,(anonymous_2)
FNF:3
FNH:0
FNDA:0,TabNavigation
FNDA:0,(anonymous_1)
FNDA:0,(anonymous_2)
DA:1,1
DA:8,0
DA:11,0
DA:13,0
DA:16,0
LF:5
LH:1
BRDA:21,0,0,0
BRDA:21,0,1,0
BRF:2
BRH:0
end_of_record
TN:
SF:src\pages\monitoring\components\WeeklyProgressTable.jsx
FN:6,(anonymous_0)
FN:14,(anonymous_1)
FN:16,(anonymous_2)
FN:28,(anonymous_3)
FN:30,(anonymous_4)
FN:37,(anonymous_5)
FN:53,(anonymous_6)
FN:62,(anonymous_7)
FN:71,(anonymous_8)
FN:80,(anonymous_9)
FN:97,(anonymous_10)
FNF:11
FNH:0
FNDA:0,(anonymous_0)
FNDA:0,(anonymous_1)
FNDA:0,(anonymous_2)
FNDA:0,(anonymous_3)
FNDA:0,(anonymous_4)
FNDA:0,(anonymous_5)
FNDA:0,(anonymous_6)
FNDA:0,(anonymous_7)
FNDA:0,(anonymous_8)
FNDA:0,(anonymous_9)
FNDA:0,(anonymous_10)
DA:6,1
DA:7,0
DA:8,0
DA:9,0
DA:11,0
DA:12,0
DA:14,0
DA:15,0
DA:16,0
DA:17,0
DA:18,0
DA:19,0
DA:21,0
DA:22,0
DA:23,0
DA:25,0
DA:28,0
DA:29,0
DA:30,0
DA:32,0
DA:33,0
DA:37,0
DA:38,0
DA:39,0
DA:46,0
DA:53,0
DA:62,0
DA:71,0
DA:80,0
DA:99,0
DA:102,0
LF:31
LH:1
BRDA:6,0,0,0
BRDA:8,1,0,0
BRDA:8,1,1,0
BRDA:17,2,0,0
BRDA:17,2,1,0
BRDA:18,3,0,0
BRDA:18,3,1,0
BRDA:19,4,0,0
BRDA:19,4,1,0
BRDA:19,5,0,0
BRDA:19,5,1,0
BRDA:21,6,0,0
BRDA:21,6,1,0
BRDA:22,7,0,0
BRDA:22,7,1,0
BRDA:29,8,0,0
BRDA:29,8,1,0
BRDA:30,9,0,0
BRDA:30,9,1,0
BRDA:33,10,0,0
BRDA:33,10,1,0
BRDA:38,11,0,0
BRDA:38,11,1,0
BRDA:39,12,0,0
BRDA:39,12,1,0
BRDA:90,13,0,0
BRDA:90,13,1,0
BRDA:99,14,0,0
BRDA:99,14,1,0
BRDA:99,14,2,0
BRDA:106,15,0,0
BRDA:106,15,1,0
BRDA:126,16,0,0
BRDA:126,16,1,0
BRDA:128,17,0,0
BRDA:128,17,1,0
BRF:36
BRH:0
end_of_record
TN:
SF:src\pages\monitoring\export\pdfTable.js
FN:9,monthAbbr
FN:14,loadImage
FN:15,(anonymous_2)
FN:17,(anonymous_3)
FN:23,headerWithLogo
FN:48,currentDateStr
FN:66,resolveTeamName
FN:71,(anonymous_7)
FN:78,exportMonthlyCurrentPDF
FN:82,(anonymous_9)
FN:87,(anonymous_10)
FN:90,(anonymous_11)
FN:93,(anonymous_12)
FN:97,(anonymous_13)
FN:103,(anonymous_14)
FN:106,(anonymous_15)
FN:115,(anonymous_16)
FN:116,(anonymous_17)
FN:117,(anonymous_18)
FN:118,(anonymous_19)
FN:120,(anonymous_20)
FN:128,(anonymous_21)
FN:129,(anonymous_22)
FN:148,(anonymous_23)
FN:159,(anonymous_24)
FN:174,(anonymous_25)
FN:203,exportMonthlyYearPDF
FN:207,(anonymous_27)
FN:213,(anonymous_28)
FN:216,(anonymous_29)
FN:220,(anonymous_30)
FN:221,(anonymous_31)
FN:223,(anonymous_32)
FN:224,(anonymous_33)
FN:226,(anonymous_34)
FN:228,(anonymous_35)
FN:237,(anonymous_36)
FN:239,(anonymous_37)
FN:241,(anonymous_38)
FN:246,(anonymous_39)
FN:256,(anonymous_40)
FN:257,(anonymous_41)
FN:259,(anonymous_42)
FN:270,(anonymous_43)
FNF:44
FNH:0
FNDA:0,monthAbbr
FNDA:0,loadImage
FNDA:0,(anonymous_2)
FNDA:0,(anonymous_3)
FNDA:0,headerWithLogo
FNDA:0,currentDateStr
FNDA:0,resolveTeamName
FNDA:0,(anonymous_7)
FNDA:0,exportMonthlyCurrentPDF
FNDA:0,(anonymous_9)
FNDA:0,(anonymous_10)
FNDA:0,(anonymous_11)
FNDA:0,(anonymous_12)
FNDA:0,(anonymous_13)
FNDA:0,(anonymous_14)
FNDA:0,(anonymous_15)
FNDA:0,(anonymous_16)
FNDA:0,(anonymous_17)
FNDA:0,(anonymous_18)
FNDA:0,(anonymous_19)
FNDA:0,(anonymous_20)
FNDA:0,(anonymous_21)
FNDA:0,(anonymous_22)
FNDA:0,(anonymous_23)
FNDA:0,(anonymous_24)
FNDA:0,(anonymous_25)
FNDA:0,exportMonthlyYearPDF
FNDA:0,(anonymous_27)
FNDA:0,(anonymous_28)
FNDA:0,(anonymous_29)
FNDA:0,(anonymous_30)
FNDA:0,(anonymous_31)
FNDA:0,(anonymous_32)
FNDA:0,(anonymous_33)
FNDA:0,(anonymous_34)
FNDA:0,(anonymous_35)
FNDA:0,(anonymous_36)
FNDA:0,(anonymous_37)
FNDA:0,(anonymous_38)
FNDA:0,(anonymous_39)
FNDA:0,(anonymous_40)
FNDA:0,(anonymous_41)
FNDA:0,(anonymous_42)
FNDA:0,(anonymous_43)
DA:7,2
DA:10,0
DA:11,0
DA:15,0
DA:16,0
DA:17,0
DA:18,0
DA:19,0
DA:24,0
DA:25,0
DA:26,0
DA:27,0
DA:32,0
DA:33,0
DA:34,0
DA:35,0
DA:38,0
DA:39,0
DA:40,0
DA:41,0
DA:42,0
DA:43,0
DA:44,0
DA:50,0
DA:51,0
DA:57,0
DA:63,0
DA:67,0
DA:68,0
DA:69,0
DA:70,0
DA:71,0
DA:72,0
DA:74,0
DA:80,0
DA:82,0
DA:84,0
DA:85,0
DA:86,0
DA:87,0
DA:88,0
DA:89,0
DA:90,0
DA:93,0
DA:95,0
DA:96,0
DA:97,0
DA:98,0
DA:99,0
DA:100,0
DA:101,0
DA:103,0
DA:104,0
DA:105,0
DA:106,0
DA:107,0
DA:108,0
DA:109,0
DA:110,0
DA:113,0
DA:114,0
DA:115,0
DA:116,0
DA:117,0
DA:118,0
DA:120,0
DA:121,0
DA:122,0
DA:123,0
DA:124,0
DA:125,0
DA:127,0
DA:128,0
DA:129,0
DA:130,0
DA:131,0
DA:132,0
DA:133,0
DA:148,0
DA:151,0
DA:152,0
DA:153,0
DA:154,0
DA:159,0
DA:160,0
DA:176,0
DA:177,0
DA:179,0
DA:180,0
DA:181,0
DA:187,0
DA:188,0
DA:189,0
DA:190,0
DA:191,0
DA:192,0
DA:193,0
DA:195,0
DA:196,0
DA:199,0
DA:200,0
DA:205,0
DA:207,0
DA:209,0
DA:211,0
DA:212,0
DA:213,0
DA:214,0
DA:215,0
DA:216,0
DA:218,0
DA:219,0
DA:220,0
DA:221,0
DA:223,0
DA:224,0
DA:226,0
DA:227,0
DA:228,0
DA:229,0
DA:230,0
DA:232,0
DA:236,0
DA:237,0
DA:238,0
DA:239,0
DA:240,0
DA:241,0
DA:246,0
DA:249,0
DA:250,0
DA:251,0
DA:256,0
DA:257,0
DA:259,0
DA:262,0
DA:272,0
DA:273,0
DA:275,0
DA:276,0
DA:277,0
DA:278,0
DA:279,0
DA:285,0
DA:286,0
DA:287,0
DA:288,0
DA:289,0
DA:290,0
DA:291,0
DA:292,0
DA:293,0
DA:296,0
DA:297,0
LF:154
LH:1
BRDA:10,0,0,0
BRDA:10,0,1,0
BRDA:41,1,0,0
BRDA:41,1,1,0
BRDA:67,2,0,0
BRDA:67,2,1,0
BRDA:70,3,0,0
BRDA:70,3,1,0
BRDA:72,4,0,0
BRDA:72,4,1,0
BRDA:81,5,0,0
BRDA:81,5,1,0
BRDA:84,6,0,0
BRDA:84,6,1,0
BRDA:85,7,0,0
BRDA:85,7,1,0
BRDA:88,8,0,0
BRDA:88,8,1,0
BRDA:88,9,0,0
BRDA:88,9,1,0
BRDA:89,10,0,0
BRDA:89,10,1,0
BRDA:90,11,0,0
BRDA:90,11,1,0
BRDA:93,12,0,0
BRDA:93,12,1,0
BRDA:98,13,0,0
BRDA:98,13,1,0
BRDA:100,14,0,0
BRDA:100,14,1,0
BRDA:100,15,0,0
BRDA:100,15,1,0
BRDA:101,16,0,0
BRDA:101,16,1,0
BRDA:104,17,0,0
BRDA:104,17,1,0
BRDA:105,18,0,0
BRDA:105,18,1,0
BRDA:107,19,0,0
BRDA:107,19,1,0
BRDA:107,20,0,0
BRDA:107,20,1,0
BRDA:115,21,0,0
BRDA:115,21,1,0
BRDA:115,21,2,0
BRDA:115,21,3,0
BRDA:116,22,0,0
BRDA:116,22,1,0
BRDA:116,22,2,0
BRDA:121,23,0,0
BRDA:121,23,1,0
BRDA:122,24,0,0
BRDA:122,24,1,0
BRDA:123,25,0,0
BRDA:123,25,1,0
BRDA:124,26,0,0
BRDA:124,26,1,0
BRDA:125,27,0,0
BRDA:125,27,1,0
BRDA:127,28,0,0
BRDA:127,28,1,0
BRDA:127,29,0,0
BRDA:127,29,1,0
BRDA:131,30,0,0
BRDA:131,30,1,0
BRDA:131,31,0,0
BRDA:131,31,1,0
BRDA:136,32,0,0
BRDA:136,32,1,0
BRDA:136,32,2,0
BRDA:137,33,0,0
BRDA:137,33,1,0
BRDA:138,34,0,0
BRDA:138,34,1,0
BRDA:139,35,0,0
BRDA:139,35,1,0
BRDA:141,36,0,0
BRDA:141,36,1,0
BRDA:142,37,0,0
BRDA:142,37,1,0
BRDA:148,38,0,0
BRDA:148,38,1,0
BRDA:148,39,0,0
BRDA:148,39,1,0
BRDA:176,40,0,0
BRDA:176,40,1,0
BRDA:176,41,0,0
BRDA:176,41,1,0
BRDA:177,42,0,0
BRDA:177,42,1,0
BRDA:179,43,0,0
BRDA:179,43,1,0
BRDA:180,44,0,0
BRDA:180,44,1,0
BRDA:206,45,0,0
BRDA:206,45,1,0
BRDA:209,46,0,0
BRDA:209,46,1,0
BRDA:211,47,0,0
BRDA:211,47,1,0
BRDA:214,48,0,0
BRDA:214,48,1,0
BRDA:214,49,0,0
BRDA:214,49,1,0
BRDA:215,50,0,0
BRDA:215,50,1,0
BRDA:216,51,0,0
BRDA:216,51,1,0
BRDA:220,52,0,0
BRDA:220,52,1,0
BRDA:220,52,2,0
BRDA:220,52,3,0
BRDA:224,53,0,0
BRDA:224,53,1,0
BRDA:227,54,0,0
BRDA:227,54,1,0
BRDA:227,55,0,0
BRDA:227,55,1,0
BRDA:229,56,0,0
BRDA:229,56,1,0
BRDA:236,57,0,0
BRDA:236,57,1,0
BRDA:238,58,0,0
BRDA:238,58,1,0
BRDA:240,59,0,0
BRDA:240,59,1,0
BRDA:241,60,0,0
BRDA:241,60,1,0
BRDA:246,61,0,0
BRDA:246,61,1,0
BRDA:246,62,0,0
BRDA:246,62,1,0
BRDA:259,63,0,0
BRDA:259,63,1,0
BRDA:272,64,0,0
BRDA:272,64,1,0
BRDA:272,65,0,0
BRDA:272,65,1,0
BRDA:273,66,0,0
BRDA:273,66,1,0
BRDA:273,67,0,0
BRDA:273,67,1,0
BRDA:275,68,0,0
BRDA:275,68,1,0
BRDA:275,69,0,0
BRDA:275,69,1,0
BRDA:276,70,0,0
BRDA:276,70,1,0
BRDA:277,71,0,0
BRDA:277,71,1,0
BRDA:278,72,0,0
BRDA:278,72,1,0
BRF:152
BRH:0
end_of_record
TN:
SF:src\pages\panduan\PanduanPage.jsx
FN:19,PanduanPage
FN:36,(anonymous_1)
FN:67,(anonymous_2)
FN:68,(anonymous_3)
FN:72,(anonymous_4)
FN:77,(anonymous_5)
FN:94,(anonymous_6)
FN:108,(anonymous_7)
FN:108,(anonymous_8)
FN:142,Sidebar
FN:165,(anonymous_10)
FN:170,(anonymous_11)
FN:172,(anonymous_12)
FNF:13
FNH:5
FNDA:1,PanduanPage
FNDA:1,(anonymous_1)
FNDA:0,(anonymous_2)
FNDA:0,(anonymous_3)
FNDA:0,(anonymous_4)
FNDA:0,(anonymous_5)
FNDA:0,(anonymous_6)
FNDA:0,(anonymous_7)
FNDA:0,(anonymous_8)
FNDA:1,Sidebar
FNDA:10,(anonymous_10)
FNDA:0,(anonymous_11)
FNDA:20,(anonymous_12)
DA:6,1
DA:22,1
DA:25,1
DA:27,1
DA:32,1
DA:33,1
DA:36,1
DA:37,1
DA:38,1
DA:39,1
DA:40,1
DA:46,1
DA:48,1
DA:67,0
DA:68,0
DA:72,0
DA:78,0
DA:79,0
DA:95,0
DA:108,0
DA:143,1
DA:166,10
DA:167,10
DA:170,0
DA:172,20
LF:25
LH:17
BRDA:22,0,0,1
BRDA:22,0,1,0
BRDA:25,1,0,1
BRDA:25,1,1,0
BRDA:28,2,0,0
BRDA:28,2,1,1
BRDA:28,3,0,1
BRDA:28,3,1,1
BRDA:37,4,0,0
BRDA:37,4,1,1
BRDA:60,5,0,1
BRDA:60,5,1,0
BRDA:68,6,0,0
BRDA:68,6,1,0
BRDA:171,7,0,0
BRDA:171,7,1,10
BRDA:175,8,0,0
BRDA:175,8,1,10
BRDA:181,9,0,0
BRDA:181,9,1,10
BRDA:189,10,0,0
BRDA:189,10,1,10
BRF:22
BRH:11
end_of_record
TN:
SF:src\pages\tambahan\TugasTambahanDetailPage.jsx
FN:30,getDateFromPeriod
FN:44,TugasTambahanDetailPage
FN:61,(anonymous_2)
FN:82,(anonymous_3)
FN:93,(anonymous_4)
FN:121,(anonymous_5)
FN:143,(anonymous_6)
FN:144,(anonymous_7)
FN:149,(anonymous_8)
FN:159,(anonymous_9)
FN:161,(anonymous_10)
FN:164,(anonymous_11)
FN:172,(anonymous_12)
FN:199,(anonymous_13)
FN:203,(anonymous_14)
FN:216,(anonymous_15)
FN:255,(anonymous_16)
FN:267,(anonymous_17)
FN:280,(anonymous_18)
FN:296,(anonymous_19)
FN:300,(anonymous_20)
FN:315,(anonymous_21)
FN:321,(anonymous_22)
FN:327,(anonymous_23)
FN:347,(anonymous_24)
FN:355,(anonymous_25)
FN:358,(anonymous_26)
FN:366,(anonymous_27)
FN:381,(anonymous_28)
FN:412,(anonymous_29)
FN:619,(anonymous_30)
FN:627,(anonymous_31)
FN:645,(anonymous_32)
FN:654,(anonymous_33)
FN:659,(anonymous_34)
FN:675,(anonymous_35)
FN:691,(anonymous_36)
FN:707,(anonymous_37)
FN:713,(anonymous_38)
FN:728,(anonymous_39)
FN:741,(anonymous_40)
FN:791,(anonymous_41)
FN:808,(anonymous_42)
FN:827,(anonymous_43)
FN:830,(anonymous_44)
FN:841,(anonymous_45)
FN:868,(anonymous_46)
FN:888,(anonymous_47)
FN:902,(anonymous_48)
FNF:49
FNH:14
FNDA:0,getDateFromPeriod
FNDA:9,TugasTambahanDetailPage
FNDA:0,(anonymous_2)
FNDA:8,(anonymous_3)
FNDA:4,(anonymous_4)
FNDA:4,(anonymous_5)
FNDA:4,(anonymous_6)
FNDA:4,(anonymous_7)
FNDA:0,(anonymous_8)
FNDA:4,(anonymous_9)
FNDA:4,(anonymous_10)
FNDA:0,(anonymous_11)
FNDA:0,(anonymous_12)
FNDA:0,(anonymous_13)
FNDA:0,(anonymous_14)
FNDA:0,(anonymous_15)
FNDA:0,(anonymous_16)
FNDA:0,(anonymous_17)
FNDA:0,(anonymous_18)
FNDA:9,(anonymous_19)
FNDA:0,(anonymous_20)
FNDA:0,(anonymous_21)
FNDA:0,(anonymous_22)
FNDA:0,(anonymous_23)
FNDA:0,(anonymous_24)
FNDA:0,(anonymous_25)
FNDA:0,(anonymous_26)
FNDA:0,(anonymous_27)
FNDA:2,(anonymous_28)
FNDA:1,(anonymous_29)
FNDA:0,(anonymous_30)
FNDA:0,(anonymous_31)
FNDA:1,(anonymous_32)
FNDA:1,(anonymous_33)
FNDA:0,(anonymous_34)
FNDA:0,(anonymous_35)
FNDA:0,(anonymous_36)
FNDA:0,(anonymous_37)
FNDA:12,(anonymous_38)
FNDA:0,(anonymous_39)
FNDA:0,(anonymous_40)
FNDA:0,(anonymous_41)
FNDA:0,(anonymous_42)
FNDA:0,(anonymous_43)
FNDA:0,(anonymous_44)
FNDA:0,(anonymous_45)
FNDA:0,(anonymous_46)
FNDA:0,(anonymous_47)
FNDA:0,(anonymous_48)
DA:32,0
DA:33,0
DA:34,0
DA:35,0
DA:36,0
DA:37,0
DA:38,0
DA:39,0
DA:40,0
DA:41,0
DA:45,9
DA:46,9
DA:47,9
DA:48,9
DA:50,9
DA:53,9
DA:55,9
DA:56,9
DA:57,9
DA:58,9
DA:60,9
DA:61,0
DA:62,9
DA:63,9
DA:71,9
DA:72,9
DA:80,9
DA:82,9
DA:83,8
DA:84,4
DA:85,4
DA:92,9
DA:94,4
DA:95,3
DA:96,3
DA:98,1
DA:101,1
DA:102,0
DA:104,1
DA:108,1
DA:110,0
DA:111,0
DA:112,0
DA:114,0
DA:115,0
DA:121,9
DA:122,4
DA:123,4
DA:124,4
DA:126,4
DA:127,4
DA:129,4
DA:130,4
DA:139,0
DA:143,9
DA:144,4
DA:145,4
DA:146,4
DA:147,4
DA:149,0
DA:153,0
DA:156,4
DA:159,9
DA:160,4
DA:161,4
DA:164,9
DA:165,0
DA:166,0
DA:167,0
DA:168,0
DA:172,9
DA:173,0
DA:174,0
DA:182,0
DA:183,0
DA:185,0
DA:190,0
DA:191,0
DA:192,0
DA:193,0
DA:195,0
DA:199,9
DA:200,0
DA:203,9
DA:204,0
DA:212,0
DA:213,0
DA:216,9
DA:217,0
DA:218,0
DA:219,0
DA:220,0
DA:221,0
DA:222,0
DA:224,0
DA:225,0
DA:226,0
DA:228,0
DA:235,0
DA:236,0
DA:239,0
DA:240,0
DA:246,0
DA:247,0
DA:249,0
DA:252,0
DA:253,0
DA:255,0
DA:256,0
DA:257,0
DA:258,0
DA:261,0
DA:263,0
DA:267,9
DA:268,0
DA:277,0
DA:280,9
DA:281,0
DA:282,0
DA:283,0
DA:284,0
DA:287,0
DA:288,0
DA:289,0
DA:290,0
DA:292,0
DA:296,9
DA:297,9
DA:300,0
DA:315,0
DA:321,0
DA:328,0
DA:347,0
DA:351,9
DA:352,5
DA:356,0
DA:358,0
DA:366,0
DA:378,9
DA:381,9
DA:382,2
DA:383,2
DA:384,2
DA:385,2
DA:386,1
DA:390,1
DA:391,1
DA:393,0
DA:398,9
DA:399,4
DA:405,5
DA:412,1
DA:619,0
DA:627,0
DA:645,1
DA:654,1
DA:660,0
DA:675,0
DA:692,0
DA:708,0
DA:714,12
DA:729,0
DA:742,0
DA:743,0
DA:792,0
DA:809,0
DA:828,0
DA:830,0
DA:842,0
DA:869,0
DA:889,0
DA:903,0
DA:908,0
LF:173
LH:72
BRDA:50,0,0,9
BRDA:50,0,1,9
BRDA:53,1,0,9
BRDA:53,1,1,9
BRDA:60,2,0,9
BRDA:60,2,1,5
BRDA:83,3,0,4
BRDA:83,3,1,4
BRDA:94,4,0,3
BRDA:94,4,1,1
BRDA:101,5,0,0
BRDA:101,5,1,1
BRDA:108,6,0,1
BRDA:108,6,1,1
BRDA:110,7,0,0
BRDA:110,7,1,0
BRDA:126,8,0,4
BRDA:126,8,1,3
BRDA:129,9,0,4
BRDA:129,9,1,0
BRDA:131,10,0,1
BRDA:131,10,1,3
BRDA:133,11,0,4
BRDA:133,11,1,2
BRDA:134,12,0,4
BRDA:134,12,1,0
BRDA:149,13,0,0
BRDA:149,13,1,0
BRDA:165,14,0,0
BRDA:165,14,1,0
BRDA:167,15,0,0
BRDA:167,15,1,0
BRDA:174,16,0,0
BRDA:174,16,1,0
BRDA:175,17,0,0
BRDA:175,17,1,0
BRDA:175,17,2,0
BRDA:175,17,3,0
BRDA:175,17,4,0
BRDA:175,17,5,0
BRDA:217,18,0,0
BRDA:217,18,1,0
BRDA:220,19,0,0
BRDA:220,19,1,0
BRDA:224,20,0,0
BRDA:224,20,1,0
BRDA:228,21,0,0
BRDA:228,21,1,0
BRDA:229,22,0,0
BRDA:229,22,1,0
BRDA:229,22,2,0
BRDA:232,23,0,0
BRDA:232,23,1,0
BRDA:242,24,0,0
BRDA:242,24,1,0
BRDA:243,25,0,0
BRDA:243,25,1,0
BRDA:246,26,0,0
BRDA:246,26,1,0
BRDA:271,27,0,0
BRDA:271,27,1,0
BRDA:272,28,0,0
BRDA:272,28,1,0
BRDA:274,29,0,0
BRDA:274,29,1,0
BRDA:275,30,0,0
BRDA:275,30,1,0
BRDA:282,31,0,0
BRDA:282,31,1,0
BRDA:328,32,0,0
BRDA:328,32,1,0
BRDA:347,33,0,0
BRDA:347,33,1,0
BRDA:351,34,0,5
BRDA:351,34,1,4
BRDA:383,35,0,0
BRDA:383,35,1,2
BRDA:390,36,0,1
BRDA:390,36,1,0
BRDA:398,37,0,4
BRDA:398,37,1,5
BRDA:409,38,0,5
BRDA:409,38,1,5
BRDA:409,38,2,4
BRDA:425,39,0,4
BRDA:425,39,1,1
BRDA:479,40,0,4
BRDA:479,40,1,2
BRDA:506,41,0,4
BRDA:506,41,1,0
BRDA:530,42,0,4
BRDA:530,42,1,4
BRDA:580,43,0,4
BRDA:580,43,1,1
BRDA:587,44,0,1
BRDA:587,44,1,0
BRDA:592,45,0,4
BRDA:592,45,1,1
BRDA:624,46,0,1
BRDA:624,46,1,0
BRDA:650,47,0,1
BRDA:650,47,1,0
BRDA:660,48,0,0
BRDA:660,48,1,0
BRDA:663,49,0,1
BRDA:663,49,1,0
BRDA:694,50,0,0
BRDA:694,50,1,0
BRDA:731,51,0,0
BRDA:731,51,1,0
BRDA:743,52,0,0
BRDA:743,52,1,0
BRDA:755,53,0,5
BRDA:755,53,1,5
BRDA:774,54,0,5
BRDA:774,54,1,0
BRDA:779,55,0,0
BRDA:779,55,1,0
BRDA:858,56,0,0
BRDA:858,56,1,0
BRDA:858,56,2,0
BRDA:904,57,0,0
BRDA:904,57,1,0
BRDA:908,58,0,0
BRDA:908,58,1,0
BRF:125
BRH:48
end_of_record
TN:
SF:src\pages\tambahan\TugasTambahanPage.jsx
FN:29,sortTambahan
FN:30,(anonymous_1)
FN:43,(anonymous_2)
FN:45,getDateFromPeriod
FN:60,TugasTambahanPage
FN:89,(anonymous_5)
FN:95,(anonymous_6)
FN:117,(anonymous_7)
FN:138,(anonymous_8)
FN:148,(anonymous_9)
FN:152,(anonymous_10)
FN:164,(anonymous_11)
FN:169,(anonymous_12)
FN:184,(anonymous_13)
FN:189,(anonymous_14)
FN:209,(anonymous_15)
FN:223,(anonymous_16)
FN:227,(anonymous_17)
FN:228,(anonymous_18)
FN:257,(anonymous_19)
FN:260,(anonymous_20)
FN:264,(anonymous_21)
FN:265,(anonymous_22)
FN:266,(anonymous_23)
FN:267,(anonymous_24)
FN:274,(anonymous_25)
FN:280,(anonymous_26)
FN:282,(anonymous_27)
FN:302,(anonymous_28)
FN:311,(anonymous_29)
FN:317,(anonymous_30)
FN:327,(anonymous_31)
FN:331,(anonymous_32)
FN:338,(anonymous_33)
FN:342,(anonymous_34)
FN:380,(anonymous_35)
FN:404,(anonymous_36)
FN:415,(anonymous_37)
FN:416,(anonymous_38)
FN:432,(anonymous_39)
FN:442,(anonymous_40)
FN:458,(anonymous_41)
FN:479,(anonymous_42)
FN:492,(anonymous_43)
FN:498,(anonymous_44)
FN:513,(anonymous_45)
FNF:46
FNH:10
FNDA:3,sortTambahan
FNDA:0,(anonymous_1)
FNDA:8,(anonymous_2)
FNDA:0,getDateFromPeriod
FNDA:8,TugasTambahanPage
FNDA:3,(anonymous_5)
FNDA:0,(anonymous_6)
FNDA:3,(anonymous_7)
FNDA:1,(anonymous_8)
FNDA:3,(anonymous_9)
FNDA:3,(anonymous_10)
FNDA:0,(anonymous_11)
FNDA:0,(anonymous_12)
FNDA:0,(anonymous_13)
FNDA:0,(anonymous_14)
FNDA:0,(anonymous_15)
FNDA:0,(anonymous_16)
FNDA:5,(anonymous_17)
FNDA:0,(anonymous_18)
FNDA:3,(anonymous_19)
FNDA:0,(anonymous_20)
FNDA:0,(anonymous_21)
FNDA:0,(anonymous_22)
FNDA:0,(anonymous_23)
FNDA:0,(anonymous_24)
FNDA:0,(anonymous_25)
FNDA:0,(anonymous_26)
FNDA:0,(anonymous_27)
FNDA:0,(anonymous_28)
FNDA:0,(anonymous_29)
FNDA:0,(anonymous_30)
FNDA:0,(anonymous_31)
FNDA:0,(anonymous_32)
FNDA:0,(anonymous_33)
FNDA:0,(anonymous_34)
FNDA:0,(anonymous_35)
FNDA:0,(anonymous_36)
FNDA:0,(anonymous_37)
FNDA:0,(anonymous_38)
FNDA:0,(anonymous_39)
FNDA:0,(anonymous_40)
FNDA:0,(anonymous_41)
FNDA:0,(anonymous_42)
FNDA:0,(anonymous_43)
FNDA:0,(anonymous_44)
FNDA:0,(anonymous_45)
DA:30,3
DA:31,0
DA:32,0
DA:33,0
DA:34,0
DA:35,0
DA:36,0
DA:37,0
DA:38,0
DA:39,0
DA:43,8
DA:47,0
DA:48,0
DA:49,0
DA:50,0
DA:51,0
DA:52,0
DA:53,0
DA:54,0
DA:55,0
DA:57,0
DA:61,8
DA:62,8
DA:63,8
DA:64,8
DA:65,8
DA:66,8
DA:67,8
DA:77,8
DA:78,8
DA:79,8
DA:81,8
DA:82,8
DA:83,8
DA:84,8
DA:85,8
DA:86,8
DA:87,8
DA:89,8
DA:90,3
DA:91,1
DA:92,1
DA:95,8
DA:96,0
DA:97,0
DA:98,0
DA:100,0
DA:103,0
DA:104,0
DA:106,0
DA:110,0
DA:112,0
DA:113,0
DA:117,8
DA:118,3
DA:119,3
DA:120,3
DA:121,3
DA:123,3
DA:127,3
DA:134,3
DA:135,3
DA:136,3
DA:138,1
DA:142,0
DA:144,3
DA:148,8
DA:149,3
DA:152,8
DA:153,3
DA:154,3
DA:155,3
DA:156,3
DA:158,0
DA:159,0
DA:160,0
DA:161,0
DA:162,0
DA:163,0
DA:164,0
DA:165,0
DA:166,0
DA:169,8
DA:170,0
DA:180,0
DA:181,0
DA:184,8
DA:185,0
DA:186,0
DA:189,8
DA:190,0
DA:198,0
DA:199,0
DA:201,0
DA:202,0
DA:203,0
DA:204,0
DA:205,0
DA:206,0
DA:207,0
DA:208,0
DA:209,0
DA:210,0
DA:212,0
DA:213,0
DA:214,0
DA:215,0
DA:217,0
DA:219,0
DA:223,8
DA:224,0
DA:227,8
DA:228,5
DA:229,0
DA:232,0
DA:233,0
DA:234,0
DA:235,0
DA:236,0
DA:239,0
DA:242,0
DA:243,0
DA:244,0
DA:245,0
DA:246,0
DA:248,0
DA:256,8
DA:257,3
DA:260,0
DA:264,0
DA:265,0
DA:266,0
DA:268,0
DA:269,0
DA:274,0
DA:281,0
DA:282,0
DA:296,8
DA:302,0
DA:312,0
DA:318,0
DA:328,0
DA:329,0
DA:332,0
DA:333,0
DA:338,0
DA:343,0
DA:380,0
DA:405,0
DA:406,0
DA:407,0
DA:415,0
DA:417,0
DA:433,0
DA:443,0
DA:459,0
DA:480,0
DA:493,0
DA:499,0
DA:514,0
LF:160
LH:52
BRDA:31,0,0,0
BRDA:31,0,1,0
BRDA:31,1,0,0
BRDA:31,1,1,0
BRDA:32,2,0,0
BRDA:32,2,1,0
BRDA:32,3,0,0
BRDA:32,3,1,0
BRDA:34,4,0,0
BRDA:34,4,1,0
BRDA:35,5,0,0
BRDA:35,5,1,0
BRDA:36,6,0,0
BRDA:36,6,1,0
BRDA:37,7,0,0
BRDA:37,7,1,0
BRDA:37,8,0,0
BRDA:37,8,1,0
BRDA:38,9,0,0
BRDA:38,9,1,0
BRDA:38,10,0,0
BRDA:38,10,1,0
BRDA:90,11,0,1
BRDA:90,11,1,2
BRDA:96,12,0,0
BRDA:96,12,1,0
BRDA:103,13,0,0
BRDA:103,13,1,0
BRDA:110,14,0,0
BRDA:110,14,1,0
BRDA:121,15,0,0
BRDA:121,15,1,3
BRDA:123,16,0,0
BRDA:123,16,1,3
BRDA:123,17,0,3
BRDA:123,17,1,3
BRDA:129,18,0,0
BRDA:129,18,1,3
BRDA:129,19,0,3
BRDA:129,19,1,3
BRDA:135,20,0,3
BRDA:135,20,1,3
BRDA:138,21,0,1
BRDA:138,21,1,1
BRDA:153,22,0,3
BRDA:153,22,1,0
BRDA:153,23,0,3
BRDA:153,23,1,0
BRDA:166,24,0,0
BRDA:166,24,1,0
BRDA:166,25,0,0
BRDA:166,25,1,0
BRDA:186,26,0,0
BRDA:186,26,1,0
BRDA:190,27,0,0
BRDA:190,27,1,0
BRDA:191,28,0,0
BRDA:191,28,1,0
BRDA:191,28,2,0
BRDA:191,28,3,0
BRDA:191,28,4,0
BRDA:191,28,5,0
BRDA:210,29,0,0
BRDA:210,29,1,0
BRDA:210,30,0,0
BRDA:210,30,1,0
BRDA:230,31,0,0
BRDA:230,31,1,0
BRDA:236,32,0,0
BRDA:236,32,1,0
BRDA:239,33,0,0
BRDA:239,33,1,0
BRDA:242,34,0,0
BRDA:242,34,1,0
BRDA:244,35,0,0
BRDA:244,35,1,0
BRDA:244,36,0,0
BRDA:244,36,1,0
BRDA:244,36,2,0
BRDA:249,37,0,0
BRDA:249,37,1,0
BRDA:249,37,2,0
BRDA:249,37,3,0
BRDA:249,37,4,0
BRDA:264,38,0,0
BRDA:264,38,1,0
BRDA:265,39,0,0
BRDA:265,39,1,0
BRDA:308,40,0,8
BRDA:308,40,1,0
BRDA:348,41,0,8
BRDA:348,41,1,8
BRDA:358,42,0,6
BRDA:358,42,1,2
BRDA:360,43,0,2
BRDA:360,43,1,0
BRDA:363,44,0,2
BRDA:363,44,1,0
BRDA:378,45,0,8
BRDA:378,45,1,8
BRDA:378,45,2,0
BRDA:435,46,0,0
BRDA:435,46,1,0
BRDA:440,47,0,0
BRDA:440,47,1,0
BRF:105
BRH:24
end_of_record
TN:
SF:src\routes\AppRoutes.jsx
FN:8,(anonymous_0)
FN:9,(anonymous_1)
FN:10,(anonymous_2)
FN:11,(anonymous_3)
FN:12,(anonymous_4)
FN:13,(anonymous_5)
FN:16,(anonymous_6)
FN:19,(anonymous_7)
FN:22,(anonymous_8)
FN:25,(anonymous_9)
FN:28,(anonymous_10)
FN:31,(anonymous_11)
FN:34,(anonymous_12)
FN:37,(anonymous_13)
FN:40,(anonymous_14)
FN:41,(anonymous_15)
FN:43,PrivateRoute
FN:51,RoleRoute
FN:64,AppRoutes
FNF:19
FNH:2
FNDA:1,(anonymous_0)
FNDA:0,(anonymous_1)
FNDA:0,(anonymous_2)
FNDA:0,(anonymous_3)
FNDA:0,(anonymous_4)
FNDA:0,(anonymous_5)
FNDA:0,(anonymous_6)
FNDA:0,(anonymous_7)
FNDA:0,(anonymous_8)
FNDA:0,(anonymous_9)
FNDA:0,(anonymous_10)
FNDA:0,(anonymous_11)
FNDA:0,(anonymous_12)
FNDA:0,(anonymous_13)
FNDA:0,(anonymous_14)
FNDA:0,(anonymous_15)
FNDA:0,PrivateRoute
FNDA:0,RoleRoute
FNDA:1,AppRoutes
DA:8,1
DA:9,1
DA:10,1
DA:11,1
DA:12,1
DA:13,1
DA:14,0
DA:16,1
DA:17,0
DA:19,1
DA:20,0
DA:22,1
DA:23,0
DA:25,1
DA:26,0
DA:28,1
DA:29,0
DA:31,1
DA:32,0
DA:34,1
DA:35,0
DA:37,1
DA:38,0
DA:40,1
DA:41,1
DA:44,0
DA:45,0
DA:46,0
DA:48,0
DA:52,0
DA:53,0
DA:54,0
DA:61,0
DA:65,1
DA:67,1
LF:35
LH:18
BRDA:45,0,0,0
BRDA:45,0,1,0
BRDA:53,1,0,0
BRDA:53,1,1,0
BRDA:53,2,0,0
BRDA:53,2,1,0
BRDA:56,3,0,0
BRDA:56,3,1,0
BRDA:75,4,0,0
BRDA:75,4,1,1
BRF:10
BRH:1
end_of_record
TN:
SF:src\theme\useTheme.jsx
FN:6,ThemeProvider
FN:7,(anonymous_1)
FN:15,(anonymous_2)
FN:22,(anonymous_3)
FN:22,(anonymous_4)
FN:25,(anonymous_5)
FN:32,useTheme
FNF:7
FNH:0
FNDA:0,ThemeProvider
FNDA:0,(anonymous_1)
FNDA:0,(anonymous_2)
FNDA:0,(anonymous_3)
FNDA:0,(anonymous_4)
FNDA:0,(anonymous_5)
FNDA:0,useTheme
DA:4,2
DA:7,0
DA:8,0
DA:9,0
DA:10,0
DA:15,0
DA:16,0
DA:17,0
DA:18,0
DA:19,0
DA:22,0
DA:24,0
DA:25,0
DA:29,0
DA:33,0
LF:15
LH:1
BRDA:9,0,0,0
BRDA:9,0,1,0
BRDA:10,1,0,0
BRDA:10,1,1,0
BRDA:22,2,0,0
BRDA:22,2,1,0
BRF:6
BRH:0
end_of_record
TN:
SF:src\utils\alerts.js
FN:5,(anonymous_0)
FN:9,(anonymous_1)
FN:11,(anonymous_2)
FN:13,(anonymous_3)
FN:15,(anonymous_4)
FN:22,(anonymous_5)
FN:28,(anonymous_6)
FNF:7
FNH:0
FNDA:0,(anonymous_0)
FNDA:0,(anonymous_1)
FNDA:0,(anonymous_2)
FNDA:0,(anonymous_3)
FNDA:0,(anonymous_4)
FNDA:0,(anonymous_5)
FNDA:0,(anonymous_6)
DA:5,5
DA:6,0
DA:9,5
DA:11,5
DA:13,5
DA:15,5
DA:16,0
DA:22,5
DA:23,0
DA:28,5
DA:30,0
DA:36,0
LF:12
LH:7
BRDA:6,0,0,0
BRDA:6,0,1,0
BRDA:9,1,0,0
BRDA:11,2,0,0
BRDA:13,3,0,0
BRDA:15,4,0,0
BRDA:22,5,0,0
BRDA:28,6,0,0
BRDA:30,7,0,0
BRDA:30,7,1,0
BRDA:32,8,0,0
BRDA:32,8,1,0
BRDA:33,9,0,0
BRDA:33,9,1,0
BRF:14
BRH:0
end_of_record
TN:
SF:src\utils\camelizeKeys.js
FN:1,toCamel
FN:2,(anonymous_1)
FN:5,camelizeKeys
FN:10,(anonymous_3)
FNF:4
FNH:0
FNDA:0,toCamel
FNDA:0,(anonymous_1)
FNDA:0,camelizeKeys
FNDA:0,(anonymous_3)
DA:2,0
DA:6,0
DA:7,0
DA:9,0
DA:10,0
DA:11,0
DA:12,0
DA:15,0
LF:8
LH:0
BRDA:2,0,0,0
BRDA:2,0,1,0
BRDA:6,1,0,0
BRDA:6,1,1,0
BRDA:9,2,0,0
BRDA:9,2,1,0
BRDA:9,3,0,0
BRDA:9,3,1,0
BRDA:9,3,2,0
BRF:9
BRH:0
end_of_record
TN:
SF:src\utils\confirmAlert.js
FN:14,confirmAlert
FNF:1
FNH:0
FNDA:0,confirmAlert
DA:3,6
DA:15,0
LF:2
LH:1
BRDA:14,0,0,0
BRF:1
BRH:0
end_of_record
TN:
SF:src\utils\dateUtils.js
FN:1,getWeekOfMonth
FNF:1
FNH:1
FNDA:16,getWeekOfMonth
DA:2,16
DA:3,16
DA:4,16
LF:3
LH:3
BRF:0
BRH:0
end_of_record
TN:
SF:src\utils\dayjs.js
FNF:0
FNH:0
DA:7,4
DA:8,4
DA:9,4
DA:10,4
DA:12,4
LF:5
LH:5
BRF:0
BRH:0
end_of_record
TN:
SF:src\utils\exportFileName.js
FN:9,exportFileName
FNF:1
FNH:0
FNDA:0,exportFileName
DA:10,0
DA:11,0
DA:12,0
DA:13,0
DA:14,0
DA:15,0
DA:18,0
DA:21,0
DA:23,0
DA:25,0
LF:10
LH:0
BRDA:18,0,0,0
BRDA:18,0,1,0
BRDA:18,1,0,0
BRDA:18,1,1,0
BRDA:18,1,2,0
BRDA:23,2,0,0
BRDA:23,2,1,0
BRF:7
BRH:0
end_of_record
TN:
SF:src\utils\formatDate.js
FN:3,formatDate
FNF:1
FNH:1
FNDA:1,formatDate
DA:4,1
DA:5,1
DA:6,1
DA:8,0
DA:10,1
DA:11,1
LF:6
LH:5
BRDA:3,0,0,0
BRDA:4,1,0,0
BRDA:4,1,1,1
BRDA:6,2,0,0
BRDA:6,2,1,1
BRF:5
BRH:2
end_of_record
TN:
SF:src\utils\holidays.js
FN:1,(anonymous_0)
FNF:1
FNH:1
FNDA:10,(anonymous_0)
DA:1,10
LF:1
LH:1
BRF:0
BRH:0
end_of_record
TN:
SF:src\utils\months.js
FNF:0
FNH:0
DA:1,6
LF:1
LH:1
BRF:0
BRH:0
end_of_record
TN:
SF:src\utils\progressColor.js
FN:1,colorFor
FN:7,getProgressColor
FNF:2
FNH:0
FNDA:0,colorFor
FNDA:0,getProgressColor
DA:2,0
DA:3,0
DA:4,0
DA:8,0
DA:9,0
LF:5
LH:0
BRDA:2,0,0,0
BRDA:2,0,1,0
BRDA:3,1,0,0
BRDA:3,1,1,0
BRDA:9,2,0,0
BRDA:9,2,1,0
BRDA:11,3,0,0
BRDA:11,3,1,0
BRF:8
BRH:0
end_of_record
TN:
SF:src\utils\roles.js
FNF:0
FNH:0
DA:1,8
LF:1
LH:1
BRF:0
BRH:0
end_of_record
TN:
SF:src\utils\selectStyles.js
FN:2,(anonymous_0)
FN:16,(anonymous_1)
FN:22,(anonymous_2)
FN:28,(anonymous_3)
FN:46,(anonymous_4)
FN:52,(anonymous_5)
FN:58,(anonymous_6)
FN:64,(anonymous_7)
FN:76,(anonymous_8)
FN:81,(anonymous_9)
FNF:10
FNH:4
FNDA:2,(anonymous_0)
FNDA:2,(anonymous_1)
FNDA:0,(anonymous_2)
FNDA:0,(anonymous_3)
FNDA:2,(anonymous_4)
FNDA:0,(anonymous_5)
FNDA:0,(anonymous_6)
FNDA:0,(anonymous_7)
FNDA:2,(anonymous_8)
FNDA:0,(anonymous_9)
DA:1,1
DA:2,2
DA:16,2
DA:22,0
DA:28,0
DA:46,2
DA:52,0
DA:58,0
DA:64,0
DA:76,2
DA:81,0
LF:11
LH:5
BRDA:4,0,0,0
BRDA:4,0,1,2
BRDA:8,1,0,0
BRDA:8,1,1,2
BRDA:14,2,0,0
BRDA:14,2,1,2
BRDA:18,3,0,0
BRDA:18,3,1,2
BRDA:24,4,0,0
BRDA:24,4,1,0
BRDA:30,5,0,0
BRDA:30,5,1,0
BRDA:31,6,0,0
BRDA:31,6,1,0
BRDA:34,7,0,0
BRDA:34,7,1,0
BRDA:37,8,0,0
BRDA:37,8,1,0
BRDA:41,9,0,0
BRDA:41,9,1,0
BRDA:48,10,0,0
BRDA:48,10,1,2
BRDA:54,11,0,0
BRDA:54,11,1,0
BRDA:60,12,0,0
BRDA:60,12,1,0
BRDA:66,13,0,0
BRDA:66,13,1,0
BRDA:70,14,0,0
BRDA:70,14,1,0
BRF:30
BRH:5
end_of_record
TN:
SF:src\utils\status.js
FN:13,formatStatus
FNF:1
FNH:1
FNDA:4,formatStatus
DA:1,4
DA:7,4
DA:14,4
LF:3
LH:3
BRDA:14,0,0,4
BRDA:14,0,1,4
BRF:2
BRH:2
end_of_record
